#
# There is insufficient memory for the Java Runtime Environment to continue.
# Native memory allocation (malloc) failed to allocate 2074352 bytes. Error detail: Chunk::new
# Possible reasons:
#   The system is out of physical RAM or swap space
#   This process is running with CompressedOops enabled, and the Java Heap may be blocking the growth of the native heap
# Possible solutions:
#   Reduce memory load on the system
#   Increase physical memory or swap space
#   Check if swap backing store is full
#   Decrease Java heap size (-Xmx/-Xms)
#   Decrease number of Java threads
#   Decrease Java thread stack sizes (-Xss)
#   Set larger code cache with -XX:ReservedCodeCacheSize=
#   JVM is running with Zero Based Compressed Oops mode in which the Java heap is
#     placed in the first 32GB address space. The Java Heap base address is the
#     maximum limit for the native heap growth. Please use -XX:HeapBaseMinAddress
#     to set the Java Heap base and to place the Java Heap above 32GB virtual address.
# This output file may be truncated or incomplete.
#
#  Out of Memory Error (arena.cpp:191), pid=10336, tid=10804
#
# JRE version: OpenJDK Runtime Environment Temurin-17.0.12+7 (17.0.12+7) (build 17.0.12+7)
# Java VM: OpenJDK 64-Bit Server VM Temurin-17.0.12+7 (17.0.12+7, mixed mode, tiered, compressed oops, compressed class ptrs, g1 gc, windows-amd64)
# No core dump will be written. Minidumps are not enabled by default on client versions of Windows
#

---------------  S U M M A R Y ------------

Command Line: -XX:+HeapDumpOnOutOfMemoryError --add-opens=java.base/java.util=ALL-UNNAMED --add-opens=java.base/java.lang=ALL-UNNAMED --add-opens=java.base/java.lang.invoke=ALL-UNNAMED --add-opens=java.prefs/java.util.prefs=ALL-UNNAMED --add-opens=java.base/java.nio.charset=ALL-UNNAMED --add-opens=java.base/java.net=ALL-UNNAMED --add-opens=java.base/java.util.concurrent.atomic=ALL-UNNAMED -Xmx4G -Dfile.encoding=utf8 -Duser.country=US -Duser.language=en -Duser.variant org.gradle.launcher.daemon.bootstrap.GradleDaemon 7.6.3

Host: Intel(R) Core(TM) i5-10210U CPU @ 1.60GHz, 8 cores, 11G,  Windows 11 , 64 bit Build 22621 (10.0.22621.3958)
Time: Mon Sep 23 03:11:50 2024 Pacific Daylight Time elapsed time: 16.847452 seconds (0d 0h 0m 16s)

---------------  T H R E A D  ---------------

Current thread (0x000001ff39231aa0):  JavaThread "C2 CompilerThread0" daemon [_thread_in_native, id=10804, stack(0x000000cb9f400000,0x000000cb9f500000)]


Current CompileTask:
C2:  16847 4861   !   4       java.lang.ClassLoader::loadClass (121 bytes)

Stack: [0x000000cb9f400000,0x000000cb9f500000]
Native frames: (J=compiled Java code, j=interpreted, Vv=VM code, C=native code)
V  [jvm.dll+0x67f929]
V  [jvm.dll+0x8371ba]
V  [jvm.dll+0x838c7e]
V  [jvm.dll+0x8392e3]
V  [jvm.dll+0x24834f]
V  [jvm.dll+0xac9d4]
V  [jvm.dll+0xad01c]
V  [jvm.dll+0x3674a7]
V  [jvm.dll+0x1bd562]
V  [jvm.dll+0x21aa09]
V  [jvm.dll+0x219cf1]
V  [jvm.dll+0x1a58bd]
V  [jvm.dll+0x229a2d]
V  [jvm.dll+0x227bdc]
V  [jvm.dll+0x7ec1f7]
V  [jvm.dll+0x7e65dc]
V  [jvm.dll+0x67e7f7]
C  [ucrtbase.dll+0x29333]
C  [KERNEL32.DLL+0x1257d]
C  [ntdll.dll+0x5af28]


---------------  P R O C E S S  ---------------

Threads class SMR info:
_java_thread_list=0x000001ff3ec53b00, length=44, elements={
0x000001ff18fdacc0, 0x000001ff391fe380, 0x000001ff391ff110, 0x000001ff3922b260,
0x000001ff3922dc40, 0x000001ff39230520, 0x000001ff39230df0, 0x000001ff39231aa0,
0x000001ff39232460, 0x000001ff392a71d0, 0x000001ff3939ce50, 0x000001ff3939d330,
0x000001ff3eaa95b0, 0x000001ff3e5ed130, 0x000001ff3e652770, 0x000001ff3eae6020,
0x000001ff3f19fb70, 0x000001ff3e536e10, 0x000001ff3e534fb0, 0x000001ff3e534080,
0x000001ff3e5359d0, 0x000001ff3e5354c0, 0x000001ff3e534590, 0x000001ff3e535ee0,
0x000001ff3e534aa0, 0x000001ff3e5363f0, 0x000001ff3e536900, 0x000001ff3e537830,
0x000001ff3fa6ba80, 0x000001ff3fa6b060, 0x000001ff3fa6f230, 0x000001ff3fa70160,
0x000001ff3fa6d3d0, 0x000001ff3fa6cec0, 0x000001ff3fa71fc0, 0x000001ff3f3479d0,
0x000001ff3efa8ad0, 0x000001ff3fa6b570, 0x000001ff3fa71ab0, 0x000001ff3fa6c4a0,
0x000001ff3fa724d0, 0x000001ff3fa6fc50, 0x000001ff3fa6ddf0, 0x000001ff3fa6e810
}

Java Threads: ( => current thread )
  0x000001ff18fdacc0 JavaThread "main" [_thread_blocked, id=15300, stack(0x000000cb9e700000,0x000000cb9e800000)]
  0x000001ff391fe380 JavaThread "Reference Handler" daemon [_thread_blocked, id=12172, stack(0x000000cb9ee00000,0x000000cb9ef00000)]
  0x000001ff391ff110 JavaThread "Finalizer" daemon [_thread_blocked, id=6880, stack(0x000000cb9ef00000,0x000000cb9f000000)]
  0x000001ff3922b260 JavaThread "Signal Dispatcher" daemon [_thread_blocked, id=9344, stack(0x000000cb9f000000,0x000000cb9f100000)]
  0x000001ff3922dc40 JavaThread "Attach Listener" daemon [_thread_blocked, id=6028, stack(0x000000cb9f100000,0x000000cb9f200000)]
  0x000001ff39230520 JavaThread "Service Thread" daemon [_thread_blocked, id=7292, stack(0x000000cb9f200000,0x000000cb9f300000)]
  0x000001ff39230df0 JavaThread "Monitor Deflation Thread" daemon [_thread_blocked, id=9544, stack(0x000000cb9f300000,0x000000cb9f400000)]
=>0x000001ff39231aa0 JavaThread "C2 CompilerThread0" daemon [_thread_in_native, id=10804, stack(0x000000cb9f400000,0x000000cb9f500000)]
  0x000001ff39232460 JavaThread "C1 CompilerThread0" daemon [_thread_blocked, id=3112, stack(0x000000cb9f500000,0x000000cb9f600000)]
  0x000001ff392a71d0 JavaThread "Sweeper thread" daemon [_thread_blocked, id=7224, stack(0x000000cb9f600000,0x000000cb9f700000)]
  0x000001ff3939ce50 JavaThread "Common-Cleaner" daemon [_thread_blocked, id=7788, stack(0x000000cb9f700000,0x000000cb9f800000)]
  0x000001ff3939d330 JavaThread "Notification Thread" daemon [_thread_blocked, id=3428, stack(0x000000cb9f800000,0x000000cb9f900000)]
  0x000001ff3eaa95b0 JavaThread "Daemon health stats" [_thread_blocked, id=2352, stack(0x000000cb9ff00000,0x000000cba0000000)]
  0x000001ff3e5ed130 JavaThread "Incoming local TCP Connector on port 51827" [_thread_in_native, id=13480, stack(0x000000cb9fe00000,0x000000cb9ff00000)]
  0x000001ff3e652770 JavaThread "Daemon periodic checks" [_thread_blocked, id=1432, stack(0x000000cba0000000,0x000000cba0100000)]
  0x000001ff3eae6020 JavaThread "Daemon" [_thread_blocked, id=14344, stack(0x000000cba0100000,0x000000cba0200000)]
  0x000001ff3f19fb70 JavaThread "Handler for socket connection from /127.0.0.1:51827 to /127.0.0.1:51830" [_thread_in_native, id=9704, stack(0x000000cba0200000,0x000000cba0300000)]
  0x000001ff3e536e10 JavaThread "Cancel handler" [_thread_blocked, id=1852, stack(0x000000cba0300000,0x000000cba0400000)]
  0x000001ff3e534fb0 JavaThread "Daemon worker" [_thread_in_native, id=12300, stack(0x000000cba0400000,0x000000cba0500000)]
  0x000001ff3e534080 JavaThread "Asynchronous log dispatcher for DefaultDaemonConnection: socket connection from /127.0.0.1:51827 to /127.0.0.1:51830" [_thread_blocked, id=13756, stack(0x000000cba0600000,0x000000cba0700000)]
  0x000001ff3e5359d0 JavaThread "Stdin handler" [_thread_blocked, id=5744, stack(0x000000cba0700000,0x000000cba0800000)]
  0x000001ff3e5354c0 JavaThread "Daemon client event forwarder" [_thread_blocked, id=4236, stack(0x000000cba0800000,0x000000cba0900000)]
  0x000001ff3e534590 JavaThread "Cache worker for journal cache (C:\Users\Haythem\.gradle\caches\journal-1)" [_thread_blocked, id=2752, stack(0x000000cba0900000,0x000000cba0a00000)]
  0x000001ff3e535ee0 JavaThread "File lock request listener" [_thread_in_native, id=4596, stack(0x000000cba0a00000,0x000000cba0b00000)]
  0x000001ff3e534aa0 JavaThread "Cache worker for file hash cache (C:\Users\Haythem\.gradle\caches\7.6.3\fileHashes)" [_thread_blocked, id=9468, stack(0x000000cba0d00000,0x000000cba0e00000)]
  0x000001ff3e5363f0 JavaThread "File watcher server" daemon [_thread_in_native, id=1792, stack(0x000000cba1000000,0x000000cba1100000)]
  0x000001ff3e536900 JavaThread "File watcher consumer" daemon [_thread_blocked, id=14012, stack(0x000000cba1100000,0x000000cba1200000)]
  0x000001ff3e537830 JavaThread "Cache worker for checksums cache (C:\Users\Haythem\AndroidStudioProjects\front_esprit\esprit\android\.gradle\7.6.3\checksums)" [_thread_blocked, id=13660, stack(0x000000cba1200000,0x000000cba1300000)]
  0x000001ff3fa6ba80 JavaThread "Cache worker for cache directory md-rule (C:\Users\Haythem\.gradle\caches\7.6.3\md-rule)" [_thread_blocked, id=3580, stack(0x000000cba1300000,0x000000cba1400000)]
  0x000001ff3fa6b060 JavaThread "Cache worker for file content cache (C:\Users\Haythem\.gradle\caches\7.6.3\fileContent)" [_thread_blocked, id=13740, stack(0x000000cba0f00000,0x000000cba1000000)]
  0x000001ff3fa6f230 JavaThread "Cache worker for file hash cache (C:\Users\Haythem\AndroidStudioProjects\front_esprit\esprit\android\.gradle\7.6.3\fileHashes)" [_thread_blocked, id=12628, stack(0x000000cba1400000,0x000000cba1500000)]
  0x000001ff3fa70160 JavaThread "Cache worker for cache directory md-supplier (C:\Users\Haythem\.gradle\caches\7.6.3\md-supplier)" [_thread_blocked, id=15008, stack(0x000000cba1500000,0x000000cba1600000)]
  0x000001ff3fa6d3d0 JavaThread "Cache worker for execution history cache (C:\Users\Haythem\.gradle\caches\7.6.3\executionHistory)" [_thread_blocked, id=11616, stack(0x000000cba1800000,0x000000cba1900000)]
  0x000001ff3fa6cec0 JavaThread "jar transforms" [_thread_blocked, id=1668, stack(0x000000cba1600000,0x000000cba1700000)]
  0x000001ff3fa71fc0 JavaThread "jar transforms Thread 2" [_thread_blocked, id=3688, stack(0x000000cba1700000,0x000000cba1800000)]
  0x000001ff3f3479d0 JavaThread "C2 CompilerThread1" daemon [_thread_in_native, id=10896, stack(0x000000cba1900000,0x000000cba1a00000)]
  0x000001ff3efa8ad0 JavaThread "C2 CompilerThread2" daemon [_thread_blocked, id=11312, stack(0x000000cba1a00000,0x000000cba1b00000)]
  0x000001ff3fa6b570 JavaThread "jar transforms Thread 3" [_thread_blocked, id=7124, stack(0x000000cba1b00000,0x000000cba1c00000)]
  0x000001ff3fa71ab0 JavaThread "Cache worker for kotlin-dsl (C:\Users\Haythem\.gradle\caches\7.6.3\kotlin-dsl)" [_thread_blocked, id=1288, stack(0x000000cba1c00000,0x000000cba1d00000)]
  0x000001ff3fa6c4a0 JavaThread "jar transforms Thread 4" [_thread_blocked, id=11828, stack(0x000000cba1d00000,0x000000cba1e00000)]
  0x000001ff3fa724d0 JavaThread "Cache worker for dependencies-accessors (C:\Users\Haythem\AndroidStudioProjects\front_esprit\esprit\android\.gradle\7.6.3\dependencies-accessors)" [_thread_blocked, id=5352, stack(0x000000cba1e00000,0x000000cba1f00000)]
  0x000001ff3fa6fc50 JavaThread "Cache worker for Build Output Cleanup Cache (C:\src\flutter\packages\flutter_tools\gradle\.gradle\buildOutputCleanup)" [_thread_blocked, id=14468, stack(0x000000cba1f00000,0x000000cba2000000)]
  0x000001ff3fa6ddf0 JavaThread "jar transforms Thread 5" [_thread_blocked, id=6032, stack(0x000000cba2000000,0x000000cba2100000)]
  0x000001ff3fa6e810 JavaThread "Memory manager" [_thread_blocked, id=5400, stack(0x000000cba2100000,0x000000cba2200000)]

Other Threads:
  0x000001ff391e9870 VMThread "VM Thread" [stack: 0x000000cb9ed00000,0x000000cb9ee00000] [id=11112]
  0x000001ff3939d810 WatcherThread [stack: 0x000000cb9f900000,0x000000cb9fa00000] [id=12292]
  0x000001ff190495e0 GCTaskThread "GC Thread#0" [stack: 0x000000cb9e800000,0x000000cb9e900000] [id=3376]
  0x000001ff3e1c97b0 GCTaskThread "GC Thread#1" [stack: 0x000000cb9fa00000,0x000000cb9fb00000] [id=12708]
  0x000001ff395c7830 GCTaskThread "GC Thread#2" [stack: 0x000000cb9fb00000,0x000000cb9fc00000] [id=13004]
  0x000001ff395c7af0 GCTaskThread "GC Thread#3" [stack: 0x000000cb9fc00000,0x000000cb9fd00000] [id=5916]
  0x000001ff3e062750 GCTaskThread "GC Thread#4" [stack: 0x000000cb9fd00000,0x000000cb9fe00000] [id=11420]
  0x000001ff39bdb190 GCTaskThread "GC Thread#5" [stack: 0x000000cba0500000,0x000000cba0600000] [id=3536]
  0x000001ff3eb60020 GCTaskThread "GC Thread#6" [stack: 0x000000cba0b00000,0x000000cba0c00000] [id=14028]
  0x000001ff3eb602e0 GCTaskThread "GC Thread#7" [stack: 0x000000cba0c00000,0x000000cba0d00000] [id=11900]
  0x000001ff1905a440 ConcurrentGCThread "G1 Main Marker" [stack: 0x000000cb9e900000,0x000000cb9ea00000] [id=4764]
  0x000001ff1905ad70 ConcurrentGCThread "G1 Conc#0" [stack: 0x000000cb9ea00000,0x000000cb9eb00000] [id=7288]
  0x000001ff3f6f1d10 ConcurrentGCThread "G1 Conc#1" [stack: 0x000000cba0e00000,0x000000cba0f00000] [id=7160]
  0x000001ff3904e070 ConcurrentGCThread "G1 Refine#0" [stack: 0x000000cb9eb00000,0x000000cb9ec00000] [id=3212]
  0x000001ff390529c0 ConcurrentGCThread "G1 Service" [stack: 0x000000cb9ec00000,0x000000cb9ed00000] [id=10024]

Threads with active compile tasks:
C2 CompilerThread0    16868 4861   !   4       java.lang.ClassLoader::loadClass (121 bytes)
C2 CompilerThread1    16868 5076       4       java.net.URLClassLoader$1::run (5 bytes)

VM state: not at safepoint (normal execution)

VM Mutex/Monitor currently owned by a thread: None

Heap address: 0x0000000700000000, size: 4096 MB, Compressed Oops mode: Zero based, Oop shift amount: 3

CDS archive(s) not mapped
Compressed class space mapped at: 0x0000000800000000-0x0000000840000000, reserved size: 1073741824
Narrow klass base: 0x0000000800000000, Narrow klass shift: 0, Narrow klass range: 0x40000000

GC Precious Log:
 CPUs: 8 total, 8 available
 Memory: 12121M
 Large Page Support: Disabled
 NUMA Support: Disabled
 Compressed Oops: Enabled (Zero based)
 Heap Region Size: 2M
 Heap Min Capacity: 8M
 Heap Initial Capacity: 190M
 Heap Max Capacity: 4G
 Pre-touch: Disabled
 Parallel Workers: 8
 Concurrent Workers: 2
 Concurrent Refinement Workers: 8
 Periodic GC: Disabled

Heap:
 garbage-first heap   total 75776K, used 53106K [0x0000000700000000, 0x0000000800000000)
  region size 2048K, 13 young (26624K), 2 survivors (4096K)
 Metaspace       used 50905K, committed 51520K, reserved 1114112K
  class space    used 6947K, committed 7232K, reserved 1048576K

Heap Regions: E=young(eden), S=young(survivor), O=old, HS=humongous(starts), HC=humongous(continues), CS=collection set, F=free, OA=open archive, CA=closed archive, TAMS=top-at-mark-start (previous, next)
|   0|0x0000000700000000, 0x0000000700200000, 0x0000000700200000|100%|HS|  |TAMS 0x0000000700200000, 0x0000000700000000| Complete 
|   1|0x0000000700200000, 0x0000000700400000, 0x0000000700400000|100%|HC|  |TAMS 0x0000000700400000, 0x0000000700200000| Complete 
|   2|0x0000000700400000, 0x0000000700600000, 0x0000000700600000|100%| O|  |TAMS 0x0000000700600000, 0x0000000700400000| Untracked 
|   3|0x0000000700600000, 0x0000000700800000, 0x0000000700800000|100%| O|  |TAMS 0x0000000700800000, 0x0000000700600000| Untracked 
|   4|0x0000000700800000, 0x0000000700a00000, 0x0000000700a00000|100%| O|  |TAMS 0x0000000700a00000, 0x0000000700800000| Untracked 
|   5|0x0000000700a00000, 0x0000000700c00000, 0x0000000700c00000|100%| O|  |TAMS 0x0000000700a00000, 0x0000000700a00000| Untracked 
|   6|0x0000000700c00000, 0x0000000700e00000, 0x0000000700e00000|100%| O|  |TAMS 0x0000000700e00000, 0x0000000700c00000| Untracked 
|   7|0x0000000700e00000, 0x0000000701000000, 0x0000000701000000|100%| O|  |TAMS 0x0000000701000000, 0x0000000700e00000| Untracked 
|   8|0x0000000701000000, 0x0000000701200000, 0x0000000701200000|100%| O|  |TAMS 0x0000000701200000, 0x0000000701000000| Untracked 
|   9|0x0000000701200000, 0x0000000701400000, 0x0000000701400000|100%| O|  |TAMS 0x0000000701400000, 0x0000000701200000| Untracked 
|  10|0x0000000701400000, 0x0000000701600000, 0x0000000701600000|100%| O|  |TAMS 0x0000000701600000, 0x0000000701400000| Untracked 
|  11|0x0000000701600000, 0x0000000701800000, 0x0000000701800000|100%| O|  |TAMS 0x0000000701694200, 0x0000000701600000| Untracked 
|  12|0x0000000701800000, 0x0000000701a00000, 0x0000000701a00000|100%| O|  |TAMS 0x0000000701800000, 0x0000000701800000| Untracked 
|  13|0x0000000701a00000, 0x0000000701c00000, 0x0000000701c00000|100%| O|  |TAMS 0x0000000701a00000, 0x0000000701a00000| Untracked 
|  14|0x0000000701c00000, 0x0000000701e00000, 0x0000000701e00000|100%| O|  |TAMS 0x0000000701c00000, 0x0000000701c00000| Untracked 
|  15|0x0000000701e00000, 0x0000000701e73c00, 0x0000000702000000| 22%| O|  |TAMS 0x0000000701e00000, 0x0000000701e00000| Untracked 
|  16|0x0000000702000000, 0x0000000702000000, 0x0000000702200000|  0%| F|  |TAMS 0x0000000702000000, 0x0000000702000000| Untracked 
|  17|0x0000000702200000, 0x0000000702200000, 0x0000000702400000|  0%| F|  |TAMS 0x0000000702200000, 0x0000000702200000| Untracked 
|  18|0x0000000702400000, 0x0000000702400000, 0x0000000702600000|  0%| F|  |TAMS 0x0000000702400000, 0x0000000702400000| Untracked 
|  19|0x0000000702600000, 0x0000000702600000, 0x0000000702800000|  0%| F|  |TAMS 0x0000000702600000, 0x0000000702600000| Untracked 
|  20|0x0000000702800000, 0x0000000702800000, 0x0000000702a00000|  0%| F|  |TAMS 0x0000000702800000, 0x0000000702800000| Untracked 
|  21|0x0000000702a00000, 0x0000000702a00000, 0x0000000702c00000|  0%| F|  |TAMS 0x0000000702a00000, 0x0000000702a00000| Untracked 
|  22|0x0000000702c00000, 0x0000000702c00000, 0x0000000702e00000|  0%| F|  |TAMS 0x0000000702c00000, 0x0000000702c00000| Untracked 
|  23|0x0000000702e00000, 0x0000000702f68f68, 0x0000000703000000| 70%| S|CS|TAMS 0x0000000702e00000, 0x0000000702e00000| Complete 
|  24|0x0000000703000000, 0x0000000703200000, 0x0000000703200000|100%| S|CS|TAMS 0x0000000703000000, 0x0000000703000000| Complete 
|  25|0x0000000703200000, 0x0000000703200000, 0x0000000703400000|  0%| F|  |TAMS 0x0000000703200000, 0x0000000703200000| Untracked 
|  26|0x0000000703400000, 0x00000007034f4bc0, 0x0000000703600000| 47%| E|  |TAMS 0x0000000703400000, 0x0000000703400000| Complete 
|  27|0x0000000703600000, 0x0000000703800000, 0x0000000703800000|100%| E|CS|TAMS 0x0000000703600000, 0x0000000703600000| Complete 
|  28|0x0000000703800000, 0x0000000703a00000, 0x0000000703a00000|100%| E|  |TAMS 0x0000000703800000, 0x0000000703800000| Complete 
|  29|0x0000000703a00000, 0x0000000703c00000, 0x0000000703c00000|100%| E|CS|TAMS 0x0000000703a00000, 0x0000000703a00000| Complete 
|  30|0x0000000703c00000, 0x0000000703e00000, 0x0000000703e00000|100%| E|CS|TAMS 0x0000000703c00000, 0x0000000703c00000| Complete 
|  31|0x0000000703e00000, 0x0000000704000000, 0x0000000704000000|100%| E|CS|TAMS 0x0000000703e00000, 0x0000000703e00000| Complete 
|  85|0x000000070aa00000, 0x000000070ac00000, 0x000000070ac00000|100%| E|CS|TAMS 0x000000070aa00000, 0x000000070aa00000| Complete 
|  86|0x000000070ac00000, 0x000000070ae00000, 0x000000070ae00000|100%| E|CS|TAMS 0x000000070ac00000, 0x000000070ac00000| Complete 
|  87|0x000000070ae00000, 0x000000070b000000, 0x000000070b000000|100%| E|CS|TAMS 0x000000070ae00000, 0x000000070ae00000| Complete 
|  88|0x000000070b000000, 0x000000070b200000, 0x000000070b200000|100%| E|CS|TAMS 0x000000070b000000, 0x000000070b000000| Complete 
|  89|0x000000070b200000, 0x000000070b400000, 0x000000070b400000|100%| E|CS|TAMS 0x000000070b200000, 0x000000070b200000| Complete 

Card table byte_map: [0x000001ff2d6b0000,0x000001ff2deb0000] _byte_map_base: 0x000001ff29eb0000

Marking Bits (Prev, Next): (CMBitMap*) 0x000001ff19049b10, (CMBitMap*) 0x000001ff19049b50
 Prev Bits: [0x000001ff2e6b0000, 0x000001ff326b0000)
 Next Bits: [0x000001ff326b0000, 0x000001ff366b0000)

Polling page: 0x000001ff19090000

Metaspace:

Usage:
  Non-class:     42.93 MB used.
      Class:      6.79 MB used.
       Both:     49.72 MB used.

Virtual space:
  Non-class space:       64.00 MB reserved,      43.25 MB ( 68%) committed,  1 nodes.
      Class space:        1.00 GB reserved,       7.06 MB ( <1%) committed,  1 nodes.
             Both:        1.06 GB reserved,      50.31 MB (  5%) committed. 

Chunk freelists:
   Non-Class:  4.30 MB
       Class:  8.97 MB
        Both:  13.27 MB

MaxMetaspaceSize: unlimited
CompressedClassSpaceSize: 1.00 GB
Initial GC threshold: 21.00 MB
Current GC threshold: 58.88 MB
CDS: off
MetaspaceReclaimPolicy: balanced
 - commit_granule_bytes: 65536.
 - commit_granule_words: 8192.
 - virtual_space_node_default_size: 8388608.
 - enlarge_chunks_in_place: 1.
 - new_chunks_are_fully_committed: 0.
 - uncommit_free_chunks: 1.
 - use_allocation_guard: 0.
 - handle_deallocations: 1.


Internal statistics:

num_allocs_failed_limit: 6.
num_arena_births: 608.
num_arena_deaths: 0.
num_vsnodes_births: 2.
num_vsnodes_deaths: 0.
num_space_committed: 805.
num_space_uncommitted: 0.
num_chunks_returned_to_freelist: 6.
num_chunks_taken_from_freelist: 2298.
num_chunk_merges: 6.
num_chunk_splits: 1501.
num_chunks_enlarged: 1012.
num_inconsistent_stats: 0.

CodeHeap 'non-profiled nmethods': size=120000Kb used=2496Kb max_used=3117Kb free=117503Kb
 bounds [0x000001ff24f10000, 0x000001ff25220000, 0x000001ff2c440000]
CodeHeap 'profiled nmethods': size=120000Kb used=8438Kb max_used=10606Kb free=111562Kb
 bounds [0x000001ff1d440000, 0x000001ff1dea0000, 0x000001ff24970000]
CodeHeap 'non-nmethods': size=5760Kb used=2321Kb max_used=2412Kb free=3438Kb
 bounds [0x000001ff24970000, 0x000001ff24be0000, 0x000001ff24f10000]
 total_blobs=5137 nmethods=4301 adapters=748
 compilation: enabled
              stopped_count=0, restarted_count=0
 full_count=0

Compilation events (20 events):
Event: 16.794 Thread 0x000001ff3f3479d0 5076       4       java.net.URLClassLoader$1::run (5 bytes)
Event: 16.806 Thread 0x000001ff3efa8ad0 nmethod 5039 0x000001ff24f60310 code [0x000001ff24f604e0, 0x000001ff24f61308]
Event: 16.833 Thread 0x000001ff39232460 5077       3       kotlin.reflect.jvm.internal.impl.name.Name::asString (13 bytes)
Event: 16.833 Thread 0x000001ff39232460 nmethod 5077 0x000001ff1d68f690 code [0x000001ff1d68f840, 0x000001ff1d68f9c8]
Event: 16.835 Thread 0x000001ff39232460 5078       3       kotlin.reflect.jvm.internal.impl.name.FqNameUnsafe::isRoot (8 bytes)
Event: 16.835 Thread 0x000001ff39232460 nmethod 5078 0x000001ff1d842b90 code [0x000001ff1d842d40, 0x000001ff1d842f38]
Event: 16.835 Thread 0x000001ff39232460 5079       3       kotlin.reflect.jvm.internal.impl.name.FqNameUnsafe::hashCode (8 bytes)
Event: 16.835 Thread 0x000001ff39232460 nmethod 5079 0x000001ff1d6a1090 code [0x000001ff1d6a1240, 0x000001ff1d6a1388]
Event: 16.836 Thread 0x000001ff39232460 5080       3       kotlin.reflect.jvm.internal.impl.name.FqNameUnsafe::<init> (28 bytes)
Event: 16.837 Thread 0x000001ff39232460 nmethod 5080 0x000001ff1d51e810 code [0x000001ff1d51e9c0, 0x000001ff1d51ece8]
Event: 16.838 Thread 0x000001ff39232460 5081       3       kotlin.reflect.jvm.internal.impl.name.FqName::toUnsafe (13 bytes)
Event: 16.839 Thread 0x000001ff39232460 nmethod 5081 0x000001ff1d8d6090 code [0x000001ff1d8d6240, 0x000001ff1d8d63c8]
Event: 16.840 Thread 0x000001ff39232460 5082       3       kotlin.reflect.jvm.internal.impl.name.Name::<init> (23 bytes)
Event: 16.840 Thread 0x000001ff39232460 nmethod 5082 0x000001ff1d491b90 code [0x000001ff1d491d40, 0x000001ff1d491fa8]
Event: 16.840 Thread 0x000001ff39232460 5083       3       kotlin.reflect.jvm.internal.impl.name.FqName::asString (16 bytes)
Event: 16.840 Thread 0x000001ff39232460 nmethod 5083 0x000001ff1d788210 code [0x000001ff1d7883c0, 0x000001ff1d788638]
Event: 16.840 Thread 0x000001ff39232460 5084       3       kotlin.reflect.jvm.internal.impl.name.FqNameUnsafe::asString (13 bytes)
Event: 16.841 Thread 0x000001ff39232460 nmethod 5084 0x000001ff1d8ea910 code [0x000001ff1d8eaac0, 0x000001ff1d8eac48]
Event: 16.841 Thread 0x000001ff39232460 5085       3       kotlin.reflect.jvm.internal.impl.name.FqName::<init> (26 bytes)
Event: 16.841 Thread 0x000001ff39232460 nmethod 5085 0x000001ff1d84c290 code [0x000001ff1d84c460, 0x000001ff1d84c918]

GC Heap History (20 events):
Event: 8.102 GC heap before
{Heap before GC invocations=3 (full 0):
 garbage-first heap   total 194560K, used 26659K [0x0000000700000000, 0x0000000800000000)
  region size 2048K, 9 young (18432K), 4 survivors (8192K)
 Metaspace       used 21317K, committed 21504K, reserved 1114112K
  class space    used 2775K, committed 2880K, reserved 1048576K
}
Event: 8.108 GC heap after
{Heap after GC invocations=4 (full 0):
 garbage-first heap   total 194560K, used 19362K [0x0000000700000000, 0x0000000800000000)
  region size 2048K, 5 young (10240K), 5 survivors (10240K)
 Metaspace       used 21317K, committed 21504K, reserved 1114112K
  class space    used 2775K, committed 2880K, reserved 1048576K
}
Event: 9.970 GC heap before
{Heap before GC invocations=5 (full 0):
 garbage-first heap   total 75776K, used 54178K [0x0000000700000000, 0x0000000800000000)
  region size 2048K, 22 young (45056K), 5 survivors (10240K)
 Metaspace       used 26654K, committed 27008K, reserved 1114112K
  class space    used 3654K, committed 3840K, reserved 1048576K
}
Event: 9.981 GC heap after
{Heap after GC invocations=6 (full 0):
 garbage-first heap   total 75776K, used 21124K [0x0000000700000000, 0x0000000800000000)
  region size 2048K, 2 young (4096K), 2 survivors (4096K)
 Metaspace       used 26654K, committed 27008K, reserved 1114112K
  class space    used 3654K, committed 3840K, reserved 1048576K
}
Event: 10.082 GC heap before
{Heap before GC invocations=6 (full 0):
 garbage-first heap   total 75776K, used 23172K [0x0000000700000000, 0x0000000800000000)
  region size 2048K, 3 young (6144K), 2 survivors (4096K)
 Metaspace       used 26884K, committed 27200K, reserved 1114112K
  class space    used 3690K, committed 3840K, reserved 1048576K
}
Event: 10.086 GC heap after
{Heap after GC invocations=7 (full 0):
 garbage-first heap   total 75776K, used 21566K [0x0000000700000000, 0x0000000800000000)
  region size 2048K, 1 young (2048K), 1 survivors (2048K)
 Metaspace       used 26884K, committed 27200K, reserved 1114112K
  class space    used 3690K, committed 3840K, reserved 1048576K
}
Event: 11.430 GC heap before
{Heap before GC invocations=7 (full 0):
 garbage-first heap   total 75776K, used 52286K [0x0000000700000000, 0x0000000800000000)
  region size 2048K, 16 young (32768K), 1 survivors (2048K)
 Metaspace       used 31336K, committed 31680K, reserved 1114112K
  class space    used 4396K, committed 4544K, reserved 1048576K
}
Event: 11.433 GC heap after
{Heap after GC invocations=8 (full 0):
 garbage-first heap   total 75776K, used 22564K [0x0000000700000000, 0x0000000800000000)
  region size 2048K, 1 young (2048K), 1 survivors (2048K)
 Metaspace       used 31336K, committed 31680K, reserved 1114112K
  class space    used 4396K, committed 4544K, reserved 1048576K
}
Event: 12.188 GC heap before
{Heap before GC invocations=8 (full 0):
 garbage-first heap   total 75776K, used 34852K [0x0000000700000000, 0x0000000800000000)
  region size 2048K, 9 young (18432K), 1 survivors (2048K)
 Metaspace       used 35698K, committed 35968K, reserved 1114112K
  class space    used 4877K, committed 4992K, reserved 1048576K
}
Event: 12.193 GC heap after
{Heap after GC invocations=9 (full 0):
 garbage-first heap   total 75776K, used 25029K [0x0000000700000000, 0x0000000800000000)
  region size 2048K, 2 young (4096K), 2 survivors (4096K)
 Metaspace       used 35698K, committed 35968K, reserved 1114112K
  class space    used 4877K, committed 4992K, reserved 1048576K
}
Event: 13.012 GC heap before
{Heap before GC invocations=10 (full 0):
 garbage-first heap   total 75776K, used 53701K [0x0000000700000000, 0x0000000800000000)
  region size 2048K, 17 young (34816K), 2 survivors (4096K)
 Metaspace       used 37962K, committed 38336K, reserved 1114112K
  class space    used 5135K, committed 5312K, reserved 1048576K
}
Event: 13.019 GC heap after
{Heap after GC invocations=11 (full 0):
 garbage-first heap   total 75776K, used 28571K [0x0000000700000000, 0x0000000800000000)
  region size 2048K, 3 young (6144K), 3 survivors (6144K)
 Metaspace       used 37962K, committed 38336K, reserved 1114112K
  class space    used 5135K, committed 5312K, reserved 1048576K
}
Event: 13.963 GC heap before
{Heap before GC invocations=11 (full 0):
 garbage-first heap   total 75776K, used 59291K [0x0000000700000000, 0x0000000800000000)
  region size 2048K, 17 young (34816K), 3 survivors (6144K)
 Metaspace       used 39945K, committed 40320K, reserved 1114112K
  class space    used 5330K, committed 5504K, reserved 1048576K
}
Event: 13.972 GC heap after
{Heap after GC invocations=12 (full 0):
 garbage-first heap   total 75776K, used 30127K [0x0000000700000000, 0x0000000800000000)
  region size 2048K, 2 young (4096K), 2 survivors (4096K)
 Metaspace       used 39945K, committed 40320K, reserved 1114112K
  class space    used 5330K, committed 5504K, reserved 1048576K
}
Event: 14.688 GC heap before
{Heap before GC invocations=12 (full 0):
 garbage-first heap   total 75776K, used 52655K [0x0000000700000000, 0x0000000800000000)
  region size 2048K, 14 young (28672K), 2 survivors (4096K)
 Metaspace       used 41430K, committed 41920K, reserved 1114112K
  class space    used 5547K, committed 5760K, reserved 1048576K
}
Event: 14.693 GC heap after
{Heap after GC invocations=13 (full 0):
 garbage-first heap   total 75776K, used 31853K [0x0000000700000000, 0x0000000800000000)
  region size 2048K, 1 young (2048K), 1 survivors (2048K)
 Metaspace       used 41430K, committed 41920K, reserved 1114112K
  class space    used 5547K, committed 5760K, reserved 1048576K
}
Event: 15.399 GC heap before
{Heap before GC invocations=13 (full 0):
 garbage-first heap   total 75776K, used 58477K [0x0000000700000000, 0x0000000800000000)
  region size 2048K, 14 young (28672K), 1 survivors (2048K)
 Metaspace       used 44892K, committed 45376K, reserved 1114112K
  class space    used 6039K, committed 6272K, reserved 1048576K
}
Event: 15.404 GC heap after
{Heap after GC invocations=14 (full 0):
 garbage-first heap   total 75776K, used 33138K [0x0000000700000000, 0x0000000800000000)
  region size 2048K, 2 young (4096K), 2 survivors (4096K)
 Metaspace       used 44892K, committed 45376K, reserved 1114112K
  class space    used 6039K, committed 6272K, reserved 1048576K
}
Event: 16.190 GC heap before
{Heap before GC invocations=14 (full 0):
 garbage-first heap   total 75776K, used 55666K [0x0000000700000000, 0x0000000800000000)
  region size 2048K, 14 young (28672K), 2 survivors (4096K)
 Metaspace       used 48524K, committed 49088K, reserved 1114112K
  class space    used 6602K, committed 6912K, reserved 1048576K
}
Event: 16.195 GC heap after
{Heap after GC invocations=15 (full 0):
 garbage-first heap   total 75776K, used 34674K [0x0000000700000000, 0x0000000800000000)
  region size 2048K, 2 young (4096K), 2 survivors (4096K)
 Metaspace       used 48524K, committed 49088K, reserved 1114112K
  class space    used 6602K, committed 6912K, reserved 1048576K
}

Dll operation events (12 events):
Event: 0.027 Loaded shared library C:\Users\Haythem\.vscode\extensions\redhat.java-1.34.0-win32-x64\jre\17.0.12-win32-x86_64\bin\java.dll
Event: 0.506 Loaded shared library C:\Users\Haythem\.vscode\extensions\redhat.java-1.34.0-win32-x64\jre\17.0.12-win32-x86_64\bin\net.dll
Event: 0.508 Loaded shared library C:\Users\Haythem\.vscode\extensions\redhat.java-1.34.0-win32-x64\jre\17.0.12-win32-x86_64\bin\nio.dll
Event: 0.522 Loaded shared library C:\Users\Haythem\.vscode\extensions\redhat.java-1.34.0-win32-x64\jre\17.0.12-win32-x86_64\bin\zip.dll
Event: 1.377 Loaded shared library C:\Users\Haythem\.vscode\extensions\redhat.java-1.34.0-win32-x64\jre\17.0.12-win32-x86_64\bin\jimage.dll
Event: 1.559 Loaded shared library C:\Users\Haythem\.vscode\extensions\redhat.java-1.34.0-win32-x64\jre\17.0.12-win32-x86_64\bin\verify.dll
Event: 1.930 Loaded shared library C:\Users\Haythem\.gradle\native\c067742578af261105cb4f569cf0c3c89f3d7b1fecec35dd04571415982c5e48\windows-amd64\native-platform.dll
Event: 1.937 Loaded shared library C:\Users\Haythem\.gradle\native\38dada09dfb8b06ba9b0570ebf7e218e3eb74d4ef43ca46872605cf95ebc2f47\windows-amd64\native-platform-file-events.dll
Event: 4.978 Loaded shared library C:\Users\Haythem\.vscode\extensions\redhat.java-1.34.0-win32-x64\jre\17.0.12-win32-x86_64\bin\management.dll
Event: 4.982 Loaded shared library C:\Users\Haythem\.vscode\extensions\redhat.java-1.34.0-win32-x64\jre\17.0.12-win32-x86_64\bin\management_ext.dll
Event: 5.717 Loaded shared library C:\Users\Haythem\.vscode\extensions\redhat.java-1.34.0-win32-x64\jre\17.0.12-win32-x86_64\bin\extnet.dll
Event: 6.561 Loaded shared library C:\Users\Haythem\.vscode\extensions\redhat.java-1.34.0-win32-x64\jre\17.0.12-win32-x86_64\bin\sunmscapi.dll

Deoptimization events (20 events):
Event: 16.428 Thread 0x000001ff3e534fb0 DEOPT PACKING pc=0x000001ff251a1bf0 sp=0x000000cba04f4380
Event: 16.428 Thread 0x000001ff3e534fb0 DEOPT UNPACKING pc=0x000001ff249c69a3 sp=0x000000cba04f42e8 mode 2
Event: 16.429 Thread 0x000001ff3e534fb0 Uncommon trap: trap_request=0xffffffde fr.pc=0x000001ff2514ebfc relative=0x000000000000069c
Event: 16.429 Thread 0x000001ff3e534fb0 Uncommon trap: reason=class_check action=maybe_recompile pc=0x000001ff2514ebfc method=java.util.regex.Matcher.search(I)Z @ 121 c2
Event: 16.429 Thread 0x000001ff3e534fb0 DEOPT PACKING pc=0x000001ff2514ebfc sp=0x000000cba04f4350
Event: 16.429 Thread 0x000001ff3e534fb0 DEOPT UNPACKING pc=0x000001ff249c69a3 sp=0x000000cba04f4340 mode 2
Event: 16.507 Thread 0x000001ff3e652770 Uncommon trap: trap_request=0xffffff45 fr.pc=0x000001ff24f4e364 relative=0x00000000000006a4
Event: 16.507 Thread 0x000001ff3e652770 Uncommon trap: reason=unstable_if action=reinterpret pc=0x000001ff24f4e364 method=java.lang.AbstractStringBuilder.append(Ljava/lang/String;)Ljava/lang/AbstractStringBuilder; @ 1 c2
Event: 16.507 Thread 0x000001ff3e652770 DEOPT PACKING pc=0x000001ff24f4e364 sp=0x000000cba00fe6c0
Event: 16.507 Thread 0x000001ff3e652770 DEOPT UNPACKING pc=0x000001ff249c69a3 sp=0x000000cba00fe640 mode 2
Event: 16.508 Thread 0x000001ff3e652770 Uncommon trap: trap_request=0xffffff45 fr.pc=0x000001ff24f65384 relative=0x00000000000006c4
Event: 16.508 Thread 0x000001ff3e652770 Uncommon trap: reason=unstable_if action=reinterpret pc=0x000001ff24f65384 method=java.lang.AbstractStringBuilder.append(Ljava/lang/String;)Ljava/lang/AbstractStringBuilder; @ 1 c2
Event: 16.508 Thread 0x000001ff3e652770 DEOPT PACKING pc=0x000001ff24f65384 sp=0x000000cba00fe660
Event: 16.508 Thread 0x000001ff3e652770 DEOPT UNPACKING pc=0x000001ff249c69a3 sp=0x000000cba00fe648 mode 2
Event: 16.546 Thread 0x000001ff3e534fb0 DEOPT PACKING pc=0x000001ff1d8408a3 sp=0x000000cba04f24f0
Event: 16.546 Thread 0x000001ff3e534fb0 DEOPT UNPACKING pc=0x000001ff249c7143 sp=0x000000cba04f1960 mode 0
Event: 16.608 Thread 0x000001ff3e534fb0 Uncommon trap: trap_request=0xffffffc6 fr.pc=0x000001ff251461c4 relative=0x0000000000003e64
Event: 16.608 Thread 0x000001ff3e534fb0 Uncommon trap: reason=bimorphic_or_optimized_type_check action=maybe_recompile pc=0x000001ff251461c4 method=java.util.AbstractCollection.addAll(Ljava/util/Collection;)Z @ 29 c2
Event: 16.608 Thread 0x000001ff3e534fb0 DEOPT PACKING pc=0x000001ff251461c4 sp=0x000000cba04f4df0
Event: 16.608 Thread 0x000001ff3e534fb0 DEOPT UNPACKING pc=0x000001ff249c69a3 sp=0x000000cba04f4de0 mode 2

Classes loaded (20 events):
Event: 16.166 Loading class jdk/jfr/Recording
Event: 16.168 Loading class jdk/jfr/Recording done
Event: 16.168 Loading class jdk/jfr/FlightRecorder
Event: 16.169 Loading class jdk/jfr/FlightRecorder done
Event: 16.169 Loading class jdk/management/jfr/FlightRecorderMXBeanImpl$MXBeanListener
Event: 16.169 Loading class jdk/jfr/FlightRecorderListener
Event: 16.169 Loading class jdk/jfr/FlightRecorderListener done
Event: 16.169 Loading class jdk/management/jfr/FlightRecorderMXBeanImpl$MXBeanListener done
Event: 16.170 Loading class sun/reflect/misc/MethodUtil
Event: 16.171 Loading class sun/reflect/misc/MethodUtil done
Event: 16.171 Loading class sun/reflect/misc/MethodUtil$1
Event: 16.171 Loading class sun/reflect/misc/MethodUtil$1 done
Event: 16.183 Loading class java/lang/Byte$ByteCache
Event: 16.183 Loading class java/lang/Byte$ByteCache done
Event: 16.283 Loading class java/util/regex/Pattern$SliceI
Event: 16.283 Loading class java/util/regex/Pattern$SliceI done
Event: 16.500 Loading class java/util/concurrent/LinkedBlockingDeque$Itr
Event: 16.501 Loading class java/util/concurrent/LinkedBlockingDeque$AbstractItr
Event: 16.501 Loading class java/util/concurrent/LinkedBlockingDeque$AbstractItr done
Event: 16.501 Loading class java/util/concurrent/LinkedBlockingDeque$Itr done

Classes unloaded (0 events):
No events

Classes redefined (0 events):
No events

Internal exceptions (20 events):
Event: 14.845 Thread 0x000001ff3e534fb0 Exception <a 'java/lang/NoSuchMethodError'{0x000000070b1ec840}: 'int java.lang.invoke.DirectMethodHandle$Holder.invokeStaticInit(java.lang.Object, java.lang.Object, java.lang.Object, java.lang.Object, java.lang.Object)'> (0x000000070b1ec840) 
thrown [s\src\hotspot\share\interpreter\linkResolver.cpp, line 759]
Event: 14.914 Thread 0x000001ff3e534fb0 Implicit null exception at 0x000001ff250a276c to 0x000001ff250a2814
Event: 14.931 Thread 0x000001ff3e5354c0 Exception <a 'java/lang/NoSuchMethodError'{0x000000070ad08320}: static Lorg/gradle/internal/build/event/types/DefaultBuildPhaseDescriptor;.<clinit>()V> (0x000000070ad08320) 
thrown [s\src\hotspot\share\prims\jni.cpp, line 1112]
Event: 15.060 Thread 0x000001ff3e534fb0 Exception <a 'java/lang/ClassNotFoundException'{0x0000000703da77c0}: org/gradle/api/internal/project/DefaultProject_DecoratedBeanInfo> (0x0000000703da77c0) 
thrown [s\src\hotspot\share\classfile\systemDictionary.cpp, line 256]
Event: 15.061 Thread 0x000001ff3e534fb0 Exception <a 'java/lang/ClassNotFoundException'{0x0000000703db6848}: org/gradle/api/internal/project/DefaultProjectBeanInfo> (0x0000000703db6848) 
thrown [s\src\hotspot\share\classfile\systemDictionary.cpp, line 256]
Event: 15.061 Thread 0x000001ff3e534fb0 Exception <a 'java/lang/ClassNotFoundException'{0x0000000703dc58d8}: org/gradle/api/internal/project/DefaultProjectCustomizer> (0x0000000703dc58d8) 
thrown [s\src\hotspot\share\classfile\systemDictionary.cpp, line 256]
Event: 15.068 Thread 0x000001ff3e534fb0 Exception <a 'java/lang/ClassNotFoundException'{0x0000000703a6cc70}: org/gradle/api/internal/project/DefaultProject_DecoratedCustomizer> (0x0000000703a6cc70) 
thrown [s\src\hotspot\share\classfile\systemDictionary.cpp, line 256]
Event: 15.088 Thread 0x000001ff3e534fb0 Exception <a 'java/lang/ClassNotFoundException'{0x0000000703b5df98}: org/gradle/configuration/internal/DefaultListenerBuildOperationDecorator$BuildOperationEmittingClosureBeanInfo> (0x0000000703b5df98) 
thrown [s\src\hotspot\share\classfile\systemDictionary.cpp, line 256]
Event: 15.089 Thread 0x000001ff3e534fb0 Exception <a 'java/lang/ClassNotFoundException'{0x0000000703b6d6a0}: org/gradle/configuration/internal/DefaultListenerBuildOperationDecorator$BuildOperationEmittingClosureCustomizer> (0x0000000703b6d6a0) 
thrown [s\src\hotspot\share\classfile\systemDictionary.cpp, line 256]
Event: 15.115 Thread 0x000001ff3e5354c0 Exception <a 'java/lang/NoSuchMethodError'{0x0000000703882838}: static Lorg/gradle/internal/build/event/types/DefaultProjectConfigurationDescriptor;.<clinit>()V> (0x0000000703882838) 
thrown [s\src\hotspot\share\prims\jni.cpp, line 1112]
Event: 15.744 Thread 0x000001ff3e534fb0 Exception <a 'java/lang/NoSuchMethodError'{0x0000000703f035e8}: 'java.lang.Object java.lang.invoke.DirectMethodHandle$Holder.newInvokeSpecial(java.lang.Object, int, java.lang.Object)'> (0x0000000703f035e8) 
thrown [s\src\hotspot\share\interpreter\linkResolver.cpp, line 759]
Event: 15.973 Thread 0x000001ff3e534fb0 Exception <a 'java/lang/NoSuchMethodError'{0x00000007037deef0}: 'java.lang.Object java.lang.invoke.DirectMethodHandle$Holder.newInvokeSpecial(java.lang.Object, java.lang.Object, java.lang.Object, java.lang.Object, int)'> (0x00000007037deef0) 
thrown [s\src\hotspot\share\interpreter\linkResolver.cpp, line 759]
Event: 15.974 Thread 0x000001ff3e534fb0 Exception <a 'java/lang/NoSuchMethodError'{0x00000007037e5208}: 'java.lang.Object java.lang.invoke.DirectMethodHandle$Holder.invokeSpecial(java.lang.Object, java.lang.Object, java.lang.Object, java.lang.Object, java.lang.Object, int)'> (0x00000007037e5208) 
thrown [s\src\hotspot\share\interpreter\linkResolver.cpp, line 759]
Event: 15.975 Thread 0x000001ff3e534fb0 Exception <a 'java/lang/NoSuchMethodError'{0x00000007037eaed0}: 'java.lang.Object java.lang.invoke.Invokers$Holder.linkToTargetMethod(java.lang.Object, java.lang.Object, java.lang.Object, int, java.lang.Object)'> (0x00000007037eaed0) 
thrown [s\src\hotspot\share\interpreter\linkResolver.cpp, line 759]
Event: 16.073 Thread 0x000001ff3e534fb0 Exception <a 'java/lang/IncompatibleClassChangeError'{0x00000007035cb050}: Found class java.lang.Object, but interface was expected> (0x00000007035cb050) 
thrown [s\src\hotspot\share\interpreter\linkResolver.cpp, line 826]
Event: 16.172 Thread 0x000001ff3e534fb0 Implicit null exception at 0x000001ff2517ffe0 to 0x000001ff2518018c
Event: 16.172 Thread 0x000001ff3e534fb0 Implicit null exception at 0x000001ff251f72c0 to 0x000001ff251f746c
Event: 16.434 Thread 0x000001ff3e534fb0 Exception <a 'java/lang/NoSuchMethodError'{0x000000070adb6db0}: 'java.lang.Object java.lang.invoke.DirectMethodHandle$Holder.invokeSpecial(java.lang.Object, java.lang.Object, int, java.lang.Object, java.lang.Object, java.lang.Object)'> (0x000000070adb6db0) 
thrown [s\src\hotspot\share\interpreter\linkResolver.cpp, line 759]
Event: 16.507 Thread 0x000001ff3e652770 Implicit null exception at 0x000001ff24f4dcf2 to 0x000001ff24f4e34c
Event: 16.508 Thread 0x000001ff3e652770 Implicit null exception at 0x000001ff24f64cf2 to 0x000001ff24f6536c

VM Operations (20 events):
Event: 14.688 Executing VM operation: G1CollectForAllocation
Event: 14.696 Executing VM operation: G1CollectForAllocation done
Event: 14.981 Executing VM operation: HandshakeAllThreads
Event: 14.981 Executing VM operation: HandshakeAllThreads done
Event: 15.284 Executing VM operation: HandshakeAllThreads
Event: 15.284 Executing VM operation: HandshakeAllThreads done
Event: 15.399 Executing VM operation: G1CollectForAllocation
Event: 15.404 Executing VM operation: G1CollectForAllocation done
Event: 16.149 Executing VM operation: ICBufferFull
Event: 16.149 Executing VM operation: ICBufferFull done
Event: 16.165 Executing VM operation: HandshakeAllThreads
Event: 16.170 Executing VM operation: HandshakeAllThreads done
Event: 16.189 Executing VM operation: G1CollectForAllocation
Event: 16.195 Executing VM operation: G1CollectForAllocation done
Event: 16.515 Executing VM operation: HandshakeAllThreads
Event: 16.516 Executing VM operation: HandshakeAllThreads done
Event: 16.570 Executing VM operation: HandshakeAllThreads
Event: 16.570 Executing VM operation: HandshakeAllThreads done
Event: 16.597 Executing VM operation: HandshakeAllThreads
Event: 16.598 Executing VM operation: HandshakeAllThreads done

Events (20 events):
Event: 16.605 Thread 0x000001ff392a71d0 flushing nmethod 0x000001ff1dbaeb90
Event: 16.605 Thread 0x000001ff392a71d0 flushing nmethod 0x000001ff1dbb2390
Event: 16.605 Thread 0x000001ff392a71d0 flushing nmethod 0x000001ff1dbb6c90
Event: 16.605 Thread 0x000001ff392a71d0 flushing nmethod 0x000001ff1dbdc310
Event: 16.605 Thread 0x000001ff392a71d0 flushing nmethod 0x000001ff1dbe7d10
Event: 16.605 Thread 0x000001ff392a71d0 flushing nmethod 0x000001ff1dbecb90
Event: 16.605 Thread 0x000001ff392a71d0 flushing nmethod 0x000001ff1dbf4590
Event: 16.606 Thread 0x000001ff392a71d0 flushing nmethod 0x000001ff1dc43d10
Event: 16.606 Thread 0x000001ff392a71d0 flushing nmethod 0x000001ff1dc62510
Event: 16.606 Thread 0x000001ff392a71d0 flushing nmethod 0x000001ff1dc89890
Event: 16.606 Thread 0x000001ff392a71d0 flushing nmethod 0x000001ff1dc8f810
Event: 16.606 Thread 0x000001ff392a71d0 flushing nmethod 0x000001ff1dc9aa10
Event: 16.606 Thread 0x000001ff392a71d0 flushing nmethod 0x000001ff1dcbb810
Event: 16.606 Thread 0x000001ff392a71d0 flushing nmethod 0x000001ff1dccb090
Event: 16.606 Thread 0x000001ff392a71d0 flushing nmethod 0x000001ff1dce8810
Event: 16.606 Thread 0x000001ff392a71d0 flushing nmethod 0x000001ff1dd27890
Event: 16.607 Thread 0x000001ff392a71d0 flushing nmethod 0x000001ff1dd65190
Event: 16.607 Thread 0x000001ff392a71d0 flushing nmethod 0x000001ff1dd68610
Event: 16.607 Thread 0x000001ff392a71d0 flushing nmethod 0x000001ff1dd6e710
Event: 16.607 Thread 0x000001ff392a71d0 flushing nmethod 0x000001ff1dd6ec10


Dynamic libraries:
0x00007ff6f16e0000 - 0x00007ff6f16ee000 	C:\Users\Haythem\.vscode\extensions\redhat.java-1.34.0-win32-x64\jre\17.0.12-win32-x86_64\bin\java.exe
0x00007ffb9a6d0000 - 0x00007ffb9a8e7000 	C:\Windows\SYSTEM32\ntdll.dll
0x00007ffb98e80000 - 0x00007ffb98f44000 	C:\Windows\System32\KERNEL32.DLL
0x00007ffb97cf0000 - 0x00007ffb9809d000 	C:\Windows\System32\KERNELBASE.dll
0x00007ffb982e0000 - 0x00007ffb983f1000 	C:\Windows\System32\ucrtbase.dll
0x00007ffb7cdb0000 - 0x00007ffb7cdcb000 	C:\Users\Haythem\.vscode\extensions\redhat.java-1.34.0-win32-x64\jre\17.0.12-win32-x86_64\bin\VCRUNTIME140.dll
0x00007ffb7cd90000 - 0x00007ffb7cda7000 	C:\Users\Haythem\.vscode\extensions\redhat.java-1.34.0-win32-x64\jre\17.0.12-win32-x86_64\bin\jli.dll
0x00007ffb993c0000 - 0x00007ffb9956e000 	C:\Windows\System32\USER32.dll
0x00007ffb979f0000 - 0x00007ffb97a16000 	C:\Windows\System32\win32u.dll
0x00007ffb9a660000 - 0x00007ffb9a689000 	C:\Windows\System32\GDI32.dll
0x00007ffb97a20000 - 0x00007ffb97b39000 	C:\Windows\System32\gdi32full.dll
0x00007ffb98240000 - 0x00007ffb982da000 	C:\Windows\System32\msvcp_win.dll
0x00007ffb7ed10000 - 0x00007ffb7efa3000 	C:\Windows\WinSxS\amd64_microsoft.windows.common-controls_6595b64144ccf1df_6.0.22621.3672_none_2713b9d173822955\COMCTL32.dll
0x00007ffb9a020000 - 0x00007ffb9a0c7000 	C:\Windows\System32\msvcrt.dll
0x00007ffb98760000 - 0x00007ffb98791000 	C:\Windows\System32\IMM32.DLL
0x00007ffb918a0000 - 0x00007ffb918ac000 	C:\Users\Haythem\.vscode\extensions\redhat.java-1.34.0-win32-x64\jre\17.0.12-win32-x86_64\bin\vcruntime140_1.dll
0x00007ffb73e50000 - 0x00007ffb73edd000 	C:\Users\Haythem\.vscode\extensions\redhat.java-1.34.0-win32-x64\jre\17.0.12-win32-x86_64\bin\msvcp140.dll
0x00007ffb53e90000 - 0x00007ffb54afa000 	C:\Users\Haythem\.vscode\extensions\redhat.java-1.34.0-win32-x64\jre\17.0.12-win32-x86_64\bin\server\jvm.dll
0x00007ffb986a0000 - 0x00007ffb98752000 	C:\Windows\System32\ADVAPI32.dll
0x00007ffb99df0000 - 0x00007ffb99e99000 	C:\Windows\System32\sechost.dll
0x00007ffb98210000 - 0x00007ffb98238000 	C:\Windows\System32\bcrypt.dll
0x00007ffb98400000 - 0x00007ffb98514000 	C:\Windows\System32\RPCRT4.dll
0x00007ffb98df0000 - 0x00007ffb98e61000 	C:\Windows\System32\WS2_32.dll
0x00007ffb97130000 - 0x00007ffb9717d000 	C:\Windows\SYSTEM32\POWRPROF.dll
0x00007ffb92020000 - 0x00007ffb92054000 	C:\Windows\SYSTEM32\WINMM.dll
0x00007ffb91fd0000 - 0x00007ffb91fda000 	C:\Windows\SYSTEM32\VERSION.dll
0x00007ffb970e0000 - 0x00007ffb970f3000 	C:\Windows\SYSTEM32\UMPDC.dll
0x00007ffb96a00000 - 0x00007ffb96a18000 	C:\Windows\SYSTEM32\kernel.appcore.dll
0x00007ffb82800000 - 0x00007ffb8280a000 	C:\Users\Haythem\.vscode\extensions\redhat.java-1.34.0-win32-x64\jre\17.0.12-win32-x86_64\bin\jimage.dll
0x00007ffb94860000 - 0x00007ffb94a92000 	C:\Windows\SYSTEM32\DBGHELP.DLL
0x00007ffb98a50000 - 0x00007ffb98dde000 	C:\Windows\System32\combase.dll
0x00007ffb987a0000 - 0x00007ffb98877000 	C:\Windows\System32\OLEAUT32.dll
0x00007ffb70f20000 - 0x00007ffb70f52000 	C:\Windows\SYSTEM32\dbgcore.DLL
0x00007ffb97c70000 - 0x00007ffb97ceb000 	C:\Windows\System32\bcryptPrimitives.dll
0x00007ffb76df0000 - 0x00007ffb76e15000 	C:\Users\Haythem\.vscode\extensions\redhat.java-1.34.0-win32-x64\jre\17.0.12-win32-x86_64\bin\java.dll
0x00007ffb73e30000 - 0x00007ffb73e48000 	C:\Users\Haythem\.vscode\extensions\redhat.java-1.34.0-win32-x64\jre\17.0.12-win32-x86_64\bin\zip.dll
0x00007ffb99570000 - 0x00007ffb99dd7000 	C:\Windows\System32\SHELL32.dll
0x00007ffb95920000 - 0x00007ffb9621f000 	C:\Windows\SYSTEM32\windows.storage.dll
0x00007ffb957e0000 - 0x00007ffb9591f000 	C:\Windows\SYSTEM32\wintypes.dll
0x00007ffb99160000 - 0x00007ffb99259000 	C:\Windows\System32\SHCORE.dll
0x00007ffb985c0000 - 0x00007ffb9861e000 	C:\Windows\System32\shlwapi.dll
0x00007ffb97920000 - 0x00007ffb97947000 	C:\Windows\SYSTEM32\profapi.dll
0x00007ffb721d0000 - 0x00007ffb721e9000 	C:\Users\Haythem\.vscode\extensions\redhat.java-1.34.0-win32-x64\jre\17.0.12-win32-x86_64\bin\net.dll
0x00007ffb92980000 - 0x00007ffb92ab6000 	C:\Windows\SYSTEM32\WINHTTP.dll
0x00007ffb96ed0000 - 0x00007ffb96f39000 	C:\Windows\system32\mswsock.dll
0x00007ffb721b0000 - 0x00007ffb721c6000 	C:\Users\Haythem\.vscode\extensions\redhat.java-1.34.0-win32-x64\jre\17.0.12-win32-x86_64\bin\nio.dll
0x00007ffb82030000 - 0x00007ffb82040000 	C:\Users\Haythem\.vscode\extensions\redhat.java-1.34.0-win32-x64\jre\17.0.12-win32-x86_64\bin\verify.dll
0x00007ffb3ec20000 - 0x00007ffb3ec47000 	C:\Users\Haythem\.gradle\native\c067742578af261105cb4f569cf0c3c89f3d7b1fecec35dd04571415982c5e48\windows-amd64\native-platform.dll
0x00007ffb82c10000 - 0x00007ffb82d54000 	C:\Users\Haythem\.gradle\native\38dada09dfb8b06ba9b0570ebf7e218e3eb74d4ef43ca46872605cf95ebc2f47\windows-amd64\native-platform-file-events.dll
0x00007ffb81e50000 - 0x00007ffb81e59000 	C:\Users\Haythem\.vscode\extensions\redhat.java-1.34.0-win32-x64\jre\17.0.12-win32-x86_64\bin\management.dll
0x00007ffb80010000 - 0x00007ffb8001b000 	C:\Users\Haythem\.vscode\extensions\redhat.java-1.34.0-win32-x64\jre\17.0.12-win32-x86_64\bin\management_ext.dll
0x00007ffb98e70000 - 0x00007ffb98e78000 	C:\Windows\System32\PSAPI.DLL
0x00007ffb972a0000 - 0x00007ffb972bb000 	C:\Windows\SYSTEM32\CRYPTSP.dll
0x00007ffb96960000 - 0x00007ffb96995000 	C:\Windows\system32\rsaenh.dll
0x00007ffb96f70000 - 0x00007ffb96f98000 	C:\Windows\SYSTEM32\USERENV.dll
0x00007ffb97280000 - 0x00007ffb9728c000 	C:\Windows\SYSTEM32\CRYPTBASE.dll
0x00007ffb96480000 - 0x00007ffb964ad000 	C:\Windows\SYSTEM32\IPHLPAPI.DLL
0x00007ffb985b0000 - 0x00007ffb985b9000 	C:\Windows\System32\NSI.dll
0x00007ffb927c0000 - 0x00007ffb927d9000 	C:\Windows\SYSTEM32\dhcpcsvc6.DLL
0x00007ffb927a0000 - 0x00007ffb927bf000 	C:\Windows\SYSTEM32\dhcpcsvc.DLL
0x00007ffb964f0000 - 0x00007ffb965e8000 	C:\Windows\SYSTEM32\DNSAPI.dll
0x00007ffb82620000 - 0x00007ffb82629000 	C:\Users\Haythem\.vscode\extensions\redhat.java-1.34.0-win32-x64\jre\17.0.12-win32-x86_64\bin\extnet.dll
0x00007ffb91890000 - 0x00007ffb9189e000 	C:\Users\Haythem\.vscode\extensions\redhat.java-1.34.0-win32-x64\jre\17.0.12-win32-x86_64\bin\sunmscapi.dll
0x00007ffb980a0000 - 0x00007ffb98206000 	C:\Windows\System32\CRYPT32.dll
0x00007ffb973b0000 - 0x00007ffb973de000 	C:\Windows\SYSTEM32\ncrypt.dll
0x00007ffb97370000 - 0x00007ffb973a7000 	C:\Windows\SYSTEM32\NTASN1.dll
0x00007ffb8f8b0000 - 0x00007ffb8f8b8000 	C:\Windows\system32\wshunix.dll

dbghelp: loaded successfully - version: 4.0.5 - missing functions: none
symbol engine: initialized successfully - sym options: 0x614 - pdb path: .;C:\Users\Haythem\.vscode\extensions\redhat.java-1.34.0-win32-x64\jre\17.0.12-win32-x86_64\bin;C:\Windows\SYSTEM32;C:\Windows\WinSxS\amd64_microsoft.windows.common-controls_6595b64144ccf1df_6.0.22621.3672_none_2713b9d173822955;C:\Users\Haythem\.vscode\extensions\redhat.java-1.34.0-win32-x64\jre\17.0.12-win32-x86_64\bin\server;C:\Users\Haythem\.gradle\native\c067742578af261105cb4f569cf0c3c89f3d7b1fecec35dd04571415982c5e48\windows-amd64;C:\Users\Haythem\.gradle\native\38dada09dfb8b06ba9b0570ebf7e218e3eb74d4ef43ca46872605cf95ebc2f47\windows-amd64

VM Arguments:
jvm_args: -XX:+HeapDumpOnOutOfMemoryError --add-opens=java.base/java.util=ALL-UNNAMED --add-opens=java.base/java.lang=ALL-UNNAMED --add-opens=java.base/java.lang.invoke=ALL-UNNAMED --add-opens=java.prefs/java.util.prefs=ALL-UNNAMED --add-opens=java.base/java.nio.charset=ALL-UNNAMED --add-opens=java.base/java.net=ALL-UNNAMED --add-opens=java.base/java.util.concurrent.atomic=ALL-UNNAMED -Xmx4G -Dfile.encoding=utf8 -Duser.country=US -Duser.language=en -Duser.variant 
java_command: org.gradle.launcher.daemon.bootstrap.GradleDaemon 7.6.3
java_class_path (initial): C:\Users\Haythem\.gradle\wrapper\dists\gradle-7.6.3-all\aocdy2d2z8kodnny3rsumj8i8\gradle-7.6.3\lib\gradle-launcher-7.6.3.jar
Launcher Type: SUN_STANDARD

[Global flags]
     intx CICompilerCount                          = 4                                         {product} {ergonomic}
     uint ConcGCThreads                            = 2                                         {product} {ergonomic}
     uint G1ConcRefinementThreads                  = 8                                         {product} {ergonomic}
   size_t G1HeapRegionSize                         = 2097152                                   {product} {ergonomic}
    uintx GCDrainStackTargetSize                   = 64                                        {product} {ergonomic}
     bool HeapDumpOnOutOfMemoryError               = true                                   {manageable} {command line}
   size_t InitialHeapSize                          = 199229440                                 {product} {ergonomic}
   size_t MarkStackSize                            = 4194304                                   {product} {ergonomic}
   size_t MaxHeapSize                              = 4294967296                                {product} {command line}
   size_t MaxNewSize                               = 2575302656                                {product} {ergonomic}
   size_t MinHeapDeltaBytes                        = 2097152                                   {product} {ergonomic}
   size_t MinHeapSize                              = 8388608                                   {product} {ergonomic}
    uintx NonNMethodCodeHeapSize                   = 5839372                                {pd product} {ergonomic}
    uintx NonProfiledCodeHeapSize                  = 122909434                              {pd product} {ergonomic}
    uintx ProfiledCodeHeapSize                     = 122909434                              {pd product} {ergonomic}
    uintx ReservedCodeCacheSize                    = 251658240                              {pd product} {ergonomic}
     bool SegmentedCodeCache                       = true                                      {product} {ergonomic}
   size_t SoftMaxHeapSize                          = 4294967296                             {manageable} {ergonomic}
     bool UseCompressedClassPointers               = true                           {product lp64_product} {ergonomic}
     bool UseCompressedOops                        = true                           {product lp64_product} {ergonomic}
     bool UseG1GC                                  = true                                      {product} {ergonomic}
     bool UseLargePagesIndividualAllocation        = false                                  {pd product} {ergonomic}

Logging:
Log output configuration:
 #0: stdout all=warning uptime,level,tags
 #1: stderr all=off uptime,level,tags

Environment Variables:
PATH=C:\instantclient_23_4;C:\Windows\system32;C:\Windows;C:\Windows\System32\Wbem;C:\Windows\System32\WindowsPowerShell\v1.0\;C:\Windows\System32\OpenSSH\;C:\Program Files\nodejs\;D:\jdk-22_windows-x64_bin\jdk-22.0.1\bin;D:\apache-maven-3.9.8-bin\apache-maven-3.9.8\bin;C:\Program Files\Git\bin;C:\Program Files\Git\cmd;C:\src\flutter\;C:\Program Files\Microsoft SQL Server\150\Tools\Binn\;C:\Program Files\Microsoft SQL Server\Client SDK\ODBC\170\Tools\Binn\;C:\Program Files\dotnet\;C:\Program Files (x86)\Windows Kits\10\Windows Performance Toolkit\;C:\instantclient_23_4;C:\instantclient_23_4;C:\Windows\system32;C:\Windows;C:\Windows\System32\Wbem;C:\Windows\System32\WindowsPowerShell\v1.0\;C:\Windows\System32\OpenSSH\;C:\Program Files\nodejs\;C:\Program Files\Vagrant\bin;D:\jdk-22_windows-x64_bin\jdk-22.0.1\bin;D:\apache-maven-3.9.8-bin\apache-maven-3.9.8\bin;C:\instantclient_23_4;C:\Program Files\Git\bin;C:\Program Files\Git\cmd;C:\src\flutter\;C:\Program Files\Microsoft SQL Server\150\Tools\Binn\;C:\Program Files\Microsoft SQL Server\Client SDK\ODBC\170\Tools\Binn\;C:\Program Files\dotnet\;C:\Program Files (x86)\Windows Kits\10\Windows Performance Toolkit\;C:\Users\Haythem\AppData\Local\Microsoft\WindowsApps;C:\Users\Haythem\AppData\Local\Programs\Microsoft VS Code\bin;C:\flutter\bin;C:\Users\Haythem\AppData\Roaming\npm;D:\altera\13.1\modelsim_ase\win32aloem;D:\intelFPGA\20.1\modelsim_ase\win32aloem;C:\Users\Haythem\AppData\Local\Android\Sdk\emulator;C:\src\flutter\bin;C:\Users\Haythem\.dotnet\tools
USERNAME=Haythem
OS=Windows_NT
PROCESSOR_IDENTIFIER=Intel64 Family 6 Model 142 Stepping 12, GenuineIntel
TMP=C:\Users\Haythem\AppData\Local\Temp
TEMP=C:\Users\Haythem\AppData\Local\Temp



Periodic native trim disabled


---------------  S Y S T E M  ---------------

OS:
 Windows 11 , 64 bit Build 22621 (10.0.22621.3958)
OS uptime: 0 days 0:48 hours
Hyper-V role detected

CPU: total 8 (initial active 8) (4 cores per cpu, 2 threads per core) family 6 model 142 stepping 12 microcode 0xec, cx8, cmov, fxsr, ht, mmx, 3dnowpref, sse, sse2, sse3, ssse3, sse4.1, sse4.2, popcnt, lzcnt, tsc, tscinvbit, avx, avx2, aes, erms, clmul, bmi1, bmi2, adx, fma, vzeroupper, clflush, clflushopt, hv
Processor Information for all 8 processors :
  Max Mhz: 2112, Current Mhz: 1609, Mhz Limit: 1605

Memory: 4k page, system-wide physical 12121M (2464M free)
TotalPageFile size 12121M (AvailPageFile size 4M)
current process WorkingSet (physical memory assigned to process): 254M, peak: 260M
current process commit charge ("private bytes"): 291M, peak: 325M

vm_info: OpenJDK 64-Bit Server VM (17.0.12+7) for windows-amd64 JRE (17.0.12+7), built on Jul 16 2024 22:08:24 by "admin" with MS VC++ 16.10 / 16.11 (VS2019)

END.
