#
# There is insufficient memory for the Java Runtime Environment to continue.
# Native memory allocation (malloc) failed to allocate 1048576 bytes. Error detail: AllocateHeap
# Possible reasons:
#   The system is out of physical RAM or swap space
#   This process is running with CompressedOops enabled, and the Java Heap may be blocking the growth of the native heap
# Possible solutions:
#   Reduce memory load on the system
#   Increase physical memory or swap space
#   Check if swap backing store is full
#   Decrease Java heap size (-Xmx/-Xms)
#   Decrease number of Java threads
#   Decrease Java thread stack sizes (-Xss)
#   Set larger code cache with -XX:ReservedCodeCacheSize=
#   JVM is running with Unscaled Compressed Oops mode in which the Java heap is
#     placed in the first 4GB address space. The Java Heap base address is the
#     maximum limit for the native heap growth. Please use -XX:HeapBaseMinAddress
#     to set the Java Heap base and to place the Java Heap above 4GB virtual address.
# This output file may be truncated or incomplete.
#
#  Out of Memory Error (allocation.cpp:44), pid=7880, tid=8716
#
# JRE version:  (17.0.12+7) (build )
# Java VM: OpenJDK 64-Bit Server VM (17.0.12+7, mixed mode, tiered, compressed oops, compressed class ptrs, parallel gc, windows-amd64)
# No core dump will be written. Minidumps are not enabled by default on client versions of Windows
#

---------------  S U M M A R Y ------------

Command Line: --add-modules=ALL-SYSTEM --add-opens=java.base/java.util=ALL-UNNAMED --add-opens=java.base/java.lang=ALL-UNNAMED --add-opens=java.base/sun.nio.fs=ALL-UNNAMED -Declipse.application=org.eclipse.jdt.ls.core.id1 -Dosgi.bundles.defaultStartLevel=4 -Declipse.product=org.eclipse.jdt.ls.core.product -Djava.import.generatesMetadataFilesAtProjectRoot=false -DDetectVMInstallationsJob.disabled=true -Dfile.encoding=utf8 -XX:+UseParallelGC -XX:GCTimeRatio=4 -XX:AdaptiveSizePolicyWeight=90 -Dsun.zip.disableMemoryMapping=true -Xmx1G -Xms100m -Xlog:disable -javaagent:c:\Users\Haythem\.vscode\extensions\redhat.java-1.34.0-win32-x64\lombok\lombok-1.18.33.jar -XX:+HeapDumpOnOutOfMemoryError -XX:HeapDumpPath=c:\Users\Haythem\AppData\Roaming\Code\User\workspaceStorage\478cf4b827455537b1c4473e38b860e3\redhat.java -Daether.dependencyCollector.impl=bf c:\Users\Haythem\.vscode\extensions\redhat.java-1.34.0-win32-x64\server\plugins\org.eclipse.equinox.launcher_1.6.900.v20240613-2009.jar -configuration c:\Users\Haythem\AppData\Roaming\Code\User\globalStorage\redhat.java\1.34.0\config_win -data c:\Users\Haythem\AppData\Roaming\Code\User\workspaceStorage\478cf4b827455537b1c4473e38b860e3\redhat.java\jdt_ws --pipe=\\.\pipe\lsp-d607141d14cf5bf7f00b9076f6c53a11-sock

Host: Intel(R) Core(TM) i5-10210U CPU @ 1.60GHz, 8 cores, 11G,  Windows 11 , 64 bit Build 22621 (10.0.22621.3958)
Time: Mon Sep 23 03:00:46 2024 Pacific Daylight Time elapsed time: 0.198891 seconds (0d 0h 0m 0s)

---------------  T H R E A D  ---------------

Current thread (0x00000242283edc00):  JavaThread "Unknown thread" [_thread_in_vm, id=8716, stack(0x000000cb0ed00000,0x000000cb0ee00000)]

Stack: [0x000000cb0ed00000,0x000000cb0ee00000]
Native frames: (J=compiled Java code, j=interpreted, Vv=VM code, C=native code)
V  [jvm.dll+0x67f929]
V  [jvm.dll+0x8371ba]
V  [jvm.dll+0x838c7e]
V  [jvm.dll+0x8392e3]
V  [jvm.dll+0x24834f]
V  [jvm.dll+0xa70d3]
V  [jvm.dll+0x6b2fb6]
V  [jvm.dll+0x6b3b8f]
V  [jvm.dll+0x68c0b3]
V  [jvm.dll+0x80916b]
V  [jvm.dll+0x36d434]
V  [jvm.dll+0x7e7425]
V  [jvm.dll+0x3f0edf]
V  [jvm.dll+0x3f2a31]
C  [jli.dll+0x528f]
C  [ucrtbase.dll+0x29333]
C  [KERNEL32.DLL+0x1257d]
C  [ntdll.dll+0x5af28]


---------------  P R O C E S S  ---------------

Threads class SMR info:
_java_thread_list=0x00007ffb1b056f18, length=0, elements={
}

Java Threads: ( => current thread )

Other Threads:
  0x0000024228404940 GCTaskThread "GC Thread#0" [stack: 0x000000cb0ef00000,0x000000cb0f000000] [id=3488]

=>0x00000242283edc00 (exited) JavaThread "Unknown thread" [_thread_in_vm, id=8716, stack(0x000000cb0ed00000,0x000000cb0ee00000)]

Threads with active compile tasks:

VM state: not at safepoint (normal execution)

VM Mutex/Monitor currently owned by a thread: None

Heap address: 0x00000000c0000000, size: 1024 MB, Compressed Oops mode: 32-bit

CDS archive(s) not mapped
Compressed class space mapped at: 0x0000000100000000-0x0000000140000000, reserved size: 1073741824
Narrow klass base: 0x0000000000000000, Narrow klass shift: 3, Narrow klass range: 0x140000000

GC Precious Log:
 CPUs: 8 total, 8 available
 Memory: 12121M
 Large Page Support: Disabled
 NUMA Support: Disabled
 Compressed Oops: Enabled (32-bit)
 Alignments: Space 512K, Generation 512K, Heap 2M
 Heap Min Capacity: 100M
 Heap Initial Capacity: 100M
 Heap Max Capacity: 1G
 Pre-touch: Disabled
 Parallel Workers: 8

Heap:
 PSYoungGen      total 29696K, used 512K [0x00000000eab00000, 0x00000000ecc00000, 0x0000000100000000)
  eden space 25600K, 2% used [0x00000000eab00000,0x00000000eab80070,0x00000000ec400000)
  from space 4096K, 0% used [0x00000000ec800000,0x00000000ec800000,0x00000000ecc00000)
  to   space 4096K, 0% used [0x00000000ec400000,0x00000000ec400000,0x00000000ec800000)
 ParOldGen       total 68608K, used 0K [0x00000000c0000000, 0x00000000c4300000, 0x00000000eab00000)
  object space 68608K, 0% used [0x00000000c0000000,0x00000000c0000000,0x00000000c4300000)
 Metaspace       used 1149K, committed 1216K, reserved 1114112K
  class space    used 101K, committed 128K, reserved 1048576K

Card table byte_map: [0x0000024227db0000,0x0000024227fc0000] _byte_map_base: 0x00000242277b0000

Marking Bits: (ParMarkBitMap*) 0x00007ffb1b0c58b0
 Begin Bits: [0x000002423a080000, 0x000002423b080000)
 End Bits:   [0x000002423b080000, 0x000002423c080000)

Polling page: 0x0000024227ba0000

Metaspace:

Usage:
  Non-class:      1.02 MB used.
      Class:    101.05 KB used.
       Both:      1.12 MB used.

Virtual space:
  Non-class space:       64.00 MB reserved,       1.06 MB (  2%) committed,  1 nodes.
      Class space:        1.00 GB reserved,     128.00 KB ( <1%) committed,  1 nodes.
             Both:        1.06 GB reserved,       1.19 MB ( <1%) committed. 

Chunk freelists:
   Non-Class:  12.00 MB
       Class:  15.75 MB
        Both:  27.75 MB

MaxMetaspaceSize: unlimited
CompressedClassSpaceSize: 1.00 GB
Initial GC threshold: 21.00 MB
Current GC threshold: 17179869184.00 GB
CDS: off
MetaspaceReclaimPolicy: balanced
 - commit_granule_bytes: 65536.
 - commit_granule_words: 8192.
 - virtual_space_node_default_size: 8388608.
 - enlarge_chunks_in_place: 1.
 - new_chunks_are_fully_committed: 0.
 - uncommit_free_chunks: 1.
 - use_allocation_guard: 0.
 - handle_deallocations: 1.


Internal statistics:

num_allocs_failed_limit: 0.
num_arena_births: 2.
num_arena_deaths: 0.
num_vsnodes_births: 2.
num_vsnodes_deaths: 0.
num_space_committed: 19.
num_space_uncommitted: 0.
num_chunks_returned_to_freelist: 0.
num_chunks_taken_from_freelist: 3.
num_chunk_merges: 0.
num_chunk_splits: 2.
num_chunks_enlarged: 0.
num_inconsistent_stats: 0.

CodeHeap 'non-profiled nmethods': size=120000Kb used=0Kb max_used=0Kb free=120000Kb
 bounds [0x0000024232b50000, 0x0000024232dc0000, 0x000002423a080000]
CodeHeap 'profiled nmethods': size=120000Kb used=0Kb max_used=0Kb free=120000Kb
 bounds [0x000002422b080000, 0x000002422b2f0000, 0x00000242325b0000]
CodeHeap 'non-nmethods': size=5760Kb used=202Kb max_used=353Kb free=5557Kb
 bounds [0x00000242325b0000, 0x0000024232820000, 0x0000024232b50000]
 total_blobs=66 nmethods=0 adapters=47
 compilation: enabled
              stopped_count=0, restarted_count=0
 full_count=0

Compilation events (0 events):
No events

GC Heap History (0 events):
No events

Dll operation events (1 events):
Event: 0.043 Loaded shared library c:\Users\Haythem\.vscode\extensions\redhat.java-1.34.0-win32-x64\jre\17.0.12-win32-x86_64\bin\java.dll

Deoptimization events (0 events):
No events

Classes loaded (20 events):
Event: 0.167 Loading class java/lang/Long
Event: 0.167 Loading class java/lang/Long done
Event: 0.168 Loading class java/util/Iterator
Event: 0.168 Loading class java/util/Iterator done
Event: 0.168 Loading class java/lang/reflect/RecordComponent
Event: 0.168 Loading class java/lang/reflect/RecordComponent done
Event: 0.168 Loading class jdk/internal/vm/vector/VectorSupport
Event: 0.168 Loading class jdk/internal/vm/vector/VectorSupport done
Event: 0.168 Loading class jdk/internal/vm/vector/VectorSupport$VectorPayload
Event: 0.168 Loading class jdk/internal/vm/vector/VectorSupport$VectorPayload done
Event: 0.168 Loading class jdk/internal/vm/vector/VectorSupport$Vector
Event: 0.168 Loading class jdk/internal/vm/vector/VectorSupport$Vector done
Event: 0.168 Loading class jdk/internal/vm/vector/VectorSupport$VectorMask
Event: 0.168 Loading class jdk/internal/vm/vector/VectorSupport$VectorMask done
Event: 0.168 Loading class jdk/internal/vm/vector/VectorSupport$VectorShuffle
Event: 0.169 Loading class jdk/internal/vm/vector/VectorSupport$VectorShuffle done
Event: 0.172 Loading class java/lang/NullPointerException
Event: 0.172 Loading class java/lang/NullPointerException done
Event: 0.172 Loading class java/lang/ArithmeticException
Event: 0.172 Loading class java/lang/ArithmeticException done

Classes unloaded (0 events):
No events

Classes redefined (0 events):
No events

Internal exceptions (0 events):
No events

VM Operations (0 events):
No events

Events (0 events):
No events


Dynamic libraries:
0x00007ff6f16e0000 - 0x00007ff6f16ee000 	c:\Users\Haythem\.vscode\extensions\redhat.java-1.34.0-win32-x64\jre\17.0.12-win32-x86_64\bin\java.exe
0x00007ffb9a6d0000 - 0x00007ffb9a8e7000 	C:\Windows\SYSTEM32\ntdll.dll
0x00007ffb98e80000 - 0x00007ffb98f44000 	C:\Windows\System32\KERNEL32.DLL
0x00007ffb97cf0000 - 0x00007ffb9809d000 	C:\Windows\System32\KERNELBASE.dll
0x00007ffb982e0000 - 0x00007ffb983f1000 	C:\Windows\System32\ucrtbase.dll
0x00007ffb3f6a0000 - 0x00007ffb3f6b7000 	c:\Users\Haythem\.vscode\extensions\redhat.java-1.34.0-win32-x64\jre\17.0.12-win32-x86_64\bin\jli.dll
0x00007ffb993c0000 - 0x00007ffb9956e000 	C:\Windows\System32\USER32.dll
0x00007ffb979f0000 - 0x00007ffb97a16000 	C:\Windows\System32\win32u.dll
0x00007ffb9a660000 - 0x00007ffb9a689000 	C:\Windows\System32\GDI32.dll
0x00007ffb97a20000 - 0x00007ffb97b39000 	C:\Windows\System32\gdi32full.dll
0x00007ffb98240000 - 0x00007ffb982da000 	C:\Windows\System32\msvcp_win.dll
0x00007ffb5e1e0000 - 0x00007ffb5e1fb000 	c:\Users\Haythem\.vscode\extensions\redhat.java-1.34.0-win32-x64\jre\17.0.12-win32-x86_64\bin\VCRUNTIME140.dll
0x00007ffb7ed10000 - 0x00007ffb7efa3000 	C:\Windows\WinSxS\amd64_microsoft.windows.common-controls_6595b64144ccf1df_6.0.22621.3672_none_2713b9d173822955\COMCTL32.dll
0x00007ffb9a020000 - 0x00007ffb9a0c7000 	C:\Windows\System32\msvcrt.dll
0x00007ffb98760000 - 0x00007ffb98791000 	C:\Windows\System32\IMM32.DLL
0x00007ffb81e50000 - 0x00007ffb81e5c000 	c:\Users\Haythem\.vscode\extensions\redhat.java-1.34.0-win32-x64\jre\17.0.12-win32-x86_64\bin\vcruntime140_1.dll
0x00007ffb3eb70000 - 0x00007ffb3ebfd000 	c:\Users\Haythem\.vscode\extensions\redhat.java-1.34.0-win32-x64\jre\17.0.12-win32-x86_64\bin\msvcp140.dll
0x00007ffb1a520000 - 0x00007ffb1b18a000 	c:\Users\Haythem\.vscode\extensions\redhat.java-1.34.0-win32-x64\jre\17.0.12-win32-x86_64\bin\server\jvm.dll
0x00007ffb986a0000 - 0x00007ffb98752000 	C:\Windows\System32\ADVAPI32.dll
0x00007ffb99df0000 - 0x00007ffb99e99000 	C:\Windows\System32\sechost.dll
0x00007ffb98210000 - 0x00007ffb98238000 	C:\Windows\System32\bcrypt.dll
0x00007ffb98400000 - 0x00007ffb98514000 	C:\Windows\System32\RPCRT4.dll
0x00007ffb98df0000 - 0x00007ffb98e61000 	C:\Windows\System32\WS2_32.dll
0x00007ffb97130000 - 0x00007ffb9717d000 	C:\Windows\SYSTEM32\POWRPROF.dll
0x00007ffb92020000 - 0x00007ffb92054000 	C:\Windows\SYSTEM32\WINMM.dll
0x00007ffb91fd0000 - 0x00007ffb91fda000 	C:\Windows\SYSTEM32\VERSION.dll
0x00007ffb970e0000 - 0x00007ffb970f3000 	C:\Windows\SYSTEM32\UMPDC.dll
0x00007ffb96a00000 - 0x00007ffb96a18000 	C:\Windows\SYSTEM32\kernel.appcore.dll
0x00007ffb80010000 - 0x00007ffb8001a000 	c:\Users\Haythem\.vscode\extensions\redhat.java-1.34.0-win32-x64\jre\17.0.12-win32-x86_64\bin\jimage.dll
0x00007ffb94860000 - 0x00007ffb94a92000 	C:\Windows\SYSTEM32\DBGHELP.DLL
0x00007ffb98a50000 - 0x00007ffb98dde000 	C:\Windows\System32\combase.dll
0x00007ffb987a0000 - 0x00007ffb98877000 	C:\Windows\System32\OLEAUT32.dll
0x00007ffb70f20000 - 0x00007ffb70f52000 	C:\Windows\SYSTEM32\dbgcore.DLL
0x00007ffb97c70000 - 0x00007ffb97ceb000 	C:\Windows\System32\bcryptPrimitives.dll
0x00007ffb7e870000 - 0x00007ffb7e87e000 	c:\Users\Haythem\.vscode\extensions\redhat.java-1.34.0-win32-x64\jre\17.0.12-win32-x86_64\bin\instrument.dll
0x00007ffb3eff0000 - 0x00007ffb3f015000 	c:\Users\Haythem\.vscode\extensions\redhat.java-1.34.0-win32-x64\jre\17.0.12-win32-x86_64\bin\java.dll
0x00007ffb3f680000 - 0x00007ffb3f698000 	c:\Users\Haythem\.vscode\extensions\redhat.java-1.34.0-win32-x64\jre\17.0.12-win32-x86_64\bin\zip.dll

dbghelp: loaded successfully - version: 4.0.5 - missing functions: none
symbol engine: initialized successfully - sym options: 0x614 - pdb path: .;c:\Users\Haythem\.vscode\extensions\redhat.java-1.34.0-win32-x64\jre\17.0.12-win32-x86_64\bin;C:\Windows\SYSTEM32;C:\Windows\WinSxS\amd64_microsoft.windows.common-controls_6595b64144ccf1df_6.0.22621.3672_none_2713b9d173822955;c:\Users\Haythem\.vscode\extensions\redhat.java-1.34.0-win32-x64\jre\17.0.12-win32-x86_64\bin\server

VM Arguments:
jvm_args: --add-modules=ALL-SYSTEM --add-opens=java.base/java.util=ALL-UNNAMED --add-opens=java.base/java.lang=ALL-UNNAMED --add-opens=java.base/sun.nio.fs=ALL-UNNAMED -Declipse.application=org.eclipse.jdt.ls.core.id1 -Dosgi.bundles.defaultStartLevel=4 -Declipse.product=org.eclipse.jdt.ls.core.product -Djava.import.generatesMetadataFilesAtProjectRoot=false -DDetectVMInstallationsJob.disabled=true -Dfile.encoding=utf8 -XX:+UseParallelGC -XX:GCTimeRatio=4 -XX:AdaptiveSizePolicyWeight=90 -Dsun.zip.disableMemoryMapping=true -Xmx1G -Xms100m -Xlog:disable -javaagent:c:\Users\Haythem\.vscode\extensions\redhat.java-1.34.0-win32-x64\lombok\lombok-1.18.33.jar -XX:+HeapDumpOnOutOfMemoryError -XX:HeapDumpPath=c:\Users\Haythem\AppData\Roaming\Code\User\workspaceStorage\478cf4b827455537b1c4473e38b860e3\redhat.java -Daether.dependencyCollector.impl=bf 
java_command: c:\Users\Haythem\.vscode\extensions\redhat.java-1.34.0-win32-x64\server\plugins\org.eclipse.equinox.launcher_1.6.900.v20240613-2009.jar -configuration c:\Users\Haythem\AppData\Roaming\Code\User\globalStorage\redhat.java\1.34.0\config_win -data c:\Users\Haythem\AppData\Roaming\Code\User\workspaceStorage\478cf4b827455537b1c4473e38b860e3\redhat.java\jdt_ws --pipe=\\.\pipe\lsp-d607141d14cf5bf7f00b9076f6c53a11-sock
java_class_path (initial): c:\Users\Haythem\.vscode\extensions\redhat.java-1.34.0-win32-x64\server\plugins\org.eclipse.equinox.launcher_1.6.900.v20240613-2009.jar
Launcher Type: SUN_STANDARD

[Global flags]
    uintx AdaptiveSizePolicyWeight                 = 90                                        {product} {command line}
     intx CICompilerCount                          = 4                                         {product} {ergonomic}
    uintx GCTimeRatio                              = 4                                         {product} {command line}
     bool HeapDumpOnOutOfMemoryError               = true                                   {manageable} {command line}
    ccstr HeapDumpPath                             = c:\Users\Haythem\AppData\Roaming\Code\User\workspaceStorage\478cf4b827455537b1c4473e38b860e3\redhat.java         {manageable} {command line}
   size_t InitialHeapSize                          = 104857600                                 {product} {command line}
   size_t MaxHeapSize                              = 1073741824                                {product} {command line}
   size_t MaxNewSize                               = 357564416                                 {product} {ergonomic}
   size_t MinHeapDeltaBytes                        = 524288                                    {product} {ergonomic}
   size_t MinHeapSize                              = 104857600                                 {product} {command line}
   size_t NewSize                                  = 34603008                                  {product} {ergonomic}
    uintx NonNMethodCodeHeapSize                   = 5839372                                {pd product} {ergonomic}
    uintx NonProfiledCodeHeapSize                  = 122909434                              {pd product} {ergonomic}
   size_t OldSize                                  = 70254592                                  {product} {ergonomic}
    uintx ProfiledCodeHeapSize                     = 122909434                              {pd product} {ergonomic}
    uintx ReservedCodeCacheSize                    = 251658240                              {pd product} {ergonomic}
     bool SegmentedCodeCache                       = true                                      {product} {ergonomic}
   size_t SoftMaxHeapSize                          = 1073741824                             {manageable} {ergonomic}
     bool UseCompressedClassPointers               = true                           {product lp64_product} {ergonomic}
     bool UseCompressedOops                        = true                           {product lp64_product} {ergonomic}
     bool UseLargePagesIndividualAllocation        = false                                  {pd product} {ergonomic}
     bool UseParallelGC                            = true                                      {product} {command line}

Logging:
Log output configuration:
 #0: stdout all=off uptime,level,tags
 #1: stderr all=off uptime,level,tags

Environment Variables:
PATH=C:\instantclient_23_4;C:\Windows\system32;C:\Windows;C:\Windows\System32\Wbem;C:\Windows\System32\WindowsPowerShell\v1.0\;C:\Windows\System32\OpenSSH\;C:\Program Files\nodejs\;D:\jdk-22_windows-x64_bin\jdk-22.0.1\bin;D:\apache-maven-3.9.8-bin\apache-maven-3.9.8\bin;C:\Program Files\Git\bin;C:\Program Files\Git\cmd;C:\src\flutter\;C:\Program Files\Microsoft SQL Server\150\Tools\Binn\;C:\Program Files\Microsoft SQL Server\Client SDK\ODBC\170\Tools\Binn\;C:\Program Files\dotnet\;C:\Program Files (x86)\Windows Kits\10\Windows Performance Toolkit\;C:\instantclient_23_4;C:\instantclient_23_4;C:\Windows\system32;C:\Windows;C:\Windows\System32\Wbem;C:\Windows\System32\WindowsPowerShell\v1.0\;C:\Windows\System32\OpenSSH\;C:\Program Files\nodejs\;C:\Program Files\Vagrant\bin;D:\jdk-22_windows-x64_bin\jdk-22.0.1\bin;D:\apache-maven-3.9.8-bin\apache-maven-3.9.8\bin;C:\instantclient_23_4;C:\Program Files\Git\bin;C:\Program Files\Git\cmd;C:\src\flutter\;C:\Program Files\Microsoft SQL Server\150\Tools\Binn\;C:\Program Files\Microsoft SQL Server\Client SDK\ODBC\170\Tools\Binn\;C:\Program Files\dotnet\;C:\Program Files (x86)\Windows Kits\10\Windows Performance Toolkit\;C:\Users\Haythem\AppData\Local\Microsoft\WindowsApps;C:\Users\Haythem\AppData\Local\Programs\Microsoft VS Code\bin;C:\flutter\bin;C:\Users\Haythem\AppData\Roaming\npm;D:\altera\13.1\modelsim_ase\win32aloem;D:\intelFPGA\20.1\modelsim_ase\win32aloem;C:\Users\Haythem\AppData\Local\Android\Sdk\emulator;C:\src\flutter\bin;C:\Users\Haythem\.dotnet\tools
USERNAME=Haythem
OS=Windows_NT
PROCESSOR_IDENTIFIER=Intel64 Family 6 Model 142 Stepping 12, GenuineIntel
TMP=C:\Users\Haythem\AppData\Local\Temp
TEMP=C:\Users\Haythem\AppData\Local\Temp



Periodic native trim disabled


---------------  S Y S T E M  ---------------

OS:
 Windows 11 , 64 bit Build 22621 (10.0.22621.3958)
OS uptime: 0 days 0:37 hours
Hyper-V role detected

CPU: total 8 (initial active 8) (4 cores per cpu, 2 threads per core) family 6 model 142 stepping 12 microcode 0xec, cx8, cmov, fxsr, ht, mmx, 3dnowpref, sse, sse2, sse3, ssse3, sse4.1, sse4.2, popcnt, lzcnt, tsc, tscinvbit, avx, avx2, aes, erms, clmul, bmi1, bmi2, adx, fma, vzeroupper, clflush, clflushopt, hv
Processor Information for all 8 processors :
  Max Mhz: 2112, Current Mhz: 1609, Mhz Limit: 1605

Memory: 4k page, system-wide physical 12121M (3006M free)
TotalPageFile size 12121M (AvailPageFile size 15M)
current process WorkingSet (physical memory assigned to process): 16M, peak: 16M
current process commit charge ("private bytes"): 149M, peak: 150M

vm_info: OpenJDK 64-Bit Server VM (17.0.12+7) for windows-amd64 JRE (17.0.12+7), built on Jul 16 2024 22:08:24 by "admin" with MS VC++ 16.10 / 16.11 (VS2019)

END.
