#
# There is insufficient memory for the Java Runtime Environment to continue.
# Native memory allocation (malloc) failed to allocate 422944 bytes. Error detail: Chunk::new
# Possible reasons:
#   The system is out of physical RAM or swap space
#   This process is running with CompressedOops enabled, and the Java Heap may be blocking the growth of the native heap
# Possible solutions:
#   Reduce memory load on the system
#   Increase physical memory or swap space
#   Check if swap backing store is full
#   Decrease Java heap size (-Xmx/-Xms)
#   Decrease number of Java threads
#   Decrease Java thread stack sizes (-Xss)
#   Set larger code cache with -XX:ReservedCodeCacheSize=
#   JVM is running with Unscaled Compressed Oops mode in which the Java heap is
#     placed in the first 4GB address space. The Java Heap base address is the
#     maximum limit for the native heap growth. Please use -XX:HeapBaseMinAddress
#     to set the Java Heap base and to place the Java Heap above 4GB virtual address.
# This output file may be truncated or incomplete.
#
#  Out of Memory Error (arena.cpp:191), pid=2400, tid=1580
#
# JRE version: OpenJDK Runtime Environment Temurin-17.0.12+7 (17.0.12+7) (build 17.0.12+7)
# Java VM: OpenJDK 64-Bit Server VM Temurin-17.0.12+7 (17.0.12+7, mixed mode, tiered, compressed oops, compressed class ptrs, parallel gc, windows-amd64)
# No core dump will be written. Minidumps are not enabled by default on client versions of Windows
#

---------------  S U M M A R Y ------------

Command Line: --add-modules=ALL-SYSTEM --add-opens=java.base/java.util=ALL-UNNAMED --add-opens=java.base/java.lang=ALL-UNNAMED --add-opens=java.base/sun.nio.fs=ALL-UNNAMED -Declipse.application=org.eclipse.jdt.ls.core.id1 -Dosgi.bundles.defaultStartLevel=4 -Declipse.product=org.eclipse.jdt.ls.core.product -Djava.import.generatesMetadataFilesAtProjectRoot=false -DDetectVMInstallationsJob.disabled=true -Dfile.encoding=utf8 -XX:+UseParallelGC -XX:GCTimeRatio=4 -XX:AdaptiveSizePolicyWeight=90 -Dsun.zip.disableMemoryMapping=true -Xmx1G -Xms100m -Xlog:disable -javaagent:c:\Users\Haythem\.vscode\extensions\redhat.java-1.34.0-win32-x64\lombok\lombok-1.18.33.jar c:\Users\Haythem\.vscode\extensions\redhat.java-1.34.0-win32-x64\server\plugins\org.eclipse.equinox.launcher_1.6.900.v20240613-2009.jar -configuration c:\Users\Haythem\AppData\Roaming\Code\User\globalStorage\redhat.java\1.34.0\config_ss_win -data c:\Users\Haythem\AppData\Roaming\Code\User\workspaceStorage\478cf4b827455537b1c4473e38b860e3\redhat.java\ss_ws --pipe=\\.\pipe\lsp-fea1eddc428344a65ebaf0c8e5d14ae0-sock

Host: Intel(R) Core(TM) i5-10210U CPU @ 1.60GHz, 8 cores, 11G,  Windows 11 , 64 bit Build 22621 (10.0.22621.3958)
Time: Mon Sep 23 02:36:50 2024 Pacific Daylight Time elapsed time: 5.420585 seconds (0d 0h 0m 5s)

---------------  T H R E A D  ---------------

Current thread (0x000001b55b6cb7a0):  JavaThread "C2 CompilerThread0" daemon [_thread_in_native, id=1580, stack(0x0000008bda300000,0x0000008bda400000)]


Current CompileTask:
C2:   5420 1112       4       jdk.internal.jimage.ImageLocation::verify (218 bytes)

Stack: [0x0000008bda300000,0x0000008bda400000]
Native frames: (J=compiled Java code, j=interpreted, Vv=VM code, C=native code)
V  [jvm.dll+0x67f929]
V  [jvm.dll+0x8371ba]
V  [jvm.dll+0x838c7e]
V  [jvm.dll+0x8392e3]
V  [jvm.dll+0x24834f]
V  [jvm.dll+0xac9d4]
V  [jvm.dll+0xad01c]
V  [jvm.dll+0x3674a7]
V  [jvm.dll+0x33197a]
V  [jvm.dll+0x330e1a]
V  [jvm.dll+0x21a8b1]
V  [jvm.dll+0x219cf1]
V  [jvm.dll+0x1a58bd]
V  [jvm.dll+0x229a2d]
V  [jvm.dll+0x227bdc]
V  [jvm.dll+0x7ec1f7]
V  [jvm.dll+0x7e65dc]
V  [jvm.dll+0x67e7f7]
C  [ucrtbase.dll+0x29333]
C  [KERNEL32.DLL+0x1257d]
C  [ntdll.dll+0x5af28]


---------------  P R O C E S S  ---------------

Threads class SMR info:
_java_thread_list=0x000001b55cd6d940, length=12, elements={
0x000001b5405c1380, 0x000001b55b693010, 0x000001b55b693ae0, 0x000001b55b6c6f20,
0x000001b55b6c78f0, 0x000001b55b6ca2d0, 0x000001b55b6caba0, 0x000001b55b6cb7a0,
0x000001b55b730a00, 0x000001b55b742f10, 0x000001b55b76ca20, 0x000001b55c698b60
}

Java Threads: ( => current thread )
  0x000001b5405c1380 JavaThread "main" [_thread_in_vm, id=11328, stack(0x0000008bd9a00000,0x0000008bd9b00000)]
  0x000001b55b693010 JavaThread "Reference Handler" daemon [_thread_blocked, id=14176, stack(0x0000008bd9d00000,0x0000008bd9e00000)]
  0x000001b55b693ae0 JavaThread "Finalizer" daemon [_thread_blocked, id=13644, stack(0x0000008bd9e00000,0x0000008bd9f00000)]
  0x000001b55b6c6f20 JavaThread "Signal Dispatcher" daemon [_thread_blocked, id=14664, stack(0x0000008bd9f00000,0x0000008bda000000)]
  0x000001b55b6c78f0 JavaThread "Attach Listener" daemon [_thread_blocked, id=13396, stack(0x0000008bda000000,0x0000008bda100000)]
  0x000001b55b6ca2d0 JavaThread "Service Thread" daemon [_thread_blocked, id=14188, stack(0x0000008bda100000,0x0000008bda200000)]
  0x000001b55b6caba0 JavaThread "Monitor Deflation Thread" daemon [_thread_blocked, id=12224, stack(0x0000008bda200000,0x0000008bda300000)]
=>0x000001b55b6cb7a0 JavaThread "C2 CompilerThread0" daemon [_thread_in_native, id=1580, stack(0x0000008bda300000,0x0000008bda400000)]
  0x000001b55b730a00 JavaThread "C1 CompilerThread0" daemon [_thread_blocked, id=3428, stack(0x0000008bda400000,0x0000008bda500000)]
  0x000001b55b742f10 JavaThread "Sweeper thread" daemon [_thread_blocked, id=14100, stack(0x0000008bda500000,0x0000008bda600000)]
  0x000001b55b76ca20 JavaThread "Common-Cleaner" daemon [_thread_blocked, id=9600, stack(0x0000008bda600000,0x0000008bda700000)]
  0x000001b55c698b60 JavaThread "Notification Thread" daemon [_thread_blocked, id=11768, stack(0x0000008bda700000,0x0000008bda800000)]

Other Threads:
  0x000001b55b680090 VMThread "VM Thread" [stack: 0x0000008bd9c00000,0x0000008bd9d00000] [id=13476]
  0x000001b55b8fe510 WatcherThread [stack: 0x0000008bda800000,0x0000008bda900000] [id=14624]
  0x000001b5405cf3b0 GCTaskThread "GC Thread#0" [stack: 0x0000008bd9b00000,0x0000008bd9c00000] [id=13820]
  0x000001b55ca2e2f0 GCTaskThread "GC Thread#1" [stack: 0x0000008bda900000,0x0000008bdaa00000] [id=10152]
  0x000001b55c91abc0 GCTaskThread "GC Thread#2" [stack: 0x0000008bdaa00000,0x0000008bdab00000] [id=7916]
  0x000001b55c91ae80 GCTaskThread "GC Thread#3" [stack: 0x0000008bdab00000,0x0000008bdac00000] [id=9544]
  0x000001b55c91b140 GCTaskThread "GC Thread#4" [stack: 0x0000008bdac00000,0x0000008bdad00000] [id=2856]
  0x000001b55c91b400 GCTaskThread "GC Thread#5" [stack: 0x0000008bdad00000,0x0000008bdae00000] [id=15176]
  0x000001b55cb5af80 GCTaskThread "GC Thread#6" [stack: 0x0000008bdae00000,0x0000008bdaf00000] [id=15160]

Threads with active compile tasks:
C2 CompilerThread0     5452 1112       4       jdk.internal.jimage.ImageLocation::verify (218 bytes)

VM state: not at safepoint (normal execution)

VM Mutex/Monitor currently owned by a thread: None

Heap address: 0x00000000c0000000, size: 1024 MB, Compressed Oops mode: 32-bit

CDS archive(s) not mapped
Compressed class space mapped at: 0x0000000100000000-0x0000000140000000, reserved size: 1073741824
Narrow klass base: 0x0000000000000000, Narrow klass shift: 3, Narrow klass range: 0x140000000

GC Precious Log:
 CPUs: 8 total, 8 available
 Memory: 12121M
 Large Page Support: Disabled
 NUMA Support: Disabled
 Compressed Oops: Enabled (32-bit)
 Alignments: Space 512K, Generation 512K, Heap 2M
 Heap Min Capacity: 100M
 Heap Initial Capacity: 100M
 Heap Max Capacity: 1G
 Pre-touch: Disabled
 Parallel Workers: 8

Heap:
 PSYoungGen      total 29696K, used 10754K [0x00000000eab00000, 0x00000000ecc00000, 0x0000000100000000)
  eden space 25600K, 29% used [0x00000000eab00000,0x00000000eb267768,0x00000000ec400000)
  from space 4096K, 77% used [0x00000000ec400000,0x00000000ec7192e0,0x00000000ec800000)
  to   space 4096K, 0% used [0x00000000ec800000,0x00000000ec800000,0x00000000ecc00000)
 ParOldGen       total 68608K, used 0K [0x00000000c0000000, 0x00000000c4300000, 0x00000000eab00000)
  object space 68608K, 0% used [0x00000000c0000000,0x00000000c0000000,0x00000000c4300000)
 Metaspace       used 12179K, committed 12352K, reserved 1114112K
  class space    used 1191K, committed 1216K, reserved 1048576K

Card table byte_map: [0x000001b553c40000,0x000001b553e50000] _byte_map_base: 0x000001b553640000

Marking Bits: (ParMarkBitMap*) 0x00007ffb1f3658b0
 Begin Bits: [0x000001b553fb0000, 0x000001b554fb0000)
 End Bits:   [0x000001b554fb0000, 0x000001b555fb0000)

Polling page: 0x000001b540670000

Metaspace:

Usage:
  Non-class:     10.73 MB used.
      Class:      1.16 MB used.
       Both:     11.89 MB used.

Virtual space:
  Non-class space:       64.00 MB reserved,      10.88 MB ( 17%) committed,  1 nodes.
      Class space:        1.00 GB reserved,       1.19 MB ( <1%) committed,  1 nodes.
             Both:        1.06 GB reserved,      12.06 MB (  1%) committed. 

Chunk freelists:
   Non-Class:  4.36 MB
       Class:  14.62 MB
        Both:  18.98 MB

MaxMetaspaceSize: unlimited
CompressedClassSpaceSize: 1.00 GB
Initial GC threshold: 21.00 MB
Current GC threshold: 21.00 MB
CDS: off
MetaspaceReclaimPolicy: balanced
 - commit_granule_bytes: 65536.
 - commit_granule_words: 8192.
 - virtual_space_node_default_size: 8388608.
 - enlarge_chunks_in_place: 1.
 - new_chunks_are_fully_committed: 0.
 - uncommit_free_chunks: 1.
 - use_allocation_guard: 0.
 - handle_deallocations: 1.


Internal statistics:

num_allocs_failed_limit: 0.
num_arena_births: 30.
num_arena_deaths: 0.
num_vsnodes_births: 2.
num_vsnodes_deaths: 0.
num_space_committed: 193.
num_space_uncommitted: 0.
num_chunks_returned_to_freelist: 0.
num_chunks_taken_from_freelist: 140.
num_chunk_merges: 0.
num_chunk_splits: 95.
num_chunks_enlarged: 77.
num_inconsistent_stats: 0.

CodeHeap 'non-profiled nmethods': size=120000Kb used=485Kb max_used=485Kb free=119514Kb
 bounds [0x000001b54c530000, 0x000001b54c7a0000, 0x000001b553a60000]
CodeHeap 'profiled nmethods': size=120000Kb used=2010Kb max_used=2010Kb free=117990Kb
 bounds [0x000001b544a60000, 0x000001b544cd0000, 0x000001b54bf90000]
CodeHeap 'non-nmethods': size=5760Kb used=1146Kb max_used=1170Kb free=4613Kb
 bounds [0x000001b54bf90000, 0x000001b54c200000, 0x000001b54c530000]
 total_blobs=1555 nmethods=1117 adapters=353
 compilation: enabled
              stopped_count=0, restarted_count=0
 full_count=0

Compilation events (20 events):
Event: 5.268 Thread 0x000001b55b730a00 nmethod 1108 0x000001b544c4e390 code [0x000001b544c4e540, 0x000001b544c4e798]
Event: 5.268 Thread 0x000001b55b730a00 1109       3       java.io.File::getAbsolutePath (8 bytes)
Event: 5.269 Thread 0x000001b55b730a00 nmethod 1109 0x000001b544c4e890 code [0x000001b544c4ea40, 0x000001b544c4eba8]
Event: 5.291 Thread 0x000001b55b730a00 1110       3       java.net.URI$Parser::scan (53 bytes)
Event: 5.293 Thread 0x000001b55b730a00 nmethod 1110 0x000001b544c4ec90 code [0x000001b544c4ef20, 0x000001b544c4fb38]
Event: 5.295 Thread 0x000001b55b730a00 1111       3       java.net.URI::toString (16 bytes)
Event: 5.295 Thread 0x000001b55b730a00 nmethod 1111 0x000001b544c50090 code [0x000001b544c50240, 0x000001b544c503c8]
Event: 5.365 Thread 0x000001b55b6cb7a0 1112       4       jdk.internal.jimage.ImageLocation::verify (218 bytes)
Event: 5.378 Thread 0x000001b55b730a00 1113       3       java.lang.ref.Cleaner::register (25 bytes)
Event: 5.378 Thread 0x000001b55b730a00 nmethod 1113 0x000001b544c50490 code [0x000001b544c50680, 0x000001b544c50b88]
Event: 5.378 Thread 0x000001b55b730a00 1114       3       jdk.internal.ref.CleanerImpl$PhantomCleanableRef::<init> (12 bytes)
Event: 5.379 Thread 0x000001b55b730a00 nmethod 1114 0x000001b544c50d90 code [0x000001b544c50f20, 0x000001b544c51088]
Event: 5.383 Thread 0x000001b55b730a00 1116       3       org.lombokweb.asm.SymbolTable::hash (10 bytes)
Event: 5.383 Thread 0x000001b55b730a00 nmethod 1116 0x000001b544c51110 code [0x000001b544c512a0, 0x000001b544c513c8]
Event: 5.385 Thread 0x000001b55b730a00 1117   !   3       sun.net.www.ParseUtil::decode (317 bytes)
Event: 5.392 Thread 0x000001b55b730a00 nmethod 1117 0x000001b544c51490 code [0x000001b544c51a20, 0x000001b544c54658]
Event: 5.392 Thread 0x000001b55b730a00 1118       3       java.io.File::<init> (20 bytes)
Event: 5.392 Thread 0x000001b55b730a00 nmethod 1118 0x000001b544c55890 code [0x000001b544c55a20, 0x000001b544c55bb8]
Event: 5.398 Thread 0x000001b55b730a00 1121       3       jdk.internal.module.Resources::toPackageName (39 bytes)
Event: 5.399 Thread 0x000001b55b730a00 nmethod 1121 0x000001b544c55c90 code [0x000001b544c55ec0, 0x000001b544c56538]

GC Heap History (2 events):
Event: 4.175 GC heap before
{Heap before GC invocations=1 (full 0):
 PSYoungGen      total 29696K, used 25600K [0x00000000eab00000, 0x00000000ecc00000, 0x0000000100000000)
  eden space 25600K, 100% used [0x00000000eab00000,0x00000000ec400000,0x00000000ec400000)
  from space 4096K, 0% used [0x00000000ec800000,0x00000000ec800000,0x00000000ecc00000)
  to   space 4096K, 0% used [0x00000000ec400000,0x00000000ec400000,0x00000000ec800000)
 ParOldGen       total 68608K, used 0K [0x00000000c0000000, 0x00000000c4300000, 0x00000000eab00000)
  object space 68608K, 0% used [0x00000000c0000000,0x00000000c0000000,0x00000000c4300000)
 Metaspace       used 10978K, committed 11200K, reserved 1114112K
  class space    used 1094K, committed 1216K, reserved 1048576K
}
Event: 4.195 GC heap after
{Heap after GC invocations=1 (full 0):
 PSYoungGen      total 29696K, used 3172K [0x00000000eab00000, 0x00000000ecc00000, 0x0000000100000000)
  eden space 25600K, 0% used [0x00000000eab00000,0x00000000eab00000,0x00000000ec400000)
  from space 4096K, 77% used [0x00000000ec400000,0x00000000ec7192e0,0x00000000ec800000)
  to   space 4096K, 0% used [0x00000000ec800000,0x00000000ec800000,0x00000000ecc00000)
 ParOldGen       total 68608K, used 0K [0x00000000c0000000, 0x00000000c4300000, 0x00000000eab00000)
  object space 68608K, 0% used [0x00000000c0000000,0x00000000c0000000,0x00000000c4300000)
 Metaspace       used 10978K, committed 11200K, reserved 1114112K
  class space    used 1094K, committed 1216K, reserved 1048576K
}

Dll operation events (8 events):
Event: 0.021 Loaded shared library c:\Users\Haythem\.vscode\extensions\redhat.java-1.34.0-win32-x64\jre\17.0.12-win32-x86_64\bin\java.dll
Event: 0.722 Loaded shared library c:\Users\Haythem\.vscode\extensions\redhat.java-1.34.0-win32-x64\jre\17.0.12-win32-x86_64\bin\zip.dll
Event: 0.738 Loaded shared library C:\Users\Haythem\.vscode\extensions\redhat.java-1.34.0-win32-x64\jre\17.0.12-win32-x86_64\bin\instrument.dll
Event: 0.823 Loaded shared library C:\Users\Haythem\.vscode\extensions\redhat.java-1.34.0-win32-x64\jre\17.0.12-win32-x86_64\bin\net.dll
Event: 0.827 Loaded shared library C:\Users\Haythem\.vscode\extensions\redhat.java-1.34.0-win32-x64\jre\17.0.12-win32-x86_64\bin\nio.dll
Event: 0.886 Loaded shared library C:\Users\Haythem\.vscode\extensions\redhat.java-1.34.0-win32-x64\jre\17.0.12-win32-x86_64\bin\zip.dll
Event: 0.948 Loaded shared library C:\Users\Haythem\.vscode\extensions\redhat.java-1.34.0-win32-x64\jre\17.0.12-win32-x86_64\bin\jimage.dll
Event: 1.406 Loaded shared library c:\Users\Haythem\.vscode\extensions\redhat.java-1.34.0-win32-x64\jre\17.0.12-win32-x86_64\bin\verify.dll

Deoptimization events (20 events):
Event: 4.802 Thread 0x000001b5405c1380 Uncommon trap: trap_request=0xffffff45 fr.pc=0x000001b54c56e6f0 relative=0x00000000000010b0
Event: 4.802 Thread 0x000001b5405c1380 Uncommon trap: reason=unstable_if action=reinterpret pc=0x000001b54c56e6f0 method=lombok.patcher.PatchScript.classMatches(Ljava/lang/String;Ljava/util/Collection;)Z @ 25 c2
Event: 4.802 Thread 0x000001b5405c1380 DEOPT PACKING pc=0x000001b54c56e6f0 sp=0x0000008bd9af8760
Event: 4.802 Thread 0x000001b5405c1380 DEOPT UNPACKING pc=0x000001b54bfe66a3 sp=0x0000008bd9af86c8 mode 2
Event: 4.808 Thread 0x000001b5405c1380 DEOPT PACKING pc=0x000001b544ad11c5 sp=0x0000008bd9af7c00
Event: 4.808 Thread 0x000001b5405c1380 DEOPT UNPACKING pc=0x000001b54bfe6e43 sp=0x0000008bd9af70b0 mode 0
Event: 4.834 Thread 0x000001b5405c1380 DEOPT PACKING pc=0x000001b544ad11c5 sp=0x0000008bd9af3fe0
Event: 4.834 Thread 0x000001b5405c1380 DEOPT UNPACKING pc=0x000001b54bfe6e43 sp=0x0000008bd9af3490 mode 0
Event: 4.840 Thread 0x000001b5405c1380 DEOPT PACKING pc=0x000001b544ad11c5 sp=0x0000008bd9af3fe0
Event: 4.840 Thread 0x000001b5405c1380 DEOPT UNPACKING pc=0x000001b54bfe6e43 sp=0x0000008bd9af3490 mode 0
Event: 5.101 Thread 0x000001b5405c1380 DEOPT PACKING pc=0x000001b544ad11c5 sp=0x0000008bd9af3fe0
Event: 5.101 Thread 0x000001b5405c1380 DEOPT UNPACKING pc=0x000001b54bfe6e43 sp=0x0000008bd9af3490 mode 0
Event: 5.375 Thread 0x000001b5405c1380 Uncommon trap: trap_request=0xffffffc6 fr.pc=0x000001b54c55ae60 relative=0x00000000000002c0
Event: 5.375 Thread 0x000001b5405c1380 Uncommon trap: reason=bimorphic_or_optimized_type_check action=maybe_recompile pc=0x000001b54c55ae60 method=java.util.Collections$UnmodifiableCollection$1.next()Ljava/lang/Object; @ 4 c2
Event: 5.375 Thread 0x000001b5405c1380 DEOPT PACKING pc=0x000001b54c55ae60 sp=0x0000008bd9af8200
Event: 5.376 Thread 0x000001b5405c1380 DEOPT UNPACKING pc=0x000001b54bfe66a3 sp=0x0000008bd9af81b0 mode 2
Event: 5.376 Thread 0x000001b5405c1380 Uncommon trap: trap_request=0xffffffc6 fr.pc=0x000001b54c55ae60 relative=0x00000000000002c0
Event: 5.376 Thread 0x000001b5405c1380 Uncommon trap: reason=bimorphic_or_optimized_type_check action=maybe_recompile pc=0x000001b54c55ae60 method=java.util.Collections$UnmodifiableCollection$1.next()Ljava/lang/Object; @ 4 c2
Event: 5.376 Thread 0x000001b5405c1380 DEOPT PACKING pc=0x000001b54c55ae60 sp=0x0000008bd9af8200
Event: 5.376 Thread 0x000001b5405c1380 DEOPT UNPACKING pc=0x000001b54bfe66a3 sp=0x0000008bd9af81b0 mode 2

Classes loaded (20 events):
Event: 4.568 Loading class java/util/concurrent/SynchronousQueue$TransferStack
Event: 4.569 Loading class java/util/concurrent/SynchronousQueue$Transferer
Event: 4.569 Loading class java/util/concurrent/SynchronousQueue$Transferer done
Event: 4.569 Loading class java/util/concurrent/SynchronousQueue$TransferStack done
Event: 4.569 Loading class java/util/concurrent/SynchronousQueue$TransferStack$SNode
Event: 4.569 Loading class java/util/concurrent/ForkJoinPool$ManagedBlocker
Event: 4.569 Loading class java/util/concurrent/ForkJoinPool$ManagedBlocker done
Event: 4.569 Loading class java/util/concurrent/SynchronousQueue$TransferStack$SNode done
Event: 4.570 Loading class java/util/concurrent/RejectedExecutionHandler
Event: 4.571 Loading class java/util/concurrent/RejectedExecutionHandler done
Event: 4.571 Loading class java/util/concurrent/LinkedBlockingQueue
Event: 4.571 Loading class java/util/concurrent/LinkedBlockingQueue done
Event: 4.571 Loading class java/util/concurrent/LinkedBlockingQueue$Node
Event: 4.572 Loading class java/util/concurrent/LinkedBlockingQueue$Node done
Event: 4.598 Loading class java/util/concurrent/Semaphore$NonfairSync
Event: 4.598 Loading class java/util/concurrent/Semaphore$Sync
Event: 4.598 Loading class java/util/concurrent/Semaphore$Sync done
Event: 4.598 Loading class java/util/concurrent/Semaphore$NonfairSync done
Event: 5.211 Loading class java/lang/TypeNotPresentException
Event: 5.211 Loading class java/lang/TypeNotPresentException done

Classes unloaded (0 events):
No events

Classes redefined (0 events):
No events

Internal exceptions (20 events):
Event: 3.178 Thread 0x000001b5405c1380 Exception <a 'java/io/FileNotFoundException'{0x00000000eb87f728}> (0x00000000eb87f728) 
thrown [s\src\hotspot\share\prims\jni.cpp, line 516]
Event: 3.178 Thread 0x000001b5405c1380 Exception <a 'java/io/FileNotFoundException'{0x00000000eb880428}> (0x00000000eb880428) 
thrown [s\src\hotspot\share\prims\jni.cpp, line 516]
Event: 3.179 Thread 0x000001b5405c1380 Exception <a 'java/io/FileNotFoundException'{0x00000000eb881108}> (0x00000000eb881108) 
thrown [s\src\hotspot\share\prims\jni.cpp, line 516]
Event: 3.186 Thread 0x000001b5405c1380 Implicit null exception at 0x000001b54c553772 to 0x000001b54c553cc0
Event: 3.193 Thread 0x000001b5405c1380 Exception <a 'java/io/FileNotFoundException'{0x00000000eb8b9f58}> (0x00000000eb8b9f58) 
thrown [s\src\hotspot\share\prims\jni.cpp, line 516]
Event: 3.891 Thread 0x000001b5405c1380 Exception <a 'java/lang/ClassNotFoundException'{0x00000000ec0dc1f0}: sun/net/www/protocol/c/Handler> (0x00000000ec0dc1f0) 
thrown [s\src\hotspot\share\classfile\systemDictionary.cpp, line 256]
Event: 3.892 Thread 0x000001b5405c1380 Exception <a 'java/lang/ClassNotFoundException'{0x00000000ec0dd578}: sun/net/www/protocol/c/Handler> (0x00000000ec0dd578) 
thrown [s\src\hotspot\share\classfile\systemDictionary.cpp, line 256]
Event: 3.892 Thread 0x000001b5405c1380 Exception <a 'java/lang/ClassNotFoundException'{0x00000000ec0de768}: sun/net/www/protocol/c/Handler> (0x00000000ec0de768) 
thrown [s\src\hotspot\share\classfile\systemDictionary.cpp, line 256]
Event: 3.911 Thread 0x000001b5405c1380 Exception <a 'java/io/FileNotFoundException'{0x00000000ec102618}> (0x00000000ec102618) 
thrown [s\src\hotspot\share\prims\jni.cpp, line 516]
Event: 4.025 Thread 0x000001b5405c1380 Implicit null exception at 0x000001b54c591200 to 0x000001b54c591c74
Event: 4.025 Thread 0x000001b5405c1380 Implicit null exception at 0x000001b54c586aec to 0x000001b54c586ce4
Event: 4.025 Thread 0x000001b5405c1380 Implicit null exception at 0x000001b54c58896c to 0x000001b54c588b54
Event: 4.025 Thread 0x000001b5405c1380 Implicit null exception at 0x000001b54c57858f to 0x000001b54c578609
Event: 4.159 Thread 0x000001b5405c1380 Exception <a 'java/lang/NoSuchMethodError'{0x00000000ec3deeb8}: 'int java.lang.invoke.DirectMethodHandle$Holder.invokeStaticInit(java.lang.Object, java.lang.Object, java.lang.Object, java.lang.Object)'> (0x00000000ec3deeb8) 
thrown [s\src\hotspot\share\interpreter\linkResolver.cpp, line 759]
Event: 4.164 Thread 0x000001b5405c1380 Exception <a 'java/lang/NoSuchMethodError'{0x00000000ec3e9518}: 'java.lang.Object java.lang.invoke.DirectMethodHandle$Holder.invokeInterface(java.lang.Object, java.lang.Object)'> (0x00000000ec3e9518) 
thrown [s\src\hotspot\share\interpreter\linkResolver.cpp, line 759]
Event: 4.165 Thread 0x000001b5405c1380 Exception <a 'java/lang/IncompatibleClassChangeError'{0x00000000ec3ecd10}: Found class java.lang.Object, but interface was expected> (0x00000000ec3ecd10) 
thrown [s\src\hotspot\share\interpreter\linkResolver.cpp, line 826]
Event: 4.166 Thread 0x000001b5405c1380 Exception <a 'java/lang/NoSuchMethodError'{0x00000000ec3f11f0}: 'void java.lang.invoke.DirectMethodHandle$Holder.invokeStatic(java.lang.Object, java.lang.Object)'> (0x00000000ec3f11f0) 
thrown [s\src\hotspot\share\interpreter\linkResolver.cpp, line 759]
Event: 4.168 Thread 0x000001b5405c1380 Exception <a 'java/lang/NoSuchMethodError'{0x00000000ec3f49f0}: 'void java.lang.invoke.DirectMethodHandle$Holder.invokeStaticInit(java.lang.Object, java.lang.Object)'> (0x00000000ec3f49f0) 
thrown [s\src\hotspot\share\interpreter\linkResolver.cpp, line 759]
Event: 4.172 Thread 0x000001b5405c1380 Exception <a 'java/lang/NoSuchMethodError'{0x00000000ec3fbfd0}: 'int java.lang.invoke.DirectMethodHandle$Holder.invokeStaticInit(java.lang.Object, java.lang.Object)'> (0x00000000ec3fbfd0) 
thrown [s\src\hotspot\share\interpreter\linkResolver.cpp, line 759]
Event: 4.411 Thread 0x000001b5405c1380 Exception <a 'java/lang/NoSuchMethodError'{0x00000000eac26738}: 'void java.lang.invoke.DirectMethodHandle$Holder.invokeSpecial(java.lang.Object, java.lang.Object, java.lang.Object)'> (0x00000000eac26738) 
thrown [s\src\hotspot\share\interpreter\linkResolver.cpp, line 759]

VM Operations (18 events):
Event: 0.622 Executing VM operation: HandshakeAllThreads
Event: 0.622 Executing VM operation: HandshakeAllThreads done
Event: 1.059 Executing VM operation: HandshakeAllThreads
Event: 1.059 Executing VM operation: HandshakeAllThreads done
Event: 2.065 Executing VM operation: Cleanup
Event: 2.065 Executing VM operation: Cleanup done
Event: 2.898 Executing VM operation: HandshakeAllThreads
Event: 2.898 Executing VM operation: HandshakeAllThreads done
Event: 3.100 Executing VM operation: HandshakeAllThreads
Event: 3.100 Executing VM operation: HandshakeAllThreads done
Event: 3.100 Executing VM operation: Cleanup
Event: 3.100 Executing VM operation: Cleanup done
Event: 3.786 Executing VM operation: HandshakeAllThreads
Event: 3.786 Executing VM operation: HandshakeAllThreads done
Event: 4.175 Executing VM operation: ParallelGCFailedAllocation
Event: 4.195 Executing VM operation: ParallelGCFailedAllocation done
Event: 5.203 Executing VM operation: Cleanup
Event: 5.203 Executing VM operation: Cleanup done

Events (20 events):
Event: 0.131 Thread 0x000001b5405c1380 Thread added: 0x000001b5405c1380
Event: 0.211 Thread 0x000001b55b693010 Thread added: 0x000001b55b693010
Event: 0.211 Thread 0x000001b55b693ae0 Thread added: 0x000001b55b693ae0
Event: 0.264 Thread 0x000001b55b6c6f20 Thread added: 0x000001b55b6c6f20
Event: 0.264 Thread 0x000001b55b6c78f0 Thread added: 0x000001b55b6c78f0
Event: 0.264 Thread 0x000001b55b6ca2d0 Thread added: 0x000001b55b6ca2d0
Event: 0.264 Thread 0x000001b55b6caba0 Thread added: 0x000001b55b6caba0
Event: 0.264 Thread 0x000001b55b6cb7a0 Thread added: 0x000001b55b6cb7a0
Event: 0.271 Thread 0x000001b55b730a00 Thread added: 0x000001b55b730a00
Event: 0.276 Thread 0x000001b55b742f10 Thread added: 0x000001b55b742f10
Event: 0.538 Thread 0x000001b55b76ca20 Thread added: 0x000001b55b76ca20
Event: 2.183 Thread 0x000001b55c698b60 Thread added: 0x000001b55c698b60
Event: 2.196 Thread 0x000001b55b99dd50 Thread added: 0x000001b55b99dd50
Event: 2.847 Thread 0x000001b55b99dd50 Thread exited: 0x000001b55b99dd50
Event: 2.903 Thread 0x000001b55c751390 Thread added: 0x000001b55c751390
Event: 3.352 Thread 0x000001b55cb9a570 Thread added: 0x000001b55cb9a570
Event: 3.506 Thread 0x000001b55cb9a570 Thread exited: 0x000001b55cb9a570
Event: 3.891 Thread 0x000001b55c751390 Thread exited: 0x000001b55c751390
Event: 4.698 Thread 0x000001b55c8f61e0 Thread added: 0x000001b55c8f61e0
Event: 5.365 Thread 0x000001b55c8f61e0 Thread exited: 0x000001b55c8f61e0


Dynamic libraries:
0x00007ff672740000 - 0x00007ff67274e000 	c:\Users\Haythem\.vscode\extensions\redhat.java-1.34.0-win32-x64\jre\17.0.12-win32-x86_64\bin\java.exe
0x00007ffb9a6d0000 - 0x00007ffb9a8e7000 	C:\Windows\SYSTEM32\ntdll.dll
0x00007ffb98e80000 - 0x00007ffb98f44000 	C:\Windows\System32\KERNEL32.DLL
0x00007ffb97cf0000 - 0x00007ffb9809d000 	C:\Windows\System32\KERNELBASE.dll
0x00007ffb982e0000 - 0x00007ffb983f1000 	C:\Windows\System32\ucrtbase.dll
0x00007ffb5d010000 - 0x00007ffb5d027000 	c:\Users\Haythem\.vscode\extensions\redhat.java-1.34.0-win32-x64\jre\17.0.12-win32-x86_64\bin\jli.dll
0x00007ffb993c0000 - 0x00007ffb9956e000 	C:\Windows\System32\USER32.dll
0x00007ffb979f0000 - 0x00007ffb97a16000 	C:\Windows\System32\win32u.dll
0x00007ffb9a660000 - 0x00007ffb9a689000 	C:\Windows\System32\GDI32.dll
0x00007ffb97a20000 - 0x00007ffb97b39000 	C:\Windows\System32\gdi32full.dll
0x00007ffb98240000 - 0x00007ffb982da000 	C:\Windows\System32\msvcp_win.dll
0x00007ffb49490000 - 0x00007ffb494ab000 	c:\Users\Haythem\.vscode\extensions\redhat.java-1.34.0-win32-x64\jre\17.0.12-win32-x86_64\bin\VCRUNTIME140.dll
0x00007ffb7ed10000 - 0x00007ffb7efa3000 	C:\Windows\WinSxS\amd64_microsoft.windows.common-controls_6595b64144ccf1df_6.0.22621.3672_none_2713b9d173822955\COMCTL32.dll
0x00007ffb9a020000 - 0x00007ffb9a0c7000 	C:\Windows\System32\msvcrt.dll
0x00007ffb98760000 - 0x00007ffb98791000 	C:\Windows\System32\IMM32.DLL
0x00007ffb8fbc0000 - 0x00007ffb8fbcc000 	c:\Users\Haythem\.vscode\extensions\redhat.java-1.34.0-win32-x64\jre\17.0.12-win32-x86_64\bin\vcruntime140_1.dll
0x00007ffb239b0000 - 0x00007ffb23a3d000 	c:\Users\Haythem\.vscode\extensions\redhat.java-1.34.0-win32-x64\jre\17.0.12-win32-x86_64\bin\msvcp140.dll
0x00007ffb1e7c0000 - 0x00007ffb1f42a000 	c:\Users\Haythem\.vscode\extensions\redhat.java-1.34.0-win32-x64\jre\17.0.12-win32-x86_64\bin\server\jvm.dll
0x00007ffb986a0000 - 0x00007ffb98752000 	C:\Windows\System32\ADVAPI32.dll
0x00007ffb99df0000 - 0x00007ffb99e99000 	C:\Windows\System32\sechost.dll
0x00007ffb98210000 - 0x00007ffb98238000 	C:\Windows\System32\bcrypt.dll
0x00007ffb98400000 - 0x00007ffb98514000 	C:\Windows\System32\RPCRT4.dll
0x00007ffb98df0000 - 0x00007ffb98e61000 	C:\Windows\System32\WS2_32.dll
0x00007ffb97130000 - 0x00007ffb9717d000 	C:\Windows\SYSTEM32\POWRPROF.dll
0x00007ffb92020000 - 0x00007ffb92054000 	C:\Windows\SYSTEM32\WINMM.dll
0x00007ffb91fd0000 - 0x00007ffb91fda000 	C:\Windows\SYSTEM32\VERSION.dll
0x00007ffb970e0000 - 0x00007ffb970f3000 	C:\Windows\SYSTEM32\UMPDC.dll
0x00007ffb96a00000 - 0x00007ffb96a18000 	C:\Windows\SYSTEM32\kernel.appcore.dll
0x00007ffb7d6c0000 - 0x00007ffb7d6ca000 	c:\Users\Haythem\.vscode\extensions\redhat.java-1.34.0-win32-x64\jre\17.0.12-win32-x86_64\bin\jimage.dll
0x00007ffb94860000 - 0x00007ffb94a92000 	C:\Windows\SYSTEM32\DBGHELP.DLL
0x00007ffb98a50000 - 0x00007ffb98dde000 	C:\Windows\System32\combase.dll
0x00007ffb987a0000 - 0x00007ffb98877000 	C:\Windows\System32\OLEAUT32.dll
0x00007ffb70f20000 - 0x00007ffb70f52000 	C:\Windows\SYSTEM32\dbgcore.DLL
0x00007ffb97c70000 - 0x00007ffb97ceb000 	C:\Windows\System32\bcryptPrimitives.dll
0x00007ffb7cb60000 - 0x00007ffb7cb6e000 	c:\Users\Haythem\.vscode\extensions\redhat.java-1.34.0-win32-x64\jre\17.0.12-win32-x86_64\bin\instrument.dll
0x00007ffb49460000 - 0x00007ffb49485000 	c:\Users\Haythem\.vscode\extensions\redhat.java-1.34.0-win32-x64\jre\17.0.12-win32-x86_64\bin\java.dll
0x00007ffb3e880000 - 0x00007ffb3e898000 	c:\Users\Haythem\.vscode\extensions\redhat.java-1.34.0-win32-x64\jre\17.0.12-win32-x86_64\bin\zip.dll
0x00007ffb99570000 - 0x00007ffb99dd7000 	C:\Windows\System32\SHELL32.dll
0x00007ffb95920000 - 0x00007ffb9621f000 	C:\Windows\SYSTEM32\windows.storage.dll
0x00007ffb957e0000 - 0x00007ffb9591f000 	C:\Windows\SYSTEM32\wintypes.dll
0x00007ffb99160000 - 0x00007ffb99259000 	C:\Windows\System32\SHCORE.dll
0x00007ffb985c0000 - 0x00007ffb9861e000 	C:\Windows\System32\shlwapi.dll
0x00007ffb97920000 - 0x00007ffb97947000 	C:\Windows\SYSTEM32\profapi.dll
0x00007ffb493d0000 - 0x00007ffb493e9000 	C:\Users\Haythem\.vscode\extensions\redhat.java-1.34.0-win32-x64\jre\17.0.12-win32-x86_64\bin\net.dll
0x00007ffb92980000 - 0x00007ffb92ab6000 	C:\Windows\SYSTEM32\WINHTTP.dll
0x00007ffb96ed0000 - 0x00007ffb96f39000 	C:\Windows\system32\mswsock.dll
0x00007ffb493b0000 - 0x00007ffb493c6000 	C:\Users\Haythem\.vscode\extensions\redhat.java-1.34.0-win32-x64\jre\17.0.12-win32-x86_64\bin\nio.dll
0x00007ffb7cb00000 - 0x00007ffb7cb10000 	c:\Users\Haythem\.vscode\extensions\redhat.java-1.34.0-win32-x64\jre\17.0.12-win32-x86_64\bin\verify.dll

dbghelp: loaded successfully - version: 4.0.5 - missing functions: none
symbol engine: initialized successfully - sym options: 0x614 - pdb path: .;c:\Users\Haythem\.vscode\extensions\redhat.java-1.34.0-win32-x64\jre\17.0.12-win32-x86_64\bin;C:\Windows\SYSTEM32;C:\Windows\WinSxS\amd64_microsoft.windows.common-controls_6595b64144ccf1df_6.0.22621.3672_none_2713b9d173822955;c:\Users\Haythem\.vscode\extensions\redhat.java-1.34.0-win32-x64\jre\17.0.12-win32-x86_64\bin\server

VM Arguments:
jvm_args: --add-modules=ALL-SYSTEM --add-opens=java.base/java.util=ALL-UNNAMED --add-opens=java.base/java.lang=ALL-UNNAMED --add-opens=java.base/sun.nio.fs=ALL-UNNAMED -Declipse.application=org.eclipse.jdt.ls.core.id1 -Dosgi.bundles.defaultStartLevel=4 -Declipse.product=org.eclipse.jdt.ls.core.product -Djava.import.generatesMetadataFilesAtProjectRoot=false -DDetectVMInstallationsJob.disabled=true -Dfile.encoding=utf8 -XX:+UseParallelGC -XX:GCTimeRatio=4 -XX:AdaptiveSizePolicyWeight=90 -Dsun.zip.disableMemoryMapping=true -Xmx1G -Xms100m -Xlog:disable -javaagent:c:\Users\Haythem\.vscode\extensions\redhat.java-1.34.0-win32-x64\lombok\lombok-1.18.33.jar 
java_command: c:\Users\Haythem\.vscode\extensions\redhat.java-1.34.0-win32-x64\server\plugins\org.eclipse.equinox.launcher_1.6.900.v20240613-2009.jar -configuration c:\Users\Haythem\AppData\Roaming\Code\User\globalStorage\redhat.java\1.34.0\config_ss_win -data c:\Users\Haythem\AppData\Roaming\Code\User\workspaceStorage\478cf4b827455537b1c4473e38b860e3\redhat.java\ss_ws --pipe=\\.\pipe\lsp-fea1eddc428344a65ebaf0c8e5d14ae0-sock
java_class_path (initial): c:\Users\Haythem\.vscode\extensions\redhat.java-1.34.0-win32-x64\server\plugins\org.eclipse.equinox.launcher_1.6.900.v20240613-2009.jar
Launcher Type: SUN_STANDARD

[Global flags]
    uintx AdaptiveSizePolicyWeight                 = 90                                        {product} {command line}
     intx CICompilerCount                          = 4                                         {product} {ergonomic}
    uintx GCTimeRatio                              = 4                                         {product} {command line}
   size_t InitialHeapSize                          = 104857600                                 {product} {command line}
   size_t MaxHeapSize                              = 1073741824                                {product} {command line}
   size_t MaxNewSize                               = 357564416                                 {product} {ergonomic}
   size_t MinHeapDeltaBytes                        = 524288                                    {product} {ergonomic}
   size_t MinHeapSize                              = 104857600                                 {product} {command line}
   size_t NewSize                                  = 34603008                                  {product} {ergonomic}
    uintx NonNMethodCodeHeapSize                   = 5839372                                {pd product} {ergonomic}
    uintx NonProfiledCodeHeapSize                  = 122909434                              {pd product} {ergonomic}
   size_t OldSize                                  = 70254592                                  {product} {ergonomic}
    uintx ProfiledCodeHeapSize                     = 122909434                              {pd product} {ergonomic}
    uintx ReservedCodeCacheSize                    = 251658240                              {pd product} {ergonomic}
     bool SegmentedCodeCache                       = true                                      {product} {ergonomic}
   size_t SoftMaxHeapSize                          = 1073741824                             {manageable} {ergonomic}
     bool UseCompressedClassPointers               = true                           {product lp64_product} {ergonomic}
     bool UseCompressedOops                        = true                           {product lp64_product} {ergonomic}
     bool UseLargePagesIndividualAllocation        = false                                  {pd product} {ergonomic}
     bool UseParallelGC                            = true                                      {product} {command line}

Logging:
Log output configuration:
 #0: stdout all=off uptime,level,tags
 #1: stderr all=off uptime,level,tags

Environment Variables:
PATH=C:\src\flutter\bin\cache\dart-sdk\bin\;C:\instantclient_23_4;C:\Windows\system32;C:\Windows;C:\Windows\System32\Wbem;C:\Windows\System32\WindowsPowerShell\v1.0\;C:\Windows\System32\OpenSSH\;C:\Program Files\nodejs\;D:\jdk-22_windows-x64_bin\jdk-22.0.1\bin;D:\apache-maven-3.9.8-bin\apache-maven-3.9.8\bin;C:\Program Files\Git\bin;C:\Program Files\Git\cmd;C:\src\flutter\;C:\Program Files\Microsoft SQL Server\150\Tools\Binn\;C:\Program Files\Microsoft SQL Server\Client SDK\ODBC\170\Tools\Binn\;C:\Program Files\dotnet\;C:\Program Files (x86)\Windows Kits\10\Windows Performance Toolkit\;C:\instantclient_23_4;C:\instantclient_23_4;C:\Windows\system32;C:\Windows;C:\Windows\System32\Wbem;C:\Windows\System32\WindowsPowerShell\v1.0\;C:\Windows\System32\OpenSSH\;C:\Program Files\nodejs\;C:\Program Files\Vagrant\bin;D:\jdk-22_windows-x64_bin\jdk-22.0.1\bin;D:\apache-maven-3.9.8-bin\apache-maven-3.9.8\bin;C:\instantclient_23_4;C:\Program Files\Git\bin;C:\Program Files\Git\cmd;C:\src\flutter\;C:\Program Files\Microsoft SQL Server\150\Tools\Binn\;C:\Program Files\Microsoft SQL Server\Client SDK\ODBC\170\Tools\Binn\;C:\Program Files\dotnet\;C:\Program Files (x86)\Windows Kits\10\Windows Performance Toolkit\;C:\Users\Haythem\AppData\Local\Microsoft\WindowsApps;C:\Users\Haythem\AppData\Local\Programs\Microsoft VS Code\bin;C:\flutter\bin;C:\Users\Haythem\AppData\Roaming\npm;D:\altera\13.1\modelsim_ase\win32aloem;D:\intelFPGA\20.1\modelsim_ase\win32aloem;C:\Users\Haythem\AppData\Local\Android\Sdk\emulator;C:\src\flutter\bin;C:\Users\Haythem\.dotnet\tools
USERNAME=Haythem
LANG=en_US.UTF-8
OS=Windows_NT
PROCESSOR_IDENTIFIER=Intel64 Family 6 Model 142 Stepping 12, GenuineIntel
TMP=C:\Users\Haythem\AppData\Local\Temp
TEMP=C:\Users\Haythem\AppData\Local\Temp



Periodic native trim disabled


---------------  S Y S T E M  ---------------

OS:
 Windows 11 , 64 bit Build 22621 (10.0.22621.3958)
OS uptime: 0 days 0:13 hours
Hyper-V role detected

CPU: total 8 (initial active 8) (4 cores per cpu, 2 threads per core) family 6 model 142 stepping 12 microcode 0xec, cx8, cmov, fxsr, ht, mmx, 3dnowpref, sse, sse2, sse3, ssse3, sse4.1, sse4.2, popcnt, lzcnt, tsc, tscinvbit, avx, avx2, aes, erms, clmul, bmi1, bmi2, adx, fma, vzeroupper, clflush, clflushopt, hv
Processor Information for all 8 processors :
  Max Mhz: 2112, Current Mhz: 1609, Mhz Limit: 1605

Memory: 4k page, system-wide physical 12121M (2924M free)
TotalPageFile size 12121M (AvailPageFile size 3M)
current process WorkingSet (physical memory assigned to process): 80M, peak: 80M
current process commit charge ("private bytes"): 201M, peak: 202M

vm_info: OpenJDK 64-Bit Server VM (17.0.12+7) for windows-amd64 JRE (17.0.12+7), built on Jul 16 2024 22:08:24 by "admin" with MS VC++ 16.10 / 16.11 (VS2019)

END.
