#
# There is insufficient memory for the Java Runtime Environment to continue.
# Native memory allocation (malloc) failed to allocate 103376 bytes. Error detail: Chunk::new
# Possible reasons:
#   The system is out of physical RAM or swap space
#   This process is running with CompressedOops enabled, and the Java Heap may be blocking the growth of the native heap
# Possible solutions:
#   Reduce memory load on the system
#   Increase physical memory or swap space
#   Check if swap backing store is full
#   Decrease Java heap size (-Xmx/-Xms)
#   Decrease number of Java threads
#   Decrease Java thread stack sizes (-Xss)
#   Set larger code cache with -XX:ReservedCodeCacheSize=
#   JVM is running with Unscaled Compressed Oops mode in which the Java heap is
#     placed in the first 4GB address space. The Java Heap base address is the
#     maximum limit for the native heap growth. Please use -XX:HeapBaseMinAddress
#     to set the Java Heap base and to place the Java Heap above 4GB virtual address.
# This output file may be truncated or incomplete.
#
#  Out of Memory Error (arena.cpp:191), pid=14416, tid=13216
#
# JRE version: OpenJDK Runtime Environment Temurin-17.0.12+7 (17.0.12+7) (build 17.0.12+7)
# Java VM: OpenJDK 64-Bit Server VM Temurin-17.0.12+7 (17.0.12+7, mixed mode, tiered, compressed oops, compressed class ptrs, parallel gc, windows-amd64)
# No core dump will be written. Minidumps are not enabled by default on client versions of Windows
#

---------------  S U M M A R Y ------------

Command Line: --add-modules=ALL-SYSTEM --add-opens=java.base/java.util=ALL-UNNAMED --add-opens=java.base/java.lang=ALL-UNNAMED --add-opens=java.base/sun.nio.fs=ALL-UNNAMED -Declipse.application=org.eclipse.jdt.ls.core.id1 -Dosgi.bundles.defaultStartLevel=4 -Declipse.product=org.eclipse.jdt.ls.core.product -Djava.import.generatesMetadataFilesAtProjectRoot=false -DDetectVMInstallationsJob.disabled=true -Dfile.encoding=utf8 -XX:+UseParallelGC -XX:GCTimeRatio=4 -XX:AdaptiveSizePolicyWeight=90 -Dsun.zip.disableMemoryMapping=true -Xmx1G -Xms100m -Xlog:disable -javaagent:c:\Users\Haythem\.vscode\extensions\redhat.java-1.34.0-win32-x64\lombok\lombok-1.18.33.jar -XX:+HeapDumpOnOutOfMemoryError -XX:HeapDumpPath=c:\Users\Haythem\AppData\Roaming\Code\User\workspaceStorage\478cf4b827455537b1c4473e38b860e3\redhat.java -Daether.dependencyCollector.impl=bf c:\Users\Haythem\.vscode\extensions\redhat.java-1.34.0-win32-x64\server\plugins\org.eclipse.equinox.launcher_1.6.900.v20240613-2009.jar -configuration c:\Users\Haythem\AppData\Roaming\Code\User\globalStorage\redhat.java\1.34.0\config_win -data c:\Users\Haythem\AppData\Roaming\Code\User\workspaceStorage\478cf4b827455537b1c4473e38b860e3\redhat.java\jdt_ws --pipe=\\.\pipe\lsp-4da6866ef35e5fe42b103b3244231eba-sock

Host: Intel(R) Core(TM) i5-10210U CPU @ 1.60GHz, 8 cores, 11G,  Windows 11 , 64 bit Build 22621 (10.0.22621.3958)
Time: Mon Sep 23 02:36:50 2024 Pacific Daylight Time elapsed time: 2.508873 seconds (0d 0h 0m 2s)

---------------  T H R E A D  ---------------

Current thread (0x0000021f772879b0):  JavaThread "C2 CompilerThread0" daemon [_thread_in_native, id=13216, stack(0x000000f55cd00000,0x000000f55ce00000)]


Current CompileTask:
C2:   2509  605       4       java.util.HashSet::iterator (13 bytes)

Stack: [0x000000f55cd00000,0x000000f55ce00000]
Native frames: (J=compiled Java code, j=interpreted, Vv=VM code, C=native code)
V  [jvm.dll+0x67f929]
V  [jvm.dll+0x8371ba]
V  [jvm.dll+0x838c7e]
V  [jvm.dll+0x8392e3]
V  [jvm.dll+0x24834f]
V  [jvm.dll+0xac9d4]
V  [jvm.dll+0xad01c]
V  [jvm.dll+0x367452]
V  [jvm.dll+0x33197a]
V  [jvm.dll+0x330e1a]
V  [jvm.dll+0x21a8b1]
V  [jvm.dll+0x219cf1]
V  [jvm.dll+0x1a58bd]
V  [jvm.dll+0x229a2d]
V  [jvm.dll+0x227bdc]
V  [jvm.dll+0x7ec1f7]
V  [jvm.dll+0x7e65dc]
V  [jvm.dll+0x67e7f7]
C  [ucrtbase.dll+0x29333]
C  [KERNEL32.DLL+0x1257d]
C  [ntdll.dll+0x5af28]


---------------  P R O C E S S  ---------------

Threads class SMR info:
_java_thread_list=0x0000021f784c79c0, length=13, elements={
0x0000021f72152020, 0x0000021f72153b00, 0x0000021f7215ac00, 0x0000021f7215b4d0,
0x0000021f7215bea0, 0x0000021f7215e880, 0x0000021f772879b0, 0x0000021f772e8c90,
0x0000021f772eb1c0, 0x0000021f773cdd50, 0x0000021f775f9260, 0x0000021f775e68f0,
0x0000021f5e2d2860
}

Java Threads: ( => current thread )
  0x0000021f72152020 JavaThread "Reference Handler" daemon [_thread_blocked, id=9584, stack(0x000000f55c700000,0x000000f55c800000)]
  0x0000021f72153b00 JavaThread "Finalizer" daemon [_thread_blocked, id=10156, stack(0x000000f55c800000,0x000000f55c900000)]
  0x0000021f7215ac00 JavaThread "Signal Dispatcher" daemon [_thread_blocked, id=4900, stack(0x000000f55c900000,0x000000f55ca00000)]
  0x0000021f7215b4d0 JavaThread "Attach Listener" daemon [_thread_blocked, id=7164, stack(0x000000f55ca00000,0x000000f55cb00000)]
  0x0000021f7215bea0 JavaThread "Service Thread" daemon [_thread_blocked, id=8704, stack(0x000000f55cb00000,0x000000f55cc00000)]
  0x0000021f7215e880 JavaThread "Monitor Deflation Thread" daemon [_thread_blocked, id=14560, stack(0x000000f55cc00000,0x000000f55cd00000)]
=>0x0000021f772879b0 JavaThread "C2 CompilerThread0" daemon [_thread_in_native, id=13216, stack(0x000000f55cd00000,0x000000f55ce00000)]
  0x0000021f772e8c90 JavaThread "C1 CompilerThread0" daemon [_thread_blocked, id=8288, stack(0x000000f55ce00000,0x000000f55cf00000)]
  0x0000021f772eb1c0 JavaThread "Sweeper thread" daemon [_thread_blocked, id=5328, stack(0x000000f55cf00000,0x000000f55d000000)]
  0x0000021f773cdd50 JavaThread "Common-Cleaner" daemon [_thread_blocked, id=11012, stack(0x000000f55d000000,0x000000f55d100000)]
  0x0000021f775f9260 JavaThread "Notification Thread" daemon [_thread_blocked, id=2712, stack(0x000000f55d100000,0x000000f55d200000)]
  0x0000021f775e68f0 JavaThread "C2 CompilerThread1" daemon [_thread_in_native, id=15164, stack(0x000000f55d300000,0x000000f55d400000)]
  0x0000021f5e2d2860 JavaThread "DestroyJavaVM" [_thread_blocked, id=10368, stack(0x000000f55c400000,0x000000f55c500000)]

Other Threads:
  0x0000021f5e3617d0 VMThread "VM Thread" [stack: 0x000000f55c600000,0x000000f55c700000] [id=10268]
  0x0000021f774afb90 WatcherThread [stack: 0x000000f55d200000,0x000000f55d300000] [id=11200]
  0x0000021f5e2e7b40 GCTaskThread "GC Thread#0" [stack: 0x000000f55c500000,0x000000f55c600000] [id=2172]

Threads with active compile tasks:
C2 CompilerThread0     2540  605       4       java.util.HashSet::iterator (13 bytes)
C2 CompilerThread1     2540  604       4       lombok.patcher.PatchScript::classMatches (41 bytes)

VM state: not at safepoint (normal execution)

VM Mutex/Monitor currently owned by a thread: None

OutOfMemory and StackOverflow Exception counts:
OutOfMemoryError java_heap_errors=1
LinkageErrors=1

Heap address: 0x00000000c0000000, size: 1024 MB, Compressed Oops mode: 32-bit

CDS archive(s) not mapped
Compressed class space mapped at: 0x0000000100000000-0x0000000140000000, reserved size: 1073741824
Narrow klass base: 0x0000000000000000, Narrow klass shift: 3, Narrow klass range: 0x140000000

GC Precious Log:
 CPUs: 8 total, 8 available
 Memory: 12121M
 Large Page Support: Disabled
 NUMA Support: Disabled
 Compressed Oops: Enabled (32-bit)
 Alignments: Space 512K, Generation 512K, Heap 2M
 Heap Min Capacity: 100M
 Heap Initial Capacity: 100M
 Heap Max Capacity: 1G
 Pre-touch: Disabled
 Parallel Workers: 8

Heap:
 PSYoungGen      total 29696K, used 14059K [0x00000000eab00000, 0x00000000ecc00000, 0x0000000100000000)
  eden space 25600K, 54% used [0x00000000eab00000,0x00000000eb8bad48,0x00000000ec400000)
  from space 4096K, 0% used [0x00000000ec800000,0x00000000ec800000,0x00000000ecc00000)
  to   space 4096K, 0% used [0x00000000ec400000,0x00000000ec400000,0x00000000ec800000)
 ParOldGen       total 68608K, used 0K [0x00000000c0000000, 0x00000000c4300000, 0x00000000eab00000)
  object space 68608K, 0% used [0x00000000c0000000,0x00000000c0000000,0x00000000c4300000)
 Metaspace       used 8916K, committed 9024K, reserved 1114112K
  class space    used 881K, committed 960K, reserved 1048576K

Card table byte_map: [0x0000021f5dc90000,0x0000021f5dea0000] _byte_map_base: 0x0000021f5d690000

Marking Bits: (ParMarkBitMap*) 0x00007ffb1f3658b0
 Begin Bits: [0x0000021f6ff60000, 0x0000021f70f60000)
 End Bits:   [0x0000021f70f60000, 0x0000021f71f60000)

Polling page: 0x0000021f5da80000

Metaspace:

Usage:
  Non-class:      7.85 MB used.
      Class:    881.73 KB used.
       Both:      8.71 MB used.

Virtual space:
  Non-class space:       64.00 MB reserved,       7.88 MB ( 12%) committed,  1 nodes.
      Class space:        1.00 GB reserved,     960.00 KB ( <1%) committed,  1 nodes.
             Both:        1.06 GB reserved,       8.81 MB ( <1%) committed. 

Chunk freelists:
   Non-Class:  8.00 MB
       Class:  15.09 MB
        Both:  23.09 MB

MaxMetaspaceSize: unlimited
CompressedClassSpaceSize: 1.00 GB
Initial GC threshold: 21.00 MB
Current GC threshold: 21.00 MB
CDS: off
MetaspaceReclaimPolicy: balanced
 - commit_granule_bytes: 65536.
 - commit_granule_words: 8192.
 - virtual_space_node_default_size: 8388608.
 - enlarge_chunks_in_place: 1.
 - new_chunks_are_fully_committed: 0.
 - uncommit_free_chunks: 1.
 - use_allocation_guard: 0.
 - handle_deallocations: 1.


Internal statistics:

num_allocs_failed_limit: 0.
num_arena_births: 10.
num_arena_deaths: 0.
num_vsnodes_births: 2.
num_vsnodes_deaths: 0.
num_space_committed: 141.
num_space_uncommitted: 0.
num_chunks_returned_to_freelist: 0.
num_chunks_taken_from_freelist: 41.
num_chunk_merges: 0.
num_chunk_splits: 22.
num_chunks_enlarged: 19.
num_inconsistent_stats: 0.

CodeHeap 'non-profiled nmethods': size=120000Kb used=220Kb max_used=220Kb free=119779Kb
 bounds [0x0000021f68a30000, 0x0000021f68ca0000, 0x0000021f6ff60000]
CodeHeap 'profiled nmethods': size=120000Kb used=932Kb max_used=932Kb free=119067Kb
 bounds [0x0000021f60f60000, 0x0000021f611d0000, 0x0000021f68490000]
CodeHeap 'non-nmethods': size=5760Kb used=1133Kb max_used=1160Kb free=4626Kb
 bounds [0x0000021f68490000, 0x0000021f68700000, 0x0000021f68a30000]
 total_blobs=1034 nmethods=612 adapters=337
 compilation: enabled
              stopped_count=0, restarted_count=0
 full_count=0

Compilation events (20 events):
Event: 2.470 Thread 0x0000021f772e8c90 nmethod 601 0x0000021f6103be90 code [0x0000021f6103c040, 0x0000021f6103c298]
Event: 2.470 Thread 0x0000021f772e8c90  602       3       jdk.internal.misc.Unsafe::getIntUnaligned (83 bytes)
Event: 2.471 Thread 0x0000021f775e68f0  604       4       lombok.patcher.PatchScript::classMatches (41 bytes)
Event: 2.471 Thread 0x0000021f772e8c90 nmethod 602 0x0000021f6103c390 code [0x0000021f6103c560, 0x0000021f6103ca28]
Event: 2.471 Thread 0x0000021f772e8c90  599       3       java.lang.invoke.VarHandleByteArrayAsInts$ArrayHandle::get (36 bytes)
Event: 2.472 Thread 0x0000021f772879b0  605       4       java.util.HashSet::iterator (13 bytes)
Event: 2.472 Thread 0x0000021f772e8c90 nmethod 599 0x0000021f6103cb90 code [0x0000021f6103cd60, 0x0000021f6103d218]
Event: 2.472 Thread 0x0000021f772e8c90  600       3       java.lang.invoke.VarHandleByteArrayAsInts$ArrayHandle::index (12 bytes)
Event: 2.472 Thread 0x0000021f772e8c90 nmethod 600 0x0000021f6103d410 code [0x0000021f6103d5c0, 0x0000021f6103d7c8]
Event: 2.472 Thread 0x0000021f772e8c90  606       3       java.lang.String::valueOf (15 bytes)
Event: 2.473 Thread 0x0000021f772e8c90 nmethod 606 0x0000021f6103d910 code [0x0000021f6103dac0, 0x0000021f6103dcc8]
Event: 2.474 Thread 0x0000021f772e8c90  608       3       java.security.Provider$ServiceKey::<init> (39 bytes)
Event: 2.475 Thread 0x0000021f772e8c90 nmethod 608 0x0000021f6103dd90 code [0x0000021f6103df80, 0x0000021f6103e3c8]
Event: 2.475 Thread 0x0000021f772e8c90  609       1       java.security.Provider$UString::toString (5 bytes)
Event: 2.475 Thread 0x0000021f772e8c90 nmethod 609 0x0000021f68a66910 code [0x0000021f68a66aa0, 0x0000021f68a66b78]
Event: 2.475 Thread 0x0000021f772e8c90  610       1       java.security.Provider$Service::getProvider (5 bytes)
Event: 2.475 Thread 0x0000021f772e8c90 nmethod 610 0x0000021f68a66c10 code [0x0000021f68a66da0, 0x0000021f68a66e78]
Event: 2.478 Thread 0x0000021f772e8c90  611       3       sun.security.provider.SHA2::implCompress0 (490 bytes)
Event: 2.479 Thread 0x0000021f772e8c90 nmethod 611 0x0000021f6103e590 code [0x0000021f6103e780, 0x0000021f6103efe8]
Event: 2.480 Thread 0x0000021f772e8c90  612       3       sun.security.provider.ByteArrayAccess::b2iBig64 (231 bytes)

GC Heap History (0 events):
No events

Dll operation events (8 events):
Event: 0.025 Loaded shared library c:\Users\Haythem\.vscode\extensions\redhat.java-1.34.0-win32-x64\jre\17.0.12-win32-x86_64\bin\java.dll
Event: 0.868 Loaded shared library c:\Users\Haythem\.vscode\extensions\redhat.java-1.34.0-win32-x64\jre\17.0.12-win32-x86_64\bin\zip.dll
Event: 0.879 Loaded shared library C:\Users\Haythem\.vscode\extensions\redhat.java-1.34.0-win32-x64\jre\17.0.12-win32-x86_64\bin\instrument.dll
Event: 0.912 Loaded shared library C:\Users\Haythem\.vscode\extensions\redhat.java-1.34.0-win32-x64\jre\17.0.12-win32-x86_64\bin\net.dll
Event: 0.919 Loaded shared library C:\Users\Haythem\.vscode\extensions\redhat.java-1.34.0-win32-x64\jre\17.0.12-win32-x86_64\bin\nio.dll
Event: 0.960 Loaded shared library C:\Users\Haythem\.vscode\extensions\redhat.java-1.34.0-win32-x64\jre\17.0.12-win32-x86_64\bin\zip.dll
Event: 1.010 Loaded shared library C:\Users\Haythem\.vscode\extensions\redhat.java-1.34.0-win32-x64\jre\17.0.12-win32-x86_64\bin\jimage.dll
Event: 1.235 Loaded shared library c:\Users\Haythem\.vscode\extensions\redhat.java-1.34.0-win32-x64\jre\17.0.12-win32-x86_64\bin\verify.dll

Deoptimization events (20 events):
Event: 1.925 Thread 0x0000021f5e2d2860 DEOPT PACKING pc=0x0000021f68a57e44 sp=0x000000f55c4fbaf0
Event: 1.925 Thread 0x0000021f5e2d2860 DEOPT UNPACKING pc=0x0000021f684e66a3 sp=0x000000f55c4fba78 mode 2
Event: 2.012 Thread 0x0000021f5e2d2860 Uncommon trap: trap_request=0xffffff45 fr.pc=0x0000021f68a477c4 relative=0x00000000000000c4
Event: 2.012 Thread 0x0000021f5e2d2860 Uncommon trap: reason=unstable_if action=reinterpret pc=0x0000021f68a477c4 method=java.net.URI.match(CJJ)Z @ 45 c2
Event: 2.012 Thread 0x0000021f5e2d2860 DEOPT PACKING pc=0x0000021f68a477c4 sp=0x000000f55c4fcb30
Event: 2.012 Thread 0x0000021f5e2d2860 DEOPT UNPACKING pc=0x0000021f684e66a3 sp=0x000000f55c4fcab8 mode 2
Event: 2.036 Thread 0x0000021f5e2d2860 Uncommon trap: trap_request=0xffffff45 fr.pc=0x0000021f68a5a1dc relative=0x000000000000067c
Event: 2.036 Thread 0x0000021f5e2d2860 Uncommon trap: reason=unstable_if action=reinterpret pc=0x0000021f68a5a1dc method=java.lang.String.replace(Ljava/lang/CharSequence;Ljava/lang/CharSequence;)Ljava/lang/String; @ 48 c2
Event: 2.036 Thread 0x0000021f5e2d2860 DEOPT PACKING pc=0x0000021f68a5a1dc sp=0x000000f55c4fc9a0
Event: 2.036 Thread 0x0000021f5e2d2860 DEOPT UNPACKING pc=0x0000021f684e66a3 sp=0x000000f55c4fc920 mode 2
Event: 2.280 Thread 0x0000021f5e2d2860 Uncommon trap: trap_request=0xffffff45 fr.pc=0x0000021f68a45e84 relative=0x0000000000000304
Event: 2.280 Thread 0x0000021f5e2d2860 Uncommon trap: reason=unstable_if action=reinterpret pc=0x0000021f68a45e84 method=java.lang.StringUTF16.compress([CI[BII)I @ 20 c2
Event: 2.280 Thread 0x0000021f5e2d2860 DEOPT PACKING pc=0x0000021f68a45e84 sp=0x000000f55c4fbb10
Event: 2.280 Thread 0x0000021f5e2d2860 DEOPT UNPACKING pc=0x0000021f684e66a3 sp=0x000000f55c4fba90 mode 2
Event: 2.345 Thread 0x0000021f5e2d2860 DEOPT PACKING pc=0x0000021f61027700 sp=0x000000f55c4fd740
Event: 2.345 Thread 0x0000021f5e2d2860 DEOPT UNPACKING pc=0x0000021f684e6e43 sp=0x000000f55c4fcb98 mode 0
Event: 2.345 Thread 0x0000021f5e2d2860 Uncommon trap: trap_request=0xffffff6e fr.pc=0x0000021f68a63c74 relative=0x00000000000001f4
Event: 2.345 Thread 0x0000021f5e2d2860 Uncommon trap: reason=loop_limit_check action=maybe_recompile pc=0x0000021f68a63c74 method=java.math.BigInteger.implMulAdd([I[IIII)I @ 26 c2
Event: 2.345 Thread 0x0000021f5e2d2860 DEOPT PACKING pc=0x0000021f68a63c74 sp=0x000000f55c4fd750
Event: 2.345 Thread 0x0000021f5e2d2860 DEOPT UNPACKING pc=0x0000021f684e66a3 sp=0x000000f55c4fd6a0 mode 2

Classes loaded (20 events):
Event: 2.464 Loading class sun/security/util/KeyUtil
Event: 2.465 Loading class sun/security/util/KeyUtil done
Event: 2.465 Loading class sun/security/util/Length
Event: 2.465 Loading class sun/security/util/Length done
Event: 2.465 Loading class javax/crypto/SecretKey
Event: 2.465 Loading class javax/crypto/SecretKey done
Event: 2.466 Loading class java/util/LinkedHashMap$LinkedEntrySet
Event: 2.466 Loading class java/util/LinkedHashMap$LinkedEntrySet done
Event: 2.466 Loading class java/util/LinkedHashMap$LinkedEntryIterator
Event: 2.466 Loading class java/util/LinkedHashMap$LinkedEntryIterator done
Event: 2.469 Loading class java/util/Base64
Event: 2.469 Loading class java/util/Base64 done
Event: 2.469 Loading class java/util/Base64$Decoder
Event: 2.470 Loading class java/util/Base64$Decoder done
Event: 2.470 Loading class java/util/Base64$Encoder
Event: 2.470 Loading class java/util/Base64$Encoder done
Event: 2.471 Loading class java/util/jar/JarVerifier$VerifierStream
Event: 2.471 Loading class java/util/jar/JarVerifier$VerifierStream done
Event: 2.471 Loading class sun/security/util/ManifestEntryVerifier$SunProviderHolder
Event: 2.472 Loading class sun/security/util/ManifestEntryVerifier$SunProviderHolder done

Classes unloaded (0 events):
No events

Classes redefined (0 events):
No events

Internal exceptions (2 events):
Event: 0.764 Thread 0x0000021f5e2d2860 Exception <a 'java/lang/NoSuchMethodError'{0x00000000eacb5248}: 'void java.lang.invoke.DirectMethodHandle$Holder.invokeStatic(java.lang.Object, java.lang.Object, java.lang.Object)'> (0x00000000eacb5248) 
thrown [s\src\hotspot\share\interpreter\linkResolver.cpp, line 759]
Event: 1.315 Thread 0x0000021f5e2d2860 Exception <a 'java/lang/reflect/InvocationTargetException'{0x00000000eafe9808}> (0x00000000eafe9808) 
thrown [s\src\hotspot\share\runtime\reflection.cpp, line 1128]

VM Operations (8 events):
Event: 0.776 Executing VM operation: HandshakeAllThreads
Event: 0.776 Executing VM operation: HandshakeAllThreads done
Event: 1.058 Executing VM operation: HandshakeAllThreads
Event: 1.058 Executing VM operation: HandshakeAllThreads done
Event: 2.067 Executing VM operation: Cleanup
Event: 2.160 Executing VM operation: Cleanup done
Event: 2.466 Executing VM operation: HandshakeAllThreads
Event: 2.466 Executing VM operation: HandshakeAllThreads done

Events (15 events):
Event: 0.180 Thread 0x0000021f5e2d2860 Thread added: 0x0000021f5e2d2860
Event: 0.366 Thread 0x0000021f72152020 Thread added: 0x0000021f72152020
Event: 0.367 Thread 0x0000021f72153b00 Thread added: 0x0000021f72153b00
Event: 0.454 Thread 0x0000021f7215ac00 Thread added: 0x0000021f7215ac00
Event: 0.454 Thread 0x0000021f7215b4d0 Thread added: 0x0000021f7215b4d0
Event: 0.454 Thread 0x0000021f7215bea0 Thread added: 0x0000021f7215bea0
Event: 0.454 Thread 0x0000021f7215e880 Thread added: 0x0000021f7215e880
Event: 0.454 Thread 0x0000021f772879b0 Thread added: 0x0000021f772879b0
Event: 0.465 Thread 0x0000021f772e8c90 Thread added: 0x0000021f772e8c90
Event: 0.471 Thread 0x0000021f772eb1c0 Thread added: 0x0000021f772eb1c0
Event: 0.678 Thread 0x0000021f773cdd50 Thread added: 0x0000021f773cdd50
Event: 1.194 Thread 0x0000021f77575260 Thread added: 0x0000021f77575260
Event: 1.300 Thread 0x0000021f77575260 Thread exited: 0x0000021f77575260
Event: 1.775 Thread 0x0000021f775f9260 Thread added: 0x0000021f775f9260
Event: 2.046 Thread 0x0000021f775e68f0 Thread added: 0x0000021f775e68f0


Dynamic libraries:
0x00007ff672740000 - 0x00007ff67274e000 	c:\Users\Haythem\.vscode\extensions\redhat.java-1.34.0-win32-x64\jre\17.0.12-win32-x86_64\bin\java.exe
0x00007ffb9a6d0000 - 0x00007ffb9a8e7000 	C:\Windows\SYSTEM32\ntdll.dll
0x00007ffb98e80000 - 0x00007ffb98f44000 	C:\Windows\System32\KERNEL32.DLL
0x00007ffb97cf0000 - 0x00007ffb9809d000 	C:\Windows\System32\KERNELBASE.dll
0x00007ffb982e0000 - 0x00007ffb983f1000 	C:\Windows\System32\ucrtbase.dll
0x00007ffb5d010000 - 0x00007ffb5d027000 	c:\Users\Haythem\.vscode\extensions\redhat.java-1.34.0-win32-x64\jre\17.0.12-win32-x86_64\bin\jli.dll
0x00007ffb993c0000 - 0x00007ffb9956e000 	C:\Windows\System32\USER32.dll
0x00007ffb979f0000 - 0x00007ffb97a16000 	C:\Windows\System32\win32u.dll
0x00007ffb9a660000 - 0x00007ffb9a689000 	C:\Windows\System32\GDI32.dll
0x00007ffb97a20000 - 0x00007ffb97b39000 	C:\Windows\System32\gdi32full.dll
0x00007ffb98240000 - 0x00007ffb982da000 	C:\Windows\System32\msvcp_win.dll
0x00007ffb49490000 - 0x00007ffb494ab000 	c:\Users\Haythem\.vscode\extensions\redhat.java-1.34.0-win32-x64\jre\17.0.12-win32-x86_64\bin\VCRUNTIME140.dll
0x00007ffb7ed10000 - 0x00007ffb7efa3000 	C:\Windows\WinSxS\amd64_microsoft.windows.common-controls_6595b64144ccf1df_6.0.22621.3672_none_2713b9d173822955\COMCTL32.dll
0x00007ffb9a020000 - 0x00007ffb9a0c7000 	C:\Windows\System32\msvcrt.dll
0x00007ffb98760000 - 0x00007ffb98791000 	C:\Windows\System32\IMM32.DLL
0x00007ffb8fbc0000 - 0x00007ffb8fbcc000 	c:\Users\Haythem\.vscode\extensions\redhat.java-1.34.0-win32-x64\jre\17.0.12-win32-x86_64\bin\vcruntime140_1.dll
0x00007ffb239b0000 - 0x00007ffb23a3d000 	c:\Users\Haythem\.vscode\extensions\redhat.java-1.34.0-win32-x64\jre\17.0.12-win32-x86_64\bin\msvcp140.dll
0x00007ffb1e7c0000 - 0x00007ffb1f42a000 	c:\Users\Haythem\.vscode\extensions\redhat.java-1.34.0-win32-x64\jre\17.0.12-win32-x86_64\bin\server\jvm.dll
0x00007ffb986a0000 - 0x00007ffb98752000 	C:\Windows\System32\ADVAPI32.dll
0x00007ffb99df0000 - 0x00007ffb99e99000 	C:\Windows\System32\sechost.dll
0x00007ffb98210000 - 0x00007ffb98238000 	C:\Windows\System32\bcrypt.dll
0x00007ffb98400000 - 0x00007ffb98514000 	C:\Windows\System32\RPCRT4.dll
0x00007ffb98df0000 - 0x00007ffb98e61000 	C:\Windows\System32\WS2_32.dll
0x00007ffb97130000 - 0x00007ffb9717d000 	C:\Windows\SYSTEM32\POWRPROF.dll
0x00007ffb92020000 - 0x00007ffb92054000 	C:\Windows\SYSTEM32\WINMM.dll
0x00007ffb91fd0000 - 0x00007ffb91fda000 	C:\Windows\SYSTEM32\VERSION.dll
0x00007ffb970e0000 - 0x00007ffb970f3000 	C:\Windows\SYSTEM32\UMPDC.dll
0x00007ffb96a00000 - 0x00007ffb96a18000 	C:\Windows\SYSTEM32\kernel.appcore.dll
0x00007ffb7d6c0000 - 0x00007ffb7d6ca000 	c:\Users\Haythem\.vscode\extensions\redhat.java-1.34.0-win32-x64\jre\17.0.12-win32-x86_64\bin\jimage.dll
0x00007ffb94860000 - 0x00007ffb94a92000 	C:\Windows\SYSTEM32\DBGHELP.DLL
0x00007ffb98a50000 - 0x00007ffb98dde000 	C:\Windows\System32\combase.dll
0x00007ffb987a0000 - 0x00007ffb98877000 	C:\Windows\System32\OLEAUT32.dll
0x00007ffb70f20000 - 0x00007ffb70f52000 	C:\Windows\SYSTEM32\dbgcore.DLL
0x00007ffb97c70000 - 0x00007ffb97ceb000 	C:\Windows\System32\bcryptPrimitives.dll
0x00007ffb7cb60000 - 0x00007ffb7cb6e000 	c:\Users\Haythem\.vscode\extensions\redhat.java-1.34.0-win32-x64\jre\17.0.12-win32-x86_64\bin\instrument.dll
0x00007ffb49460000 - 0x00007ffb49485000 	c:\Users\Haythem\.vscode\extensions\redhat.java-1.34.0-win32-x64\jre\17.0.12-win32-x86_64\bin\java.dll
0x00007ffb3e880000 - 0x00007ffb3e898000 	c:\Users\Haythem\.vscode\extensions\redhat.java-1.34.0-win32-x64\jre\17.0.12-win32-x86_64\bin\zip.dll
0x00007ffb99570000 - 0x00007ffb99dd7000 	C:\Windows\System32\SHELL32.dll
0x00007ffb95920000 - 0x00007ffb9621f000 	C:\Windows\SYSTEM32\windows.storage.dll
0x00007ffb957e0000 - 0x00007ffb9591f000 	C:\Windows\SYSTEM32\wintypes.dll
0x00007ffb99160000 - 0x00007ffb99259000 	C:\Windows\System32\SHCORE.dll
0x00007ffb985c0000 - 0x00007ffb9861e000 	C:\Windows\System32\shlwapi.dll
0x00007ffb97920000 - 0x00007ffb97947000 	C:\Windows\SYSTEM32\profapi.dll
0x00007ffb493d0000 - 0x00007ffb493e9000 	C:\Users\Haythem\.vscode\extensions\redhat.java-1.34.0-win32-x64\jre\17.0.12-win32-x86_64\bin\net.dll
0x00007ffb92980000 - 0x00007ffb92ab6000 	C:\Windows\SYSTEM32\WINHTTP.dll
0x00007ffb96ed0000 - 0x00007ffb96f39000 	C:\Windows\system32\mswsock.dll
0x00007ffb493b0000 - 0x00007ffb493c6000 	C:\Users\Haythem\.vscode\extensions\redhat.java-1.34.0-win32-x64\jre\17.0.12-win32-x86_64\bin\nio.dll
0x00007ffb7cb00000 - 0x00007ffb7cb10000 	c:\Users\Haythem\.vscode\extensions\redhat.java-1.34.0-win32-x64\jre\17.0.12-win32-x86_64\bin\verify.dll

dbghelp: loaded successfully - version: 4.0.5 - missing functions: none
symbol engine: initialized successfully - sym options: 0x614 - pdb path: .;c:\Users\Haythem\.vscode\extensions\redhat.java-1.34.0-win32-x64\jre\17.0.12-win32-x86_64\bin;C:\Windows\SYSTEM32;C:\Windows\WinSxS\amd64_microsoft.windows.common-controls_6595b64144ccf1df_6.0.22621.3672_none_2713b9d173822955;c:\Users\Haythem\.vscode\extensions\redhat.java-1.34.0-win32-x64\jre\17.0.12-win32-x86_64\bin\server

VM Arguments:
jvm_args: --add-modules=ALL-SYSTEM --add-opens=java.base/java.util=ALL-UNNAMED --add-opens=java.base/java.lang=ALL-UNNAMED --add-opens=java.base/sun.nio.fs=ALL-UNNAMED -Declipse.application=org.eclipse.jdt.ls.core.id1 -Dosgi.bundles.defaultStartLevel=4 -Declipse.product=org.eclipse.jdt.ls.core.product -Djava.import.generatesMetadataFilesAtProjectRoot=false -DDetectVMInstallationsJob.disabled=true -Dfile.encoding=utf8 -XX:+UseParallelGC -XX:GCTimeRatio=4 -XX:AdaptiveSizePolicyWeight=90 -Dsun.zip.disableMemoryMapping=true -Xmx1G -Xms100m -Xlog:disable -javaagent:c:\Users\Haythem\.vscode\extensions\redhat.java-1.34.0-win32-x64\lombok\lombok-1.18.33.jar -XX:+HeapDumpOnOutOfMemoryError -XX:HeapDumpPath=c:\Users\Haythem\AppData\Roaming\Code\User\workspaceStorage\478cf4b827455537b1c4473e38b860e3\redhat.java -Daether.dependencyCollector.impl=bf 
java_command: c:\Users\Haythem\.vscode\extensions\redhat.java-1.34.0-win32-x64\server\plugins\org.eclipse.equinox.launcher_1.6.900.v20240613-2009.jar -configuration c:\Users\Haythem\AppData\Roaming\Code\User\globalStorage\redhat.java\1.34.0\config_win -data c:\Users\Haythem\AppData\Roaming\Code\User\workspaceStorage\478cf4b827455537b1c4473e38b860e3\redhat.java\jdt_ws --pipe=\\.\pipe\lsp-4da6866ef35e5fe42b103b3244231eba-sock
java_class_path (initial): c:\Users\Haythem\.vscode\extensions\redhat.java-1.34.0-win32-x64\server\plugins\org.eclipse.equinox.launcher_1.6.900.v20240613-2009.jar
Launcher Type: SUN_STANDARD

[Global flags]
    uintx AdaptiveSizePolicyWeight                 = 90                                        {product} {command line}
     intx CICompilerCount                          = 4                                         {product} {ergonomic}
    uintx GCTimeRatio                              = 4                                         {product} {command line}
     bool HeapDumpOnOutOfMemoryError               = true                                   {manageable} {command line}
    ccstr HeapDumpPath                             = c:\Users\Haythem\AppData\Roaming\Code\User\workspaceStorage\478cf4b827455537b1c4473e38b860e3\redhat.java         {manageable} {command line}
   size_t InitialHeapSize                          = 104857600                                 {product} {command line}
   size_t MaxHeapSize                              = 1073741824                                {product} {command line}
   size_t MaxNewSize                               = 357564416                                 {product} {ergonomic}
   size_t MinHeapDeltaBytes                        = 524288                                    {product} {ergonomic}
   size_t MinHeapSize                              = 104857600                                 {product} {command line}
   size_t NewSize                                  = 34603008                                  {product} {ergonomic}
    uintx NonNMethodCodeHeapSize                   = 5839372                                {pd product} {ergonomic}
    uintx NonProfiledCodeHeapSize                  = 122909434                              {pd product} {ergonomic}
   size_t OldSize                                  = 70254592                                  {product} {ergonomic}
    uintx ProfiledCodeHeapSize                     = 122909434                              {pd product} {ergonomic}
    uintx ReservedCodeCacheSize                    = 251658240                              {pd product} {ergonomic}
     bool SegmentedCodeCache                       = true                                      {product} {ergonomic}
   size_t SoftMaxHeapSize                          = 1073741824                             {manageable} {ergonomic}
     bool UseCompressedClassPointers               = true                           {product lp64_product} {ergonomic}
     bool UseCompressedOops                        = true                           {product lp64_product} {ergonomic}
     bool UseLargePagesIndividualAllocation        = false                                  {pd product} {ergonomic}
     bool UseParallelGC                            = true                                      {product} {command line}

Logging:
Log output configuration:
 #0: stdout all=off uptime,level,tags
 #1: stderr all=off uptime,level,tags

Environment Variables:
PATH=C:\src\flutter\bin\cache\dart-sdk\bin\;C:\instantclient_23_4;C:\Windows\system32;C:\Windows;C:\Windows\System32\Wbem;C:\Windows\System32\WindowsPowerShell\v1.0\;C:\Windows\System32\OpenSSH\;C:\Program Files\nodejs\;D:\jdk-22_windows-x64_bin\jdk-22.0.1\bin;D:\apache-maven-3.9.8-bin\apache-maven-3.9.8\bin;C:\Program Files\Git\bin;C:\Program Files\Git\cmd;C:\src\flutter\;C:\Program Files\Microsoft SQL Server\150\Tools\Binn\;C:\Program Files\Microsoft SQL Server\Client SDK\ODBC\170\Tools\Binn\;C:\Program Files\dotnet\;C:\Program Files (x86)\Windows Kits\10\Windows Performance Toolkit\;C:\instantclient_23_4;C:\instantclient_23_4;C:\Windows\system32;C:\Windows;C:\Windows\System32\Wbem;C:\Windows\System32\WindowsPowerShell\v1.0\;C:\Windows\System32\OpenSSH\;C:\Program Files\nodejs\;C:\Program Files\Vagrant\bin;D:\jdk-22_windows-x64_bin\jdk-22.0.1\bin;D:\apache-maven-3.9.8-bin\apache-maven-3.9.8\bin;C:\instantclient_23_4;C:\Program Files\Git\bin;C:\Program Files\Git\cmd;C:\src\flutter\;C:\Program Files\Microsoft SQL Server\150\Tools\Binn\;C:\Program Files\Microsoft SQL Server\Client SDK\ODBC\170\Tools\Binn\;C:\Program Files\dotnet\;C:\Program Files (x86)\Windows Kits\10\Windows Performance Toolkit\;C:\Users\Haythem\AppData\Local\Microsoft\WindowsApps;C:\Users\Haythem\AppData\Local\Programs\Microsoft VS Code\bin;C:\flutter\bin;C:\Users\Haythem\AppData\Roaming\npm;D:\altera\13.1\modelsim_ase\win32aloem;D:\intelFPGA\20.1\modelsim_ase\win32aloem;C:\Users\Haythem\AppData\Local\Android\Sdk\emulator;C:\src\flutter\bin;C:\Users\Haythem\.dotnet\tools
USERNAME=Haythem
LANG=en_US.UTF-8
OS=Windows_NT
PROCESSOR_IDENTIFIER=Intel64 Family 6 Model 142 Stepping 12, GenuineIntel
TMP=C:\Users\Haythem\AppData\Local\Temp
TEMP=C:\Users\Haythem\AppData\Local\Temp



Periodic native trim disabled


---------------  S Y S T E M  ---------------

OS:
 Windows 11 , 64 bit Build 22621 (10.0.22621.3958)
OS uptime: 0 days 0:13 hours
Hyper-V role detected

CPU: total 8 (initial active 8) (4 cores per cpu, 2 threads per core) family 6 model 142 stepping 12 microcode 0xec, cx8, cmov, fxsr, ht, mmx, 3dnowpref, sse, sse2, sse3, ssse3, sse4.1, sse4.2, popcnt, lzcnt, tsc, tscinvbit, avx, avx2, aes, erms, clmul, bmi1, bmi2, adx, fma, vzeroupper, clflush, clflushopt, hv
Processor Information for all 8 processors :
  Max Mhz: 2112, Current Mhz: 1609, Mhz Limit: 1605

Memory: 4k page, system-wide physical 12121M (3114M free)
TotalPageFile size 12121M (AvailPageFile size 192M)
current process WorkingSet (physical memory assigned to process): 56M, peak: 56M
current process commit charge ("private bytes"): 195M, peak: 195M

vm_info: OpenJDK 64-Bit Server VM (17.0.12+7) for windows-amd64 JRE (17.0.12+7), built on Jul 16 2024 22:08:24 by "admin" with MS VC++ 16.10 / 16.11 (VS2019)

END.
