#
# There is insufficient memory for the Java Runtime Environment to continue.
# Native memory allocation (malloc) failed to allocate 230416 bytes. Error detail: Chunk::new
# Possible reasons:
#   The system is out of physical RAM or swap space
#   This process is running with CompressedOops enabled, and the Java Heap may be blocking the growth of the native heap
# Possible solutions:
#   Reduce memory load on the system
#   Increase physical memory or swap space
#   Check if swap backing store is full
#   Decrease Java heap size (-Xmx/-Xms)
#   Decrease number of Java threads
#   Decrease Java thread stack sizes (-Xss)
#   Set larger code cache with -XX:ReservedCodeCacheSize=
#   JVM is running with Zero Based Compressed Oops mode in which the Java heap is
#     placed in the first 32GB address space. The Java Heap base address is the
#     maximum limit for the native heap growth. Please use -XX:HeapBaseMinAddress
#     to set the Java Heap base and to place the Java Heap above 32GB virtual address.
# This output file may be truncated or incomplete.
#
#  Out of Memory Error (arena.cpp:191), pid=9960, tid=15300
#
# JRE version: OpenJDK Runtime Environment Temurin-17.0.12+7 (17.0.12+7) (build 17.0.12+7)
# Java VM: OpenJDK 64-Bit Server VM Temurin-17.0.12+7 (17.0.12+7, mixed mode, tiered, compressed oops, compressed class ptrs, g1 gc, windows-amd64)
# No core dump will be written. Minidumps are not enabled by default on client versions of Windows
#

---------------  S U M M A R Y ------------

Command Line: -XX:+HeapDumpOnOutOfMemoryError --add-opens=java.base/java.util=ALL-UNNAMED --add-opens=java.base/java.lang=ALL-UNNAMED --add-opens=java.base/java.lang.invoke=ALL-UNNAMED --add-opens=java.prefs/java.util.prefs=ALL-UNNAMED --add-opens=java.base/java.nio.charset=ALL-UNNAMED --add-opens=java.base/java.net=ALL-UNNAMED --add-opens=java.base/java.util.concurrent.atomic=ALL-UNNAMED -Xmx4G -Dfile.encoding=utf8 -Duser.country=US -Duser.language=en -Duser.variant org.gradle.launcher.daemon.bootstrap.GradleDaemon 7.6.3

Host: Intel(R) Core(TM) i5-10210U CPU @ 1.60GHz, 8 cores, 11G,  Windows 11 , 64 bit Build 22621 (10.0.22621.3958)
Time: Mon Sep 23 03:12:08 2024 Pacific Daylight Time elapsed time: 12.142425 seconds (0d 0h 0m 12s)

---------------  T H R E A D  ---------------

Current thread (0x0000016fe06cec90):  JavaThread "C2 CompilerThread0" daemon [_thread_in_native, id=15300, stack(0x000000655ac00000,0x000000655ad00000)]


Current CompileTask:
C2:  12142 3338   !   4       jdk.internal.loader.BuiltinClassLoader::loadClassOrNull (143 bytes)

Stack: [0x000000655ac00000,0x000000655ad00000]
Native frames: (J=compiled Java code, j=interpreted, Vv=VM code, C=native code)
V  [jvm.dll+0x67f929]
V  [jvm.dll+0x8371ba]
V  [jvm.dll+0x838c7e]
V  [jvm.dll+0x8392e3]
V  [jvm.dll+0x24834f]
V  [jvm.dll+0xac9d4]
V  [jvm.dll+0xad01c]
V  [jvm.dll+0x367452]
V  [jvm.dll+0x1bd562]
V  [jvm.dll+0x21aa09]
V  [jvm.dll+0x219cf1]
V  [jvm.dll+0x1a58bd]
V  [jvm.dll+0x229a2d]
V  [jvm.dll+0x227bdc]
V  [jvm.dll+0x7ec1f7]
V  [jvm.dll+0x7e65dc]
V  [jvm.dll+0x67e7f7]
C  [ucrtbase.dll+0x29333]
C  [KERNEL32.DLL+0x1257d]
C  [ntdll.dll+0x5af28]


---------------  P R O C E S S  ---------------

Threads class SMR info:
_java_thread_list=0x0000016fe9ab7f30, length=39, elements={
0x0000016fc242ad40, 0x0000016fe0669b90, 0x0000016fe066aa10, 0x0000016fe06ca260,
0x0000016fe06cad30, 0x0000016fe06cd710, 0x0000016fe06cdfe0, 0x0000016fe06cec90,
0x0000016fe06cf650, 0x0000016fe072f640, 0x0000016fe085d8d0, 0x0000016fe085fdc0,
0x0000016fe7458680, 0x0000016fe667dc50, 0x0000016fe59fdfa0, 0x0000016fe5b50130,
0x0000016fe5b50610, 0x0000016fe56a3120, 0x0000016fe659b640, 0x0000016fe659bb50,
0x0000016fe659cf90, 0x0000016fe659c060, 0x0000016fe659d4a0, 0x0000016fe659c570,
0x0000016fe659d9b0, 0x0000016fe659e3d0, 0x0000016fe659dec0, 0x0000016fe659ac20,
0x0000016fe659b130, 0x0000016fe742d620, 0x0000016fe74312e0, 0x0000016fe742d110,
0x0000016fe7433650, 0x0000016fe7432c30, 0x0000016fe742ea60, 0x0000016fe63987b0,
0x0000016fe7433140, 0x0000016fe74308c0, 0x0000016fe742ef70
}

Java Threads: ( => current thread )
  0x0000016fc242ad40 JavaThread "main" [_thread_blocked, id=6908, stack(0x0000006559f00000,0x000000655a000000)]
  0x0000016fe0669b90 JavaThread "Reference Handler" daemon [_thread_blocked, id=9544, stack(0x000000655a600000,0x000000655a700000)]
  0x0000016fe066aa10 JavaThread "Finalizer" daemon [_thread_blocked, id=3112, stack(0x000000655a700000,0x000000655a800000)]
  0x0000016fe06ca260 JavaThread "Signal Dispatcher" daemon [_thread_blocked, id=13004, stack(0x000000655a800000,0x000000655a900000)]
  0x0000016fe06cad30 JavaThread "Attach Listener" daemon [_thread_blocked, id=5916, stack(0x000000655a900000,0x000000655aa00000)]
  0x0000016fe06cd710 JavaThread "Service Thread" daemon [_thread_blocked, id=11420, stack(0x000000655aa00000,0x000000655ab00000)]
  0x0000016fe06cdfe0 JavaThread "Monitor Deflation Thread" daemon [_thread_blocked, id=2352, stack(0x000000655ab00000,0x000000655ac00000)]
=>0x0000016fe06cec90 JavaThread "C2 CompilerThread0" daemon [_thread_in_native, id=15300, stack(0x000000655ac00000,0x000000655ad00000)]
  0x0000016fe06cf650 JavaThread "C1 CompilerThread0" daemon [_thread_blocked, id=13480, stack(0x000000655ad00000,0x000000655ae00000)]
  0x0000016fe072f640 JavaThread "Sweeper thread" daemon [_thread_blocked, id=1852, stack(0x000000655ae00000,0x000000655af00000)]
  0x0000016fe085d8d0 JavaThread "Common-Cleaner" daemon [_thread_blocked, id=1668, stack(0x000000655af00000,0x000000655b000000)]
  0x0000016fe085fdc0 JavaThread "Notification Thread" daemon [_thread_blocked, id=3688, stack(0x000000655b000000,0x000000655b100000)]
  0x0000016fe7458680 JavaThread "Daemon health stats" [_thread_blocked, id=11652, stack(0x000000655b800000,0x000000655b900000)]
  0x0000016fe667dc50 JavaThread "Incoming local TCP Connector on port 51883" [_thread_in_native, id=3196, stack(0x000000655b600000,0x000000655b700000)]
  0x0000016fe59fdfa0 JavaThread "Daemon periodic checks" [_thread_blocked, id=9684, stack(0x000000655b700000,0x000000655b800000)]
  0x0000016fe5b50130 JavaThread "Daemon" [_thread_blocked, id=2872, stack(0x000000655b900000,0x000000655ba00000)]
  0x0000016fe5b50610 JavaThread "Handler for socket connection from /127.0.0.1:51883 to /127.0.0.1:51884" [_thread_in_native, id=1472, stack(0x000000655ba00000,0x000000655bb00000)]
  0x0000016fe56a3120 JavaThread "Cancel handler" [_thread_blocked, id=14032, stack(0x000000655bb00000,0x000000655bc00000)]
  0x0000016fe659b640 JavaThread "Daemon worker" [_thread_in_vm, id=14904, stack(0x000000655bc00000,0x000000655bd00000)]
  0x0000016fe659bb50 JavaThread "Asynchronous log dispatcher for DefaultDaemonConnection: socket connection from /127.0.0.1:51883 to /127.0.0.1:51884" [_thread_blocked, id=7104, stack(0x000000655bd00000,0x000000655be00000)]
  0x0000016fe659cf90 JavaThread "Stdin handler" [_thread_blocked, id=1756, stack(0x000000655be00000,0x000000655bf00000)]
  0x0000016fe659c060 JavaThread "Daemon client event forwarder" [_thread_blocked, id=4756, stack(0x000000655bf00000,0x000000655c000000)]
  0x0000016fe659d4a0 JavaThread "Cache worker for journal cache (C:\Users\Haythem\.gradle\caches\journal-1)" [_thread_blocked, id=9852, stack(0x000000655c000000,0x000000655c100000)]
  0x0000016fe659c570 JavaThread "File lock request listener" [_thread_in_native, id=9156, stack(0x000000655c100000,0x000000655c200000)]
  0x0000016fe659d9b0 JavaThread "Cache worker for file hash cache (C:\Users\Haythem\.gradle\caches\7.6.3\fileHashes)" [_thread_blocked, id=9348, stack(0x000000655c200000,0x000000655c300000)]
  0x0000016fe659e3d0 JavaThread "File watcher server" daemon [_thread_in_native, id=11396, stack(0x000000655c700000,0x000000655c800000)]
  0x0000016fe659dec0 JavaThread "File watcher consumer" daemon [_thread_blocked, id=9768, stack(0x000000655c800000,0x000000655c900000)]
  0x0000016fe659ac20 JavaThread "jar transforms" [_thread_blocked, id=9268, stack(0x000000655c900000,0x000000655ca00000)]
  0x0000016fe659b130 JavaThread "jar transforms Thread 2" [_thread_blocked, id=13248, stack(0x000000655ca00000,0x000000655cb00000)]
  0x0000016fe742d620 JavaThread "jar transforms Thread 3" [_thread_blocked, id=13516, stack(0x000000655cb00000,0x000000655cc00000)]
  0x0000016fe74312e0 JavaThread "Cache worker for checksums cache (C:\Users\Haythem\AndroidStudioProjects\front_esprit\esprit\android\.gradle\7.6.3\checksums)" [_thread_blocked, id=2280, stack(0x000000655cd00000,0x000000655ce00000)]
  0x0000016fe742d110 JavaThread "Cache worker for cache directory md-rule (C:\Users\Haythem\.gradle\caches\7.6.3\md-rule)" [_thread_blocked, id=7744, stack(0x000000655ce00000,0x000000655cf00000)]
  0x0000016fe7433650 JavaThread "Cache worker for file content cache (C:\Users\Haythem\.gradle\caches\7.6.3\fileContent)" [_thread_blocked, id=9132, stack(0x000000655cc00000,0x000000655cd00000)]
  0x0000016fe7432c30 JavaThread "Cache worker for file hash cache (C:\Users\Haythem\AndroidStudioProjects\front_esprit\esprit\android\.gradle\7.6.3\fileHashes)" [_thread_blocked, id=8764, stack(0x000000655cf00000,0x000000655d000000)]
  0x0000016fe742ea60 JavaThread "Cache worker for cache directory md-supplier (C:\Users\Haythem\.gradle\caches\7.6.3\md-supplier)" [_thread_blocked, id=2156, stack(0x000000655d000000,0x000000655d100000)]
  0x0000016fe63987b0 JavaThread "C2 CompilerThread1" daemon [_thread_in_native, id=13132, stack(0x000000655d100000,0x000000655d200000)]
  0x0000016fe7433140 JavaThread "Cache worker for execution history cache (C:\Users\Haythem\.gradle\caches\7.6.3\executionHistory)" [_thread_blocked, id=11560, stack(0x000000655d200000,0x000000655d300000)]
  0x0000016fe74308c0 JavaThread "jar transforms Thread 4" [_thread_blocked, id=2188, stack(0x000000655d300000,0x000000655d400000)]
  0x0000016fe742ef70 JavaThread "jar transforms Thread 5" [_thread_blocked, id=7064, stack(0x000000655d500000,0x000000655d600000)]

Other Threads:
  0x0000016fe06677a0 VMThread "VM Thread" [stack: 0x000000655a500000,0x000000655a600000] [id=2984]
  0x0000016fe084a120 WatcherThread [stack: 0x000000655b100000,0x000000655b200000] [id=10896]
  0x0000016fc24992b0 GCTaskThread "GC Thread#0" [stack: 0x000000655a000000,0x000000655a100000] [id=3636]
  0x0000016fe5b60c80 GCTaskThread "GC Thread#1" [stack: 0x000000655b300000,0x000000655b400000] [id=2784]
  0x0000016fe5b60f40 GCTaskThread "GC Thread#2" [stack: 0x000000655b400000,0x000000655b500000] [id=3032]
  0x0000016fe50fd160 GCTaskThread "GC Thread#3" [stack: 0x000000655b500000,0x000000655b600000] [id=10584]
  0x0000016fe50f0720 GCTaskThread "GC Thread#4" [stack: 0x000000655b200000,0x000000655b300000] [id=6844]
  0x0000016fe64c41d0 GCTaskThread "GC Thread#5" [stack: 0x000000655c300000,0x000000655c400000] [id=7428]
  0x0000016fe6937a50 GCTaskThread "GC Thread#6" [stack: 0x000000655c400000,0x000000655c500000] [id=15188]
  0x0000016fe6a50b00 GCTaskThread "GC Thread#7" [stack: 0x000000655c500000,0x000000655c600000] [id=7800]
  0x0000016fc24aa200 ConcurrentGCThread "G1 Main Marker" [stack: 0x000000655a100000,0x000000655a200000] [id=10016]
  0x0000016fc24aac20 ConcurrentGCThread "G1 Conc#0" [stack: 0x000000655a200000,0x000000655a300000] [id=11424]
  0x0000016fe64b3040 ConcurrentGCThread "G1 Conc#1" [stack: 0x000000655c600000,0x000000655c700000] [id=5304]
  0x0000016fc24ddc90 ConcurrentGCThread "G1 Refine#0" [stack: 0x000000655a300000,0x000000655a400000] [id=15308]
  0x0000016fc24de6c0 ConcurrentGCThread "G1 Service" [stack: 0x000000655a400000,0x000000655a500000] [id=12704]

Threads with active compile tasks:
C2 CompilerThread0    12170 3338   !   4       jdk.internal.loader.BuiltinClassLoader::loadClassOrNull (143 bytes)
C2 CompilerThread1    12170 3339       4       jdk.internal.loader.BuiltinClassLoader::findLoadedModule (33 bytes)

VM state: not at safepoint (normal execution)

VM Mutex/Monitor currently owned by a thread: None

Heap address: 0x0000000700000000, size: 4096 MB, Compressed Oops mode: Zero based, Oop shift amount: 3

CDS archive(s) not mapped
Compressed class space mapped at: 0x0000000800000000-0x0000000840000000, reserved size: 1073741824
Narrow klass base: 0x0000000800000000, Narrow klass shift: 0, Narrow klass range: 0x40000000

GC Precious Log:
 CPUs: 8 total, 8 available
 Memory: 12121M
 Large Page Support: Disabled
 NUMA Support: Disabled
 Compressed Oops: Enabled (Zero based)
 Heap Region Size: 2M
 Heap Min Capacity: 8M
 Heap Initial Capacity: 190M
 Heap Max Capacity: 4G
 Pre-touch: Disabled
 Parallel Workers: 8
 Concurrent Workers: 2
 Concurrent Refinement Workers: 8
 Periodic GC: Disabled

Heap:
 garbage-first heap   total 75776K, used 27785K [0x0000000700000000, 0x0000000800000000)
  region size 2048K, 4 young (8192K), 1 survivors (2048K)
 Metaspace       used 37536K, committed 38016K, reserved 1114112K
  class space    used 5137K, committed 5376K, reserved 1048576K

Heap Regions: E=young(eden), S=young(survivor), O=old, HS=humongous(starts), HC=humongous(continues), CS=collection set, F=free, OA=open archive, CA=closed archive, TAMS=top-at-mark-start (previous, next)
|   0|0x0000000700000000, 0x0000000700200000, 0x0000000700200000|100%|HS|  |TAMS 0x0000000700200000, 0x0000000700000000| Complete 
|   1|0x0000000700200000, 0x0000000700400000, 0x0000000700400000|100%|HC|  |TAMS 0x0000000700400000, 0x0000000700200000| Complete 
|   2|0x0000000700400000, 0x0000000700600000, 0x0000000700600000|100%| O|  |TAMS 0x0000000700600000, 0x0000000700400000| Untracked 
|   3|0x0000000700600000, 0x0000000700800000, 0x0000000700800000|100%| O|  |TAMS 0x0000000700800000, 0x0000000700600000| Untracked 
|   4|0x0000000700800000, 0x000000070093ea00, 0x0000000700a00000| 62%| O|  |TAMS 0x0000000700800000, 0x0000000700800000| Untracked 
|   5|0x0000000700a00000, 0x0000000700c00000, 0x0000000700c00000|100%| O|  |TAMS 0x0000000700c00000, 0x0000000700a00000| Untracked 
|   6|0x0000000700c00000, 0x0000000700e00000, 0x0000000700e00000|100%| O|  |TAMS 0x0000000700e00000, 0x0000000700c00000| Untracked 
|   7|0x0000000700e00000, 0x0000000701000000, 0x0000000701000000|100%| O|  |TAMS 0x0000000701000000, 0x0000000700e00000| Untracked 
|   8|0x0000000701000000, 0x0000000701200000, 0x0000000701200000|100%| O|  |TAMS 0x0000000701200000, 0x0000000701000000| Untracked 
|   9|0x0000000701200000, 0x0000000701400000, 0x0000000701400000|100%| O|  |TAMS 0x0000000701400000, 0x0000000701200000| Untracked 
|  10|0x0000000701400000, 0x0000000701600000, 0x0000000701600000|100%| O|  |TAMS 0x0000000701600000, 0x0000000701400000| Untracked 
|  11|0x0000000701600000, 0x0000000701800000, 0x0000000701800000|100%| O|  |TAMS 0x000000070165a200, 0x0000000701600000| Untracked 
|  12|0x0000000701800000, 0x0000000701800000, 0x0000000701a00000|  0%| F|  |TAMS 0x0000000701800000, 0x0000000701800000| Untracked 
|  13|0x0000000701a00000, 0x0000000701a00000, 0x0000000701c00000|  0%| F|  |TAMS 0x0000000701a00000, 0x0000000701a00000| Untracked 
|  14|0x0000000701c00000, 0x0000000701c00000, 0x0000000701e00000|  0%| F|  |TAMS 0x0000000701c00000, 0x0000000701c00000| Untracked 
|  15|0x0000000701e00000, 0x0000000701e00000, 0x0000000702000000|  0%| F|  |TAMS 0x0000000701e00000, 0x0000000701e00000| Untracked 
|  16|0x0000000702000000, 0x0000000702000000, 0x0000000702200000|  0%| F|  |TAMS 0x0000000702000000, 0x0000000702000000| Untracked 
|  17|0x0000000702200000, 0x0000000702200000, 0x0000000702400000|  0%| F|  |TAMS 0x0000000702200000, 0x0000000702200000| Untracked 
|  18|0x0000000702400000, 0x0000000702400000, 0x0000000702600000|  0%| F|  |TAMS 0x0000000702400000, 0x0000000702400000| Untracked 
|  19|0x0000000702600000, 0x0000000702600000, 0x0000000702800000|  0%| F|  |TAMS 0x0000000702600000, 0x0000000702600000| Untracked 
|  20|0x0000000702800000, 0x0000000702800000, 0x0000000702a00000|  0%| F|  |TAMS 0x0000000702800000, 0x0000000702800000| Untracked 
|  21|0x0000000702a00000, 0x0000000702a00000, 0x0000000702c00000|  0%| F|  |TAMS 0x0000000702a00000, 0x0000000702a00000| Untracked 
|  22|0x0000000702c00000, 0x0000000702c00000, 0x0000000702e00000|  0%| F|  |TAMS 0x0000000702c00000, 0x0000000702c00000| Untracked 
|  23|0x0000000702e00000, 0x0000000702fe3ba8, 0x0000000703000000| 94%| S|CS|TAMS 0x0000000702e00000, 0x0000000702e00000| Complete 
|  24|0x0000000703000000, 0x0000000703000000, 0x0000000703200000|  0%| F|  |TAMS 0x0000000703000000, 0x0000000703000000| Untracked 
|  25|0x0000000703200000, 0x0000000703200000, 0x0000000703400000|  0%| F|  |TAMS 0x0000000703200000, 0x0000000703200000| Untracked 
|  26|0x0000000703400000, 0x0000000703400000, 0x0000000703600000|  0%| F|  |TAMS 0x0000000703400000, 0x0000000703400000| Untracked 
|  27|0x0000000703600000, 0x0000000703600000, 0x0000000703800000|  0%| F|  |TAMS 0x0000000703600000, 0x0000000703600000| Untracked 
|  28|0x0000000703800000, 0x0000000703800000, 0x0000000703a00000|  0%| F|  |TAMS 0x0000000703800000, 0x0000000703800000| Untracked 
|  29|0x0000000703a00000, 0x0000000703a00000, 0x0000000703c00000|  0%| F|  |TAMS 0x0000000703a00000, 0x0000000703a00000| Untracked 
|  30|0x0000000703c00000, 0x0000000703c00000, 0x0000000703e00000|  0%| F|  |TAMS 0x0000000703c00000, 0x0000000703c00000| Untracked 
|  57|0x0000000707200000, 0x0000000707200000, 0x0000000707400000|  0%| F|  |TAMS 0x0000000707200000, 0x0000000707200000| Untracked 
|  58|0x0000000707400000, 0x0000000707400000, 0x0000000707600000|  0%| F|  |TAMS 0x0000000707400000, 0x0000000707400000| Untracked 
|  59|0x0000000707600000, 0x0000000707600000, 0x0000000707800000|  0%| F|  |TAMS 0x0000000707600000, 0x0000000707600000| Untracked 
|  60|0x0000000707800000, 0x00000007078f7c40, 0x0000000707a00000| 48%| E|  |TAMS 0x0000000707800000, 0x0000000707800000| Complete 
|  61|0x0000000707a00000, 0x0000000707c00000, 0x0000000707c00000|100%| E|CS|TAMS 0x0000000707a00000, 0x0000000707a00000| Complete 
|  94|0x000000070bc00000, 0x000000070be00000, 0x000000070be00000|100%| E|  |TAMS 0x000000070bc00000, 0x000000070bc00000| Complete 

Card table byte_map: [0x0000016fd4bf0000,0x0000016fd53f0000] _byte_map_base: 0x0000016fd13f0000

Marking Bits (Prev, Next): (CMBitMap*) 0x0000016fc24998d0, (CMBitMap*) 0x0000016fc2499910
 Prev Bits: [0x0000016fd5bf0000, 0x0000016fd9bf0000)
 Next Bits: [0x0000016fd9bf0000, 0x0000016fddbf0000)

Polling page: 0x0000016fc0370000

Metaspace:

Usage:
  Non-class:     31.65 MB used.
      Class:      5.02 MB used.
       Both:     36.67 MB used.

Virtual space:
  Non-class space:       64.00 MB reserved,      31.88 MB ( 50%) committed,  1 nodes.
      Class space:        1.00 GB reserved,       5.25 MB ( <1%) committed,  1 nodes.
             Both:        1.06 GB reserved,      37.12 MB (  3%) committed. 

Chunk freelists:
   Non-Class:  96.00 KB
       Class:  10.66 MB
        Both:  10.75 MB

MaxMetaspaceSize: unlimited
CompressedClassSpaceSize: 1.00 GB
Initial GC threshold: 21.00 MB
Current GC threshold: 58.69 MB
CDS: off
MetaspaceReclaimPolicy: balanced
 - commit_granule_bytes: 65536.
 - commit_granule_words: 8192.
 - virtual_space_node_default_size: 8388608.
 - enlarge_chunks_in_place: 1.
 - new_chunks_are_fully_committed: 0.
 - uncommit_free_chunks: 1.
 - use_allocation_guard: 0.
 - handle_deallocations: 1.


Internal statistics:

num_allocs_failed_limit: 6.
num_arena_births: 364.
num_arena_deaths: 0.
num_vsnodes_births: 2.
num_vsnodes_deaths: 0.
num_space_committed: 594.
num_space_uncommitted: 0.
num_chunks_returned_to_freelist: 6.
num_chunks_taken_from_freelist: 1463.
num_chunk_merges: 6.
num_chunk_splits: 942.
num_chunks_enlarged: 635.
num_inconsistent_stats: 0.

CodeHeap 'non-profiled nmethods': size=120000Kb used=2070Kb max_used=2070Kb free=117929Kb
 bounds [0x0000016fccb90000, 0x0000016fcce00000, 0x0000016fd40c0000]
CodeHeap 'profiled nmethods': size=120000Kb used=7087Kb max_used=7087Kb free=112912Kb
 bounds [0x0000016fc50c0000, 0x0000016fc57b0000, 0x0000016fcc5f0000]
CodeHeap 'non-nmethods': size=5760Kb used=1252Kb max_used=1337Kb free=4507Kb
 bounds [0x0000016fcc5f0000, 0x0000016fcc860000, 0x0000016fccb90000]
 total_blobs=3900 nmethods=3336 adapters=476
 compilation: enabled
              stopped_count=0, restarted_count=0
 full_count=0

Compilation events (20 events):
Event: 12.038 Thread 0x0000016fe06cf650 nmethod 3328 0x0000016fc57a4b90 code [0x0000016fc57a4d80, 0x0000016fc57a5418]
Event: 12.041 Thread 0x0000016fe06cf650 3329  s    1       org.codehaus.groovy.reflection.stdclasses.ObjectCachedClass::getCachedSuperClass (2 bytes)
Event: 12.042 Thread 0x0000016fe06cf650 nmethod 3329 0x0000016fccd94f90 code [0x0000016fccd95120, 0x0000016fccd95298]
Event: 12.042 Thread 0x0000016fe06cf650 3330       3       org.codehaus.groovy.runtime.metaclass.NewInstanceMetaMethod::<init> (6 bytes)
Event: 12.042 Thread 0x0000016fe06cf650 nmethod 3330 0x0000016fc57a5610 code [0x0000016fc57a57a0, 0x0000016fc57a58e8]
Event: 12.043 Thread 0x0000016fe06cf650 3331       3       org.codehaus.groovy.reflection.CachedMethod::getParamsCount (6 bytes)
Event: 12.043 Thread 0x0000016fe06cf650 nmethod 3331 0x0000016fc57a5990 code [0x0000016fc57a5b40, 0x0000016fc57a5dc8]
Event: 12.043 Thread 0x0000016fe06cf650 3332       3       org.codehaus.groovy.runtime.metaclass.NewMetaMethod::getDeclaringClass (7 bytes)
Event: 12.044 Thread 0x0000016fe06cf650 nmethod 3332 0x0000016fc57a5f10 code [0x0000016fc57a60a0, 0x0000016fc57a6278]
Event: 12.072 Thread 0x0000016fe06cf650 3333       3       java.util.stream.ReferencePipeline::collect (124 bytes)
Event: 12.073 Thread 0x0000016fe06cf650 nmethod 3333 0x0000016fc57a6390 code [0x0000016fc57a6620, 0x0000016fc57a72e8]
Event: 12.073 Thread 0x0000016fe06cf650 3334       3       java.nio.file.Files::provider (10 bytes)
Event: 12.074 Thread 0x0000016fe06cf650 nmethod 3334 0x0000016fc57a7710 code [0x0000016fc57a78c0, 0x0000016fc57a7a88]
Event: 12.074 Thread 0x0000016fe06cf650 3335 %     3       java.util.Properties$LineReader::readLine @ 224 (584 bytes)
Event: 12.075 Thread 0x0000016fe06cec90 3336       4       java.lang.Object::<init> (1 bytes)
Event: 12.076 Thread 0x0000016fe06cec90 nmethod 3336 0x0000016fccd95310 code [0x0000016fccd95480, 0x0000016fccd95538]
Event: 12.077 Thread 0x0000016fe06cf650 nmethod 3335% 0x0000016fc57a7b90 code [0x0000016fc57a7f80, 0x0000016fc57aaf78]
Event: 12.077 Thread 0x0000016fe06cf650 3337       1       org.codehaus.groovy.reflection.ClassInfo::getStrongMetaClass (5 bytes)
Event: 12.078 Thread 0x0000016fe06cf650 nmethod 3337 0x0000016fccd95610 code [0x0000016fccd957a0, 0x0000016fccd95878]
Event: 12.091 Thread 0x0000016fe06cec90 3338   !   4       jdk.internal.loader.BuiltinClassLoader::loadClassOrNull (143 bytes)

GC Heap History (14 events):
Event: 1.858 GC heap before
{Heap before GC invocations=0 (full 0):
 garbage-first heap   total 194560K, used 26624K [0x0000000700000000, 0x0000000800000000)
  region size 2048K, 11 young (22528K), 0 survivors (0K)
 Metaspace       used 8946K, committed 9152K, reserved 1114112K
  class space    used 990K, committed 1088K, reserved 1048576K
}
Event: 1.955 GC heap after
{Heap after GC invocations=1 (full 0):
 garbage-first heap   total 194560K, used 10193K [0x0000000700000000, 0x0000000800000000)
  region size 2048K, 2 young (4096K), 2 survivors (4096K)
 Metaspace       used 8946K, committed 9152K, reserved 1114112K
  class space    used 990K, committed 1088K, reserved 1048576K
}
Event: 3.094 GC heap before
{Heap before GC invocations=1 (full 0):
 garbage-first heap   total 194560K, used 34769K [0x0000000700000000, 0x0000000800000000)
  region size 2048K, 14 young (28672K), 2 survivors (4096K)
 Metaspace       used 9868K, committed 10048K, reserved 1114112K
  class space    used 1088K, committed 1216K, reserved 1048576K
}
Event: 3.099 GC heap after
{Heap after GC invocations=2 (full 0):
 garbage-first heap   total 194560K, used 10736K [0x0000000700000000, 0x0000000800000000)
  region size 2048K, 1 young (2048K), 1 survivors (2048K)
 Metaspace       used 9868K, committed 10048K, reserved 1114112K
  class space    used 1088K, committed 1216K, reserved 1048576K
}
Event: 5.682 GC heap before
{Heap before GC invocations=2 (full 0):
 garbage-first heap   total 194560K, used 74224K [0x0000000700000000, 0x0000000800000000)
  region size 2048K, 33 young (67584K), 1 survivors (2048K)
 Metaspace       used 21212K, committed 21504K, reserved 1114112K
  class space    used 2763K, committed 2944K, reserved 1048576K
}
Event: 5.691 GC heap after
{Heap after GC invocations=3 (full 0):
 garbage-first heap   total 194560K, used 18722K [0x0000000700000000, 0x0000000800000000)
  region size 2048K, 5 young (10240K), 5 survivors (10240K)
 Metaspace       used 21212K, committed 21504K, reserved 1114112K
  class space    used 2763K, committed 2944K, reserved 1048576K
}
Event: 9.048 GC heap before
{Heap before GC invocations=4 (full 0):
 garbage-first heap   total 75776K, used 53538K [0x0000000700000000, 0x0000000800000000)
  region size 2048K, 22 young (45056K), 5 survivors (10240K)
 Metaspace       used 26648K, committed 27008K, reserved 1114112K
  class space    used 3690K, committed 3840K, reserved 1048576K
}
Event: 9.060 GC heap after
{Heap after GC invocations=5 (full 0):
 garbage-first heap   total 75776K, used 21207K [0x0000000700000000, 0x0000000800000000)
  region size 2048K, 2 young (4096K), 2 survivors (4096K)
 Metaspace       used 26648K, committed 27008K, reserved 1114112K
  class space    used 3690K, committed 3840K, reserved 1048576K
}
Event: 9.079 GC heap before
{Heap before GC invocations=5 (full 0):
 garbage-first heap   total 75776K, used 23255K [0x0000000700000000, 0x0000000800000000)
  region size 2048K, 3 young (6144K), 2 survivors (4096K)
 Metaspace       used 26671K, committed 27008K, reserved 1114112K
  class space    used 3696K, committed 3840K, reserved 1048576K
}
Event: 9.085 GC heap after
{Heap after GC invocations=6 (full 0):
 garbage-first heap   total 75776K, used 21885K [0x0000000700000000, 0x0000000800000000)
  region size 2048K, 1 young (2048K), 1 survivors (2048K)
 Metaspace       used 26671K, committed 27008K, reserved 1114112K
  class space    used 3696K, committed 3840K, reserved 1048576K
}
Event: 10.720 GC heap before
{Heap before GC invocations=6 (full 0):
 garbage-first heap   total 75776K, used 52605K [0x0000000700000000, 0x0000000800000000)
  region size 2048K, 16 young (32768K), 1 survivors (2048K)
 Metaspace       used 31116K, committed 31488K, reserved 1114112K
  class space    used 4311K, committed 4480K, reserved 1048576K
}
Event: 10.723 GC heap after
{Heap after GC invocations=7 (full 0):
 garbage-first heap   total 75776K, used 23863K [0x0000000700000000, 0x0000000800000000)
  region size 2048K, 2 young (4096K), 2 survivors (4096K)
 Metaspace       used 31116K, committed 31488K, reserved 1114112K
  class space    used 4311K, committed 4480K, reserved 1048576K
}
Event: 11.821 GC heap before
{Heap before GC invocations=7 (full 0):
 garbage-first heap   total 75776K, used 46391K [0x0000000700000000, 0x0000000800000000)
  region size 2048K, 15 young (30720K), 2 survivors (4096K)
 Metaspace       used 35547K, committed 35968K, reserved 1114112K
  class space    used 4907K, committed 5120K, reserved 1048576K
}
Event: 11.826 GC heap after
{Heap after GC invocations=8 (full 0):
 garbage-first heap   total 75776K, used 25737K [0x0000000700000000, 0x0000000800000000)
  region size 2048K, 1 young (2048K), 1 survivors (2048K)
 Metaspace       used 35547K, committed 35968K, reserved 1114112K
  class space    used 4907K, committed 5120K, reserved 1048576K
}

Dll operation events (12 events):
Event: 0.012 Loaded shared library C:\Users\Haythem\.vscode\extensions\redhat.java-1.34.0-win32-x64\jre\17.0.12-win32-x86_64\bin\java.dll
Event: 0.355 Loaded shared library C:\Users\Haythem\.vscode\extensions\redhat.java-1.34.0-win32-x64\jre\17.0.12-win32-x86_64\bin\net.dll
Event: 0.358 Loaded shared library C:\Users\Haythem\.vscode\extensions\redhat.java-1.34.0-win32-x64\jre\17.0.12-win32-x86_64\bin\nio.dll
Event: 0.374 Loaded shared library C:\Users\Haythem\.vscode\extensions\redhat.java-1.34.0-win32-x64\jre\17.0.12-win32-x86_64\bin\zip.dll
Event: 0.990 Loaded shared library C:\Users\Haythem\.vscode\extensions\redhat.java-1.34.0-win32-x64\jre\17.0.12-win32-x86_64\bin\jimage.dll
Event: 1.122 Loaded shared library C:\Users\Haythem\.vscode\extensions\redhat.java-1.34.0-win32-x64\jre\17.0.12-win32-x86_64\bin\verify.dll
Event: 1.552 Loaded shared library C:\Users\Haythem\.gradle\native\c067742578af261105cb4f569cf0c3c89f3d7b1fecec35dd04571415982c5e48\windows-amd64\native-platform.dll
Event: 1.558 Loaded shared library C:\Users\Haythem\.gradle\native\38dada09dfb8b06ba9b0570ebf7e218e3eb74d4ef43ca46872605cf95ebc2f47\windows-amd64\native-platform-file-events.dll
Event: 3.698 Loaded shared library C:\Users\Haythem\.vscode\extensions\redhat.java-1.34.0-win32-x64\jre\17.0.12-win32-x86_64\bin\management.dll
Event: 3.701 Loaded shared library C:\Users\Haythem\.vscode\extensions\redhat.java-1.34.0-win32-x64\jre\17.0.12-win32-x86_64\bin\management_ext.dll
Event: 4.276 Loaded shared library C:\Users\Haythem\.vscode\extensions\redhat.java-1.34.0-win32-x64\jre\17.0.12-win32-x86_64\bin\extnet.dll
Event: 4.790 Loaded shared library C:\Users\Haythem\.vscode\extensions\redhat.java-1.34.0-win32-x64\jre\17.0.12-win32-x86_64\bin\sunmscapi.dll

Deoptimization events (20 events):
Event: 11.562 Thread 0x0000016fe659b640 Uncommon trap: trap_request=0xffffffc6 fr.pc=0x0000016fccd66084 relative=0x00000000000008e4
Event: 11.562 Thread 0x0000016fe659b640 Uncommon trap: reason=bimorphic_or_optimized_type_check action=maybe_recompile pc=0x0000016fccd66084 method=java.io.BufferedInputStream.read([BII)I @ 101 c2
Event: 11.562 Thread 0x0000016fe659b640 DEOPT PACKING pc=0x0000016fccd66084 sp=0x000000655bcf7620
Event: 11.562 Thread 0x0000016fe659b640 DEOPT UNPACKING pc=0x0000016fcc6469a3 sp=0x000000655bcf75d8 mode 2
Event: 11.562 Thread 0x0000016fe659b640 Uncommon trap: trap_request=0xffffffc6 fr.pc=0x0000016fccd66084 relative=0x00000000000008e4
Event: 11.562 Thread 0x0000016fe659b640 Uncommon trap: reason=bimorphic_or_optimized_type_check action=maybe_recompile pc=0x0000016fccd66084 method=java.io.BufferedInputStream.read([BII)I @ 101 c2
Event: 11.562 Thread 0x0000016fe659b640 DEOPT PACKING pc=0x0000016fccd66084 sp=0x000000655bcf7620
Event: 11.562 Thread 0x0000016fe659b640 DEOPT UNPACKING pc=0x0000016fcc6469a3 sp=0x000000655bcf75d8 mode 2
Event: 11.565 Thread 0x0000016fe659b640 Uncommon trap: trap_request=0xffffffc6 fr.pc=0x0000016fccd66084 relative=0x00000000000008e4
Event: 11.565 Thread 0x0000016fe659b640 Uncommon trap: reason=bimorphic_or_optimized_type_check action=maybe_recompile pc=0x0000016fccd66084 method=java.io.BufferedInputStream.read([BII)I @ 101 c2
Event: 11.565 Thread 0x0000016fe659b640 DEOPT PACKING pc=0x0000016fccd66084 sp=0x000000655bcf7620
Event: 11.565 Thread 0x0000016fe659b640 DEOPT UNPACKING pc=0x0000016fcc6469a3 sp=0x000000655bcf75d8 mode 2
Event: 11.567 Thread 0x0000016fe659b640 Uncommon trap: trap_request=0xffffffc6 fr.pc=0x0000016fccd66084 relative=0x00000000000008e4
Event: 11.567 Thread 0x0000016fe659b640 Uncommon trap: reason=bimorphic_or_optimized_type_check action=maybe_recompile pc=0x0000016fccd66084 method=java.io.BufferedInputStream.read([BII)I @ 101 c2
Event: 11.567 Thread 0x0000016fe659b640 DEOPT PACKING pc=0x0000016fccd66084 sp=0x000000655bcf7620
Event: 11.567 Thread 0x0000016fe659b640 DEOPT UNPACKING pc=0x0000016fcc6469a3 sp=0x000000655bcf75d8 mode 2
Event: 11.871 Thread 0x0000016fe659b640 Uncommon trap: trap_request=0xffffff45 fr.pc=0x0000016fccc364fc relative=0x000000000000067c
Event: 11.871 Thread 0x0000016fe659b640 Uncommon trap: reason=unstable_if action=reinterpret pc=0x0000016fccc364fc method=java.util.Properties$LineReader.readLine()I @ 95 c2
Event: 11.871 Thread 0x0000016fe659b640 DEOPT PACKING pc=0x0000016fccc364fc sp=0x000000655bcf7690
Event: 11.871 Thread 0x0000016fe659b640 DEOPT UNPACKING pc=0x0000016fcc6469a3 sp=0x000000655bcf7640 mode 2

Classes loaded (20 events):
Event: 12.041 Loading class javax/swing/event/TableModelEvent
Event: 12.041 Loading class javax/swing/event/TableModelEvent done
Event: 12.055 Loading class org/w3c/dom/NodeList
Event: 12.055 Loading class org/w3c/dom/NodeList done
Event: 12.055 Loading class org/w3c/dom/Element
Event: 12.070 Loading class org/w3c/dom/Node
Event: 12.071 Loading class org/w3c/dom/Node done
Event: 12.071 Loading class org/w3c/dom/Element done
Event: 12.072 Loading class org/w3c/dom/DOMException
Event: 12.072 Loading class org/w3c/dom/DOMException done
Event: 12.072 Loading class org/w3c/dom/Attr
Event: 12.072 Loading class org/w3c/dom/Attr done
Event: 12.072 Loading class org/w3c/dom/TypeInfo
Event: 12.072 Loading class org/w3c/dom/TypeInfo done
Event: 12.072 Loading class org/w3c/dom/NamedNodeMap
Event: 12.072 Loading class org/w3c/dom/NamedNodeMap done
Event: 12.072 Loading class org/w3c/dom/UserDataHandler
Event: 12.072 Loading class org/w3c/dom/UserDataHandler done
Event: 12.072 Loading class org/w3c/dom/Document
Event: 12.073 Loading class org/w3c/dom/Document done

Classes unloaded (0 events):
No events

Classes redefined (0 events):
No events

Internal exceptions (20 events):
Event: 9.521 Thread 0x0000016fe659b640 Exception <a 'java/lang/NoSuchMethodError'{0x00000007073668d0}: static Lorg/eclipse/buildship/core/internal/workspace/TellGradleToRunSynchronizationTasks;.<clinit>()V> (0x00000007073668d0) 
thrown [s\src\hotspot\share\prims\jni.cpp, line 1112]
Event: 9.636 Thread 0x0000016fe659b640 Exception <a 'java/lang/NoSuchMethodError'{0x0000000703c996b8}: 'java.lang.Object java.lang.invoke.DirectMethodHandle$Holder.newInvokeSpecial(java.lang.Object, java.lang.Object, int)'> (0x0000000703c996b8) 
thrown [s\src\hotspot\share\interpreter\linkResolver.cpp, line 759]
Event: 10.173 Thread 0x0000016fe659b640 Exception <a 'java/lang/NoSuchMethodError'{0x00000007032c4698}: 'java.lang.Object java.lang.invoke.DirectMethodHandle$Holder.invokeSpecialIFC(java.lang.Object, java.lang.Object, java.lang.Object, java.lang.Object)'> (0x00000007032c4698) 
thrown [s\src\hotspot\share\interpreter\linkResolver.cpp, line 759]
Event: 10.475 Thread 0x0000016fe659b640 Implicit null exception at 0x0000016fccbe4e0f to 0x0000016fccbe5284
Event: 10.633 Thread 0x0000016fe659b640 Exception <a 'java/lang/NoSuchMethodError'{0x0000000702aa4e30}: 'java.lang.Object java.lang.invoke.DirectMethodHandle$Holder.invokeSpecial(java.lang.Object, java.lang.Object, java.lang.Object, java.lang.Object, java.lang.Object, java.lang.Object, java.lang.Object, java.lang.Object, java.lang.Object, java.lang.Object, java.lang.Object, java.lang.Object, java.lang.Object)'> (0x0000000702aa4e30) 
thrown [s\src\hotspot\share\interpreter\linkResolver.cpp, line 759]
Event: 10.635 Thread 0x0000016fe659b640 Exception <a 'java/lang/NoSuchMethodError'{0x0000000702ab6900}: 'java.lang.Object java.lang.invoke.DirectMethodHandle$Holder.newInvokeSpecial(java.lang.Object, java.lang.Object, java.lang.Object, java.lang.Object, java.lang.Object, java.lang.Object, java.lang.Object, java.lang.Object, java.lang.Object, java.lang.Object, java.lang.Object)'> (0x0000000702ab6900) 
thrown [s\src\hotspot\share\interpreter\linkResolver.cpp, line 759]
Event: 10.635 Thread 0x0000016fe659b640 Exception <a 'java/lang/NoSuchMethodError'{0x0000000702abc7d8}: 'java.lang.Object java.lang.invoke.DirectMethodHandle$Holder.invokeSpecial(java.lang.Object, java.lang.Object, java.lang.Object, java.lang.Object, java.lang.Object, java.lang.Object, java.lang.Object, java.lang.Object, java.lang.Object, java.lang.Object, java.lang.Object, java.lang.Object)'> (0x0000000702abc7d8) 
thrown [s\src\hotspot\share\interpreter\linkResolver.cpp, line 759]
Event: 10.636 Thread 0x0000016fe659b640 Exception <a 'java/lang/NoSuchMethodError'{0x0000000702ac1e70}: 'java.lang.Object java.lang.invoke.Invokers$Holder.linkToTargetMethod(java.lang.Object, java.lang.Object, java.lang.Object, java.lang.Object, java.lang.Object, java.lang.Object, java.lang.Object, java.lang.Object, java.lang.Object, java.lang.Object, java.lang.Object)'> (0x0000000702ac1e70) 
thrown [s\src\hotspot\share\interpreter\linkResolver.cpp, line 759]
Event: 10.649 Thread 0x0000016fe659b640 Exception <a 'java/lang/NoSuchMethodError'{0x0000000702b0b100}: 'java.lang.Object java.lang.invoke.DirectMethodHandle$Holder.invokeSpecial(java.lang.Object, java.lang.Object, java.lang.Object, java.lang.Object, java.lang.Object, java.lang.Object, java.lang.Object, java.lang.Object, java.lang.Object, java.lang.Object, java.lang.Object, java.lang.Object, java.lang.Object, java.lang.Object)'> (0x0000000702b0b100) 
thrown [s\src\hotspot\share\interpreter\linkResolver.cpp, line 759]
Event: 10.650 Thread 0x0000016fe659b640 Exception <a 'java/lang/NoSuchMethodError'{0x0000000702b1d778}: 'java.lang.Object java.lang.invoke.DirectMethodHandle$Holder.newInvokeSpecial(java.lang.Object, java.lang.Object, java.lang.Object, java.lang.Object, java.lang.Object, java.lang.Object, java.lang.Object, java.lang.Object, java.lang.Object, java.lang.Object, java.lang.Object, java.lang.Object)'> (0x0000000702b1d778) 
thrown [s\src\hotspot\share\interpreter\linkResolver.cpp, line 759]
Event: 10.651 Thread 0x0000016fe659b640 Exception <a 'java/lang/NoSuchMethodError'{0x0000000702b23110}: 'java.lang.Object java.lang.invoke.Invokers$Holder.linkToTargetMethod(java.lang.Object, java.lang.Object, java.lang.Object, java.lang.Object, java.lang.Object, java.lang.Object, java.lang.Object, java.lang.Object, java.lang.Object, java.lang.Object, java.lang.Object, java.lang.Object)'> (0x0000000702b23110) 
thrown [s\src\hotspot\share\interpreter\linkResolver.cpp, line 759]
Event: 10.703 Thread 0x0000016fe659b640 Exception <a 'java/lang/NoSuchMethodError'{0x0000000702bb5fd8}: 'java.lang.Object java.lang.invoke.DirectMethodHandle$Holder.invokeStaticInit(java.lang.Object, java.lang.Object, java.lang.Object, java.lang.Object)'> (0x0000000702bb5fd8) 
thrown [s\src\hotspot\share\interpreter\linkResolver.cpp, line 759]
Event: 10.918 Thread 0x0000016fe659b640 Exception <a 'java/lang/NoSuchMethodError'{0x0000000707978d08}: 'java.lang.Object java.lang.invoke.DirectMethodHandle$Holder.newInvokeSpecial(java.lang.Object, java.lang.Object, java.lang.Object, java.lang.Object, java.lang.Object, java.lang.Object, java.lang.Object, java.lang.Object)'> (0x0000000707978d08) 
thrown [s\src\hotspot\share\interpreter\linkResolver.cpp, line 759]
Event: 10.919 Thread 0x0000016fe659b640 Exception <a 'java/lang/NoSuchMethodError'{0x000000070797eae8}: 'java.lang.Object java.lang.invoke.Invokers$Holder.linkToTargetMethod(java.lang.Object, java.lang.Object, java.lang.Object, java.lang.Object, java.lang.Object, java.lang.Object, java.lang.Object, java.lang.Object)'> (0x000000070797eae8) 
thrown [s\src\hotspot\share\interpreter\linkResolver.cpp, line 759]
Event: 10.938 Thread 0x0000016fe659b640 Exception <a 'java/lang/IncompatibleClassChangeError'{0x00000007079eef60}: Found class java.lang.Object, but interface was expected> (0x00000007079eef60) 
thrown [s\src\hotspot\share\interpreter\linkResolver.cpp, line 826]
Event: 11.463 Thread 0x0000016fe659b640 Exception <a 'java/lang/NoSuchMethodError'{0x0000000703610be0}: 'java.lang.Object java.lang.invoke.DirectMethodHandle$Holder.invokeSpecial(java.lang.Object, java.lang.Object, java.lang.Object, int, java.lang.Object, java.lang.Object)'> (0x0000000703610be0) 
thrown [s\src\hotspot\share\interpreter\linkResolver.cpp, line 759]
Event: 11.674 Thread 0x0000016fe659b640 Exception <a 'java/lang/NoSuchMethodError'{0x000000070323e790}: 'void java.lang.invoke.DirectMethodHandle$Holder.invokeStaticInit(java.lang.Object, java.lang.Object, java.lang.Object)'> (0x000000070323e790) 
thrown [s\src\hotspot\share\interpreter\linkResolver.cpp, line 759]
Event: 11.675 Thread 0x0000016fe659b640 Exception <a 'java/lang/NoSuchMethodError'{0x0000000703245ed8}: 'void java.lang.invoke.DirectMethodHandle$Holder.invokeStaticInit(java.lang.Object, java.lang.Object, java.lang.Object, java.lang.Object)'> (0x0000000703245ed8) 
thrown [s\src\hotspot\share\interpreter\linkResolver.cpp, line 759]
Event: 11.679 Thread 0x0000016fe659b640 Exception <a 'java/lang/NoSuchMethodError'{0x00000007032683a0}: 'void java.lang.invoke.DirectMethodHandle$Holder.invokeStaticInit(java.lang.Object, java.lang.Object, java.lang.Object, java.lang.Object, java.lang.Object)'> (0x00000007032683a0) 
thrown [s\src\hotspot\share\interpreter\linkResolver.cpp, line 759]
Event: 11.721 Thread 0x0000016fe659b640 Exception <a 'java/lang/NoSuchMethodError'{0x00000007032c3ad8}: 'int java.lang.invoke.DirectMethodHandle$Holder.invokeStaticInit(java.lang.Object, java.lang.Object, java.lang.Object, java.lang.Object)'> (0x00000007032c3ad8) 
thrown [s\src\hotspot\share\interpreter\linkResolver.cpp, line 759]

VM Operations (20 events):
Event: 10.483 Executing VM operation: HandshakeAllThreads
Event: 10.483 Executing VM operation: HandshakeAllThreads done
Event: 10.720 Executing VM operation: G1CollectForAllocation
Event: 10.723 Executing VM operation: G1CollectForAllocation done
Event: 11.100 Executing VM operation: HandshakeAllThreads
Event: 11.118 Executing VM operation: HandshakeAllThreads done
Event: 11.600 Executing VM operation: HandshakeAllThreads
Event: 11.600 Executing VM operation: HandshakeAllThreads done
Event: 11.820 Executing VM operation: CollectForMetadataAllocation
Event: 11.826 Executing VM operation: CollectForMetadataAllocation done
Event: 11.853 Executing VM operation: G1PauseRemark
Event: 11.856 Executing VM operation: G1PauseRemark done
Event: 11.866 Executing VM operation: G1PauseCleanup
Event: 11.866 Executing VM operation: G1PauseCleanup done
Event: 11.901 Executing VM operation: HandshakeAllThreads
Event: 11.901 Executing VM operation: HandshakeAllThreads done
Event: 11.995 Executing VM operation: HandshakeAllThreads
Event: 11.995 Executing VM operation: HandshakeAllThreads done
Event: 12.089 Executing VM operation: HandshakeAllThreads
Event: 12.089 Executing VM operation: HandshakeAllThreads done

Events (20 events):
Event: 7.845 Thread 0x0000016fe5c835b0 Thread exited: 0x0000016fe5c835b0
Event: 8.803 Thread 0x0000016fe659e3d0 Thread added: 0x0000016fe659e3d0
Event: 8.818 Thread 0x0000016fe659dec0 Thread added: 0x0000016fe659dec0
Event: 9.045 Thread 0x0000016fe659ac20 Thread added: 0x0000016fe659ac20
Event: 9.045 Thread 0x0000016fe659b130 Thread added: 0x0000016fe659b130
Event: 9.045 Thread 0x0000016fe742d620 Thread added: 0x0000016fe742d620
Event: 9.090 Thread 0x0000016fe75b6cb0 Thread added: 0x0000016fe75b6cb0
Event: 9.096 Thread 0x0000016fe5fd4060 Thread added: 0x0000016fe5fd4060
Event: 10.131 Thread 0x0000016fe5fd4060 Thread exited: 0x0000016fe5fd4060
Event: 10.143 Thread 0x0000016fe74312e0 Thread added: 0x0000016fe74312e0
Event: 10.242 Thread 0x0000016fe742d110 Thread added: 0x0000016fe742d110
Event: 10.242 Thread 0x0000016fe75b6cb0 Thread exited: 0x0000016fe75b6cb0
Event: 10.326 Thread 0x0000016fe7433650 Thread added: 0x0000016fe7433650
Event: 10.663 Thread 0x0000016fe7432c30 Thread added: 0x0000016fe7432c30
Event: 10.745 Thread 0x0000016fe742ea60 Thread added: 0x0000016fe742ea60
Event: 10.941 Thread 0x0000016fe63987b0 Thread added: 0x0000016fe63987b0
Event: 11.025 Thread 0x0000016fe7433140 Thread added: 0x0000016fe7433140
Event: 11.359 Thread 0x0000016fe74308c0 Thread added: 0x0000016fe74308c0
Event: 11.395 Thread 0x0000016fe6de6020 Thread added: 0x0000016fe6de6020
Event: 11.396 Thread 0x0000016fe742ef70 Thread added: 0x0000016fe742ef70


Dynamic libraries:
0x00007ff6f16e0000 - 0x00007ff6f16ee000 	C:\Users\Haythem\.vscode\extensions\redhat.java-1.34.0-win32-x64\jre\17.0.12-win32-x86_64\bin\java.exe
0x00007ffb9a6d0000 - 0x00007ffb9a8e7000 	C:\Windows\SYSTEM32\ntdll.dll
0x00007ffb98e80000 - 0x00007ffb98f44000 	C:\Windows\System32\KERNEL32.DLL
0x00007ffb97cf0000 - 0x00007ffb9809d000 	C:\Windows\System32\KERNELBASE.dll
0x00007ffb982e0000 - 0x00007ffb983f1000 	C:\Windows\System32\ucrtbase.dll
0x00007ffb7cd90000 - 0x00007ffb7cda7000 	C:\Users\Haythem\.vscode\extensions\redhat.java-1.34.0-win32-x64\jre\17.0.12-win32-x86_64\bin\jli.dll
0x00007ffb7cdb0000 - 0x00007ffb7cdcb000 	C:\Users\Haythem\.vscode\extensions\redhat.java-1.34.0-win32-x64\jre\17.0.12-win32-x86_64\bin\VCRUNTIME140.dll
0x00007ffb993c0000 - 0x00007ffb9956e000 	C:\Windows\System32\USER32.dll
0x00007ffb7ed10000 - 0x00007ffb7efa3000 	C:\Windows\WinSxS\amd64_microsoft.windows.common-controls_6595b64144ccf1df_6.0.22621.3672_none_2713b9d173822955\COMCTL32.dll
0x00007ffb979f0000 - 0x00007ffb97a16000 	C:\Windows\System32\win32u.dll
0x00007ffb9a020000 - 0x00007ffb9a0c7000 	C:\Windows\System32\msvcrt.dll
0x00007ffb9a660000 - 0x00007ffb9a689000 	C:\Windows\System32\GDI32.dll
0x00007ffb97a20000 - 0x00007ffb97b39000 	C:\Windows\System32\gdi32full.dll
0x00007ffb98240000 - 0x00007ffb982da000 	C:\Windows\System32\msvcp_win.dll
0x00007ffb98760000 - 0x00007ffb98791000 	C:\Windows\System32\IMM32.DLL
0x00007ffb918a0000 - 0x00007ffb918ac000 	C:\Users\Haythem\.vscode\extensions\redhat.java-1.34.0-win32-x64\jre\17.0.12-win32-x86_64\bin\vcruntime140_1.dll
0x00007ffb73e50000 - 0x00007ffb73edd000 	C:\Users\Haythem\.vscode\extensions\redhat.java-1.34.0-win32-x64\jre\17.0.12-win32-x86_64\bin\msvcp140.dll
0x00007ffb53e90000 - 0x00007ffb54afa000 	C:\Users\Haythem\.vscode\extensions\redhat.java-1.34.0-win32-x64\jre\17.0.12-win32-x86_64\bin\server\jvm.dll
0x00007ffb986a0000 - 0x00007ffb98752000 	C:\Windows\System32\ADVAPI32.dll
0x00007ffb99df0000 - 0x00007ffb99e99000 	C:\Windows\System32\sechost.dll
0x00007ffb98210000 - 0x00007ffb98238000 	C:\Windows\System32\bcrypt.dll
0x00007ffb98400000 - 0x00007ffb98514000 	C:\Windows\System32\RPCRT4.dll
0x00007ffb98df0000 - 0x00007ffb98e61000 	C:\Windows\System32\WS2_32.dll
0x00007ffb97130000 - 0x00007ffb9717d000 	C:\Windows\SYSTEM32\POWRPROF.dll
0x00007ffb92020000 - 0x00007ffb92054000 	C:\Windows\SYSTEM32\WINMM.dll
0x00007ffb91fd0000 - 0x00007ffb91fda000 	C:\Windows\SYSTEM32\VERSION.dll
0x00007ffb970e0000 - 0x00007ffb970f3000 	C:\Windows\SYSTEM32\UMPDC.dll
0x00007ffb96a00000 - 0x00007ffb96a18000 	C:\Windows\SYSTEM32\kernel.appcore.dll
0x00007ffb82800000 - 0x00007ffb8280a000 	C:\Users\Haythem\.vscode\extensions\redhat.java-1.34.0-win32-x64\jre\17.0.12-win32-x86_64\bin\jimage.dll
0x00007ffb94860000 - 0x00007ffb94a92000 	C:\Windows\SYSTEM32\DBGHELP.DLL
0x00007ffb98a50000 - 0x00007ffb98dde000 	C:\Windows\System32\combase.dll
0x00007ffb987a0000 - 0x00007ffb98877000 	C:\Windows\System32\OLEAUT32.dll
0x00007ffb70f20000 - 0x00007ffb70f52000 	C:\Windows\SYSTEM32\dbgcore.DLL
0x00007ffb97c70000 - 0x00007ffb97ceb000 	C:\Windows\System32\bcryptPrimitives.dll
0x00007ffb76df0000 - 0x00007ffb76e15000 	C:\Users\Haythem\.vscode\extensions\redhat.java-1.34.0-win32-x64\jre\17.0.12-win32-x86_64\bin\java.dll
0x00007ffb73e30000 - 0x00007ffb73e48000 	C:\Users\Haythem\.vscode\extensions\redhat.java-1.34.0-win32-x64\jre\17.0.12-win32-x86_64\bin\zip.dll
0x00007ffb99570000 - 0x00007ffb99dd7000 	C:\Windows\System32\SHELL32.dll
0x00007ffb95920000 - 0x00007ffb9621f000 	C:\Windows\SYSTEM32\windows.storage.dll
0x00007ffb957e0000 - 0x00007ffb9591f000 	C:\Windows\SYSTEM32\wintypes.dll
0x00007ffb99160000 - 0x00007ffb99259000 	C:\Windows\System32\SHCORE.dll
0x00007ffb985c0000 - 0x00007ffb9861e000 	C:\Windows\System32\shlwapi.dll
0x00007ffb97920000 - 0x00007ffb97947000 	C:\Windows\SYSTEM32\profapi.dll
0x00007ffb721d0000 - 0x00007ffb721e9000 	C:\Users\Haythem\.vscode\extensions\redhat.java-1.34.0-win32-x64\jre\17.0.12-win32-x86_64\bin\net.dll
0x00007ffb92980000 - 0x00007ffb92ab6000 	C:\Windows\SYSTEM32\WINHTTP.dll
0x00007ffb96ed0000 - 0x00007ffb96f39000 	C:\Windows\system32\mswsock.dll
0x00007ffb721b0000 - 0x00007ffb721c6000 	C:\Users\Haythem\.vscode\extensions\redhat.java-1.34.0-win32-x64\jre\17.0.12-win32-x86_64\bin\nio.dll
0x00007ffb82030000 - 0x00007ffb82040000 	C:\Users\Haythem\.vscode\extensions\redhat.java-1.34.0-win32-x64\jre\17.0.12-win32-x86_64\bin\verify.dll
0x00007ffb3ec20000 - 0x00007ffb3ec47000 	C:\Users\Haythem\.gradle\native\c067742578af261105cb4f569cf0c3c89f3d7b1fecec35dd04571415982c5e48\windows-amd64\native-platform.dll
0x00007ffb82c10000 - 0x00007ffb82d54000 	C:\Users\Haythem\.gradle\native\38dada09dfb8b06ba9b0570ebf7e218e3eb74d4ef43ca46872605cf95ebc2f47\windows-amd64\native-platform-file-events.dll
0x00007ffb81e50000 - 0x00007ffb81e59000 	C:\Users\Haythem\.vscode\extensions\redhat.java-1.34.0-win32-x64\jre\17.0.12-win32-x86_64\bin\management.dll
0x00007ffb80010000 - 0x00007ffb8001b000 	C:\Users\Haythem\.vscode\extensions\redhat.java-1.34.0-win32-x64\jre\17.0.12-win32-x86_64\bin\management_ext.dll
0x00007ffb98e70000 - 0x00007ffb98e78000 	C:\Windows\System32\PSAPI.DLL
0x00007ffb972a0000 - 0x00007ffb972bb000 	C:\Windows\SYSTEM32\CRYPTSP.dll
0x00007ffb96960000 - 0x00007ffb96995000 	C:\Windows\system32\rsaenh.dll
0x00007ffb96f70000 - 0x00007ffb96f98000 	C:\Windows\SYSTEM32\USERENV.dll
0x00007ffb97280000 - 0x00007ffb9728c000 	C:\Windows\SYSTEM32\CRYPTBASE.dll
0x00007ffb96480000 - 0x00007ffb964ad000 	C:\Windows\SYSTEM32\IPHLPAPI.DLL
0x00007ffb985b0000 - 0x00007ffb985b9000 	C:\Windows\System32\NSI.dll
0x00007ffb927c0000 - 0x00007ffb927d9000 	C:\Windows\SYSTEM32\dhcpcsvc6.DLL
0x00007ffb927a0000 - 0x00007ffb927bf000 	C:\Windows\SYSTEM32\dhcpcsvc.DLL
0x00007ffb964f0000 - 0x00007ffb965e8000 	C:\Windows\SYSTEM32\DNSAPI.dll
0x00007ffb82620000 - 0x00007ffb82629000 	C:\Users\Haythem\.vscode\extensions\redhat.java-1.34.0-win32-x64\jre\17.0.12-win32-x86_64\bin\extnet.dll
0x00007ffb91890000 - 0x00007ffb9189e000 	C:\Users\Haythem\.vscode\extensions\redhat.java-1.34.0-win32-x64\jre\17.0.12-win32-x86_64\bin\sunmscapi.dll
0x00007ffb980a0000 - 0x00007ffb98206000 	C:\Windows\System32\CRYPT32.dll
0x00007ffb973b0000 - 0x00007ffb973de000 	C:\Windows\SYSTEM32\ncrypt.dll
0x00007ffb97370000 - 0x00007ffb973a7000 	C:\Windows\SYSTEM32\NTASN1.dll
0x00007ffb8f8b0000 - 0x00007ffb8f8b8000 	C:\Windows\system32\wshunix.dll

dbghelp: loaded successfully - version: 4.0.5 - missing functions: none
symbol engine: initialized successfully - sym options: 0x614 - pdb path: .;C:\Users\Haythem\.vscode\extensions\redhat.java-1.34.0-win32-x64\jre\17.0.12-win32-x86_64\bin;C:\Windows\SYSTEM32;C:\Windows\WinSxS\amd64_microsoft.windows.common-controls_6595b64144ccf1df_6.0.22621.3672_none_2713b9d173822955;C:\Users\Haythem\.vscode\extensions\redhat.java-1.34.0-win32-x64\jre\17.0.12-win32-x86_64\bin\server;C:\Users\Haythem\.gradle\native\c067742578af261105cb4f569cf0c3c89f3d7b1fecec35dd04571415982c5e48\windows-amd64;C:\Users\Haythem\.gradle\native\38dada09dfb8b06ba9b0570ebf7e218e3eb74d4ef43ca46872605cf95ebc2f47\windows-amd64

VM Arguments:
jvm_args: -XX:+HeapDumpOnOutOfMemoryError --add-opens=java.base/java.util=ALL-UNNAMED --add-opens=java.base/java.lang=ALL-UNNAMED --add-opens=java.base/java.lang.invoke=ALL-UNNAMED --add-opens=java.prefs/java.util.prefs=ALL-UNNAMED --add-opens=java.base/java.nio.charset=ALL-UNNAMED --add-opens=java.base/java.net=ALL-UNNAMED --add-opens=java.base/java.util.concurrent.atomic=ALL-UNNAMED -Xmx4G -Dfile.encoding=utf8 -Duser.country=US -Duser.language=en -Duser.variant 
java_command: org.gradle.launcher.daemon.bootstrap.GradleDaemon 7.6.3
java_class_path (initial): C:\Users\Haythem\.gradle\wrapper\dists\gradle-7.6.3-all\aocdy2d2z8kodnny3rsumj8i8\gradle-7.6.3\lib\gradle-launcher-7.6.3.jar
Launcher Type: SUN_STANDARD

[Global flags]
     intx CICompilerCount                          = 4                                         {product} {ergonomic}
     uint ConcGCThreads                            = 2                                         {product} {ergonomic}
     uint G1ConcRefinementThreads                  = 8                                         {product} {ergonomic}
   size_t G1HeapRegionSize                         = 2097152                                   {product} {ergonomic}
    uintx GCDrainStackTargetSize                   = 64                                        {product} {ergonomic}
     bool HeapDumpOnOutOfMemoryError               = true                                   {manageable} {command line}
   size_t InitialHeapSize                          = 199229440                                 {product} {ergonomic}
   size_t MarkStackSize                            = 4194304                                   {product} {ergonomic}
   size_t MaxHeapSize                              = 4294967296                                {product} {command line}
   size_t MaxNewSize                               = 2575302656                                {product} {ergonomic}
   size_t MinHeapDeltaBytes                        = 2097152                                   {product} {ergonomic}
   size_t MinHeapSize                              = 8388608                                   {product} {ergonomic}
    uintx NonNMethodCodeHeapSize                   = 5839372                                {pd product} {ergonomic}
    uintx NonProfiledCodeHeapSize                  = 122909434                              {pd product} {ergonomic}
    uintx ProfiledCodeHeapSize                     = 122909434                              {pd product} {ergonomic}
    uintx ReservedCodeCacheSize                    = 251658240                              {pd product} {ergonomic}
     bool SegmentedCodeCache                       = true                                      {product} {ergonomic}
   size_t SoftMaxHeapSize                          = 4294967296                             {manageable} {ergonomic}
     bool UseCompressedClassPointers               = true                           {product lp64_product} {ergonomic}
     bool UseCompressedOops                        = true                           {product lp64_product} {ergonomic}
     bool UseG1GC                                  = true                                      {product} {ergonomic}
     bool UseLargePagesIndividualAllocation        = false                                  {pd product} {ergonomic}

Logging:
Log output configuration:
 #0: stdout all=warning uptime,level,tags
 #1: stderr all=off uptime,level,tags

Environment Variables:
PATH=C:\instantclient_23_4;C:\Windows\system32;C:\Windows;C:\Windows\System32\Wbem;C:\Windows\System32\WindowsPowerShell\v1.0\;C:\Windows\System32\OpenSSH\;C:\Program Files\nodejs\;D:\jdk-22_windows-x64_bin\jdk-22.0.1\bin;D:\apache-maven-3.9.8-bin\apache-maven-3.9.8\bin;C:\Program Files\Git\bin;C:\Program Files\Git\cmd;C:\src\flutter\;C:\Program Files\Microsoft SQL Server\150\Tools\Binn\;C:\Program Files\Microsoft SQL Server\Client SDK\ODBC\170\Tools\Binn\;C:\Program Files\dotnet\;C:\Program Files (x86)\Windows Kits\10\Windows Performance Toolkit\;C:\instantclient_23_4;C:\instantclient_23_4;C:\Windows\system32;C:\Windows;C:\Windows\System32\Wbem;C:\Windows\System32\WindowsPowerShell\v1.0\;C:\Windows\System32\OpenSSH\;C:\Program Files\nodejs\;C:\Program Files\Vagrant\bin;D:\jdk-22_windows-x64_bin\jdk-22.0.1\bin;D:\apache-maven-3.9.8-bin\apache-maven-3.9.8\bin;C:\instantclient_23_4;C:\Program Files\Git\bin;C:\Program Files\Git\cmd;C:\src\flutter\;C:\Program Files\Microsoft SQL Server\150\Tools\Binn\;C:\Program Files\Microsoft SQL Server\Client SDK\ODBC\170\Tools\Binn\;C:\Program Files\dotnet\;C:\Program Files (x86)\Windows Kits\10\Windows Performance Toolkit\;C:\Users\Haythem\AppData\Local\Microsoft\WindowsApps;C:\Users\Haythem\AppData\Local\Programs\Microsoft VS Code\bin;C:\flutter\bin;C:\Users\Haythem\AppData\Roaming\npm;D:\altera\13.1\modelsim_ase\win32aloem;D:\intelFPGA\20.1\modelsim_ase\win32aloem;C:\Users\Haythem\AppData\Local\Android\Sdk\emulator;C:\src\flutter\bin;C:\Users\Haythem\.dotnet\tools
USERNAME=Haythem
OS=Windows_NT
PROCESSOR_IDENTIFIER=Intel64 Family 6 Model 142 Stepping 12, GenuineIntel
TMP=C:\Users\Haythem\AppData\Local\Temp
TEMP=C:\Users\Haythem\AppData\Local\Temp



Periodic native trim disabled


---------------  S Y S T E M  ---------------

OS:
 Windows 11 , 64 bit Build 22621 (10.0.22621.3958)
OS uptime: 0 days 0:48 hours
Hyper-V role detected

CPU: total 8 (initial active 8) (4 cores per cpu, 2 threads per core) family 6 model 142 stepping 12 microcode 0xec, cx8, cmov, fxsr, ht, mmx, 3dnowpref, sse, sse2, sse3, ssse3, sse4.1, sse4.2, popcnt, lzcnt, tsc, tscinvbit, avx, avx2, aes, erms, clmul, bmi1, bmi2, adx, fma, vzeroupper, clflush, clflushopt, hv
Processor Information for all 8 processors :
  Max Mhz: 2112, Current Mhz: 1609, Mhz Limit: 1605

Memory: 4k page, system-wide physical 12121M (2425M free)
TotalPageFile size 12121M (AvailPageFile size 13M)
current process WorkingSet (physical memory assigned to process): 206M, peak: 213M
current process commit charge ("private bytes"): 245M, peak: 328M

vm_info: OpenJDK 64-Bit Server VM (17.0.12+7) for windows-amd64 JRE (17.0.12+7), built on Jul 16 2024 22:08:24 by "admin" with MS VC++ 16.10 / 16.11 (VS2019)

END.
